ARM GAS  C:\Users\Ramon\AppData\Local\Temp\ccEZnADC.s 			page 1


   1              		.syntax unified
   2              		.cpu cortex-m0plus
   3              		.fpu softvfp
   4              		.eabi_attribute 20, 1
   5              		.eabi_attribute 21, 1
   6              		.eabi_attribute 23, 3
   7              		.eabi_attribute 24, 1
   8              		.eabi_attribute 25, 1
   9              		.eabi_attribute 26, 1
  10              		.eabi_attribute 30, 1
  11              		.eabi_attribute 34, 0
  12              		.eabi_attribute 18, 4
  13              		.thumb
  14              		.syntax unified
  15              		.file	"DETECTOR_ADC_INIT.c"
  16              		.text
  17              	.Ltext0:
  18              		.cfi_sections	.debug_frame
  19              		.global	DETECTOR_ADC_allConfigs
  20              		.section	.rodata
  21              		.align	2
  22              		.type	DETECTOR_ADC_allConfigs, %object
  23              		.size	DETECTOR_ADC_allConfigs, 16
  24              	DETECTOR_ADC_allConfigs:
  25 0000 00000000 		.word	0
  26 0004 03000000 		.word	3
  27 0008 10000000 		.word	DETECTOR_ADC_hwConfigs
  28 000c 00000000 		.word	0
  29              		.type	DETECTOR_ADC_hwConfigs, %object
  30              		.size	DETECTOR_ADC_hwConfigs, 120
  31              	DETECTOR_ADC_hwConfigs:
  32 0010 72EE2013 		.word	320925298
  33 0014 98000290 		.word	-1878916968
  34 0018 03000200 		.word	131075
  35 001c 02000200 		.word	131074
  36 0020 0002000E 		.word	234881536
  37 0024 00       		.byte	0
  38 0025 000000   		.space	3
  39 0028 07000000 		.word	7
  40 002c 03000000 		.word	3
  41 0030 04000000 		.word	4
  42 0034 05000000 		.word	5
  43 0038 00000000 		.word	0
  44 003c 00000000 		.word	0
  45 0040 00000000 		.word	0
  46 0044 00000000 		.word	0
  47 0048 00000000 		.word	0
  48 004c 00000000 		.word	0
  49 0050 00000000 		.word	0
  50 0054 00000000 		.word	0
  51 0058 00000000 		.word	0
  52 005c 00000000 		.word	0
  53 0060 00000000 		.word	0
  54 0064 00000000 		.word	0
  55 0068 00000000 		.word	0
  56 006c 01000000 		.word	1
  57 0070 00000000 		.word	0
ARM GAS  C:\Users\Ramon\AppData\Local\Temp\ccEZnADC.s 			page 2


  58 0074 00000000 		.word	0
  59 0078 00000000 		.word	0
  60 007c 00000000 		.word	0
  61 0080 00       		.byte	0
  62 0081 000000   		.space	3
  63 0084 E40C0000 		.word	3300
  64              		.text
  65              	.Letext0:
  66              		.file 1 "c:\\program files (x86)\\cypress\\psoc creator\\4.4\\psoc creator\\import\\gnu\\arm\\5.4.
  67              		.file 2 "c:\\program files (x86)\\cypress\\psoc creator\\4.4\\psoc creator\\import\\gnu\\arm\\5.4.
  68              		.file 3 "Generated_Source\\PSoC6\\pdl\\drivers/peripheral/device/cy_device.h"
  69              		.file 4 "Generated_Source\\PSoC6\\pdl\\drivers/peripheral/syslib/cy_syslib.h"
  70              		.file 5 "Generated_Source\\PSoC6\\pdl\\drivers/peripheral/sar/cy_sar.h"
  71              		.file 6 "Generated_Source\\PSoC6\\DETECTOR_ADC.h"
  72              		.file 7 "Generated_Source\\PSoC6\\DETECTOR_ADC_INIT.c"
  73              		.section	.debug_info,"",%progbits
  74              	.Ldebug_info0:
  75 0000 E7060000 		.4byte	0x6e7
  76 0004 0400     		.2byte	0x4
  77 0006 00000000 		.4byte	.Ldebug_abbrev0
  78 000a 04       		.byte	0x4
  79 000b 01       		.uleb128 0x1
  80 000c D6060000 		.4byte	.LASF140
  81 0010 0C       		.byte	0xc
  82 0011 36080000 		.4byte	.LASF141
  83 0015 F0050000 		.4byte	.LASF142
  84 0019 00000000 		.4byte	.Ldebug_line0
  85 001d 02       		.uleb128 0x2
  86 001e 02       		.byte	0x2
  87 001f 05       		.byte	0x5
  88 0020 60060000 		.4byte	.LASF0
  89 0024 02       		.uleb128 0x2
  90 0025 01       		.byte	0x1
  91 0026 08       		.byte	0x8
  92 0027 3B060000 		.4byte	.LASF1
  93 002b 02       		.uleb128 0x2
  94 002c 01       		.byte	0x1
  95 002d 06       		.byte	0x6
  96 002e 81010000 		.4byte	.LASF2
  97 0032 03       		.uleb128 0x3
  98 0033 99000000 		.4byte	.LASF3
  99 0037 01       		.byte	0x1
 100 0038 1D       		.byte	0x1d
 101 0039 24000000 		.4byte	0x24
 102 003d 03       		.uleb128 0x3
 103 003e 21030000 		.4byte	.LASF4
 104 0042 01       		.byte	0x1
 105 0043 29       		.byte	0x29
 106 0044 1D000000 		.4byte	0x1d
 107 0048 03       		.uleb128 0x3
 108 0049 93070000 		.4byte	.LASF5
 109 004d 01       		.byte	0x1
 110 004e 2B       		.byte	0x2b
 111 004f 53000000 		.4byte	0x53
 112 0053 02       		.uleb128 0x2
 113 0054 02       		.byte	0x2
 114 0055 07       		.byte	0x7
ARM GAS  C:\Users\Ramon\AppData\Local\Temp\ccEZnADC.s 			page 3


 115 0056 C1020000 		.4byte	.LASF6
 116 005a 02       		.uleb128 0x2
 117 005b 04       		.byte	0x4
 118 005c 05       		.byte	0x5
 119 005d 39020000 		.4byte	.LASF7
 120 0061 03       		.uleb128 0x3
 121 0062 FA020000 		.4byte	.LASF8
 122 0066 01       		.byte	0x1
 123 0067 41       		.byte	0x41
 124 0068 6C000000 		.4byte	0x6c
 125 006c 02       		.uleb128 0x2
 126 006d 04       		.byte	0x4
 127 006e 07       		.byte	0x7
 128 006f 88030000 		.4byte	.LASF9
 129 0073 02       		.uleb128 0x2
 130 0074 08       		.byte	0x8
 131 0075 05       		.byte	0x5
 132 0076 73010000 		.4byte	.LASF10
 133 007a 02       		.uleb128 0x2
 134 007b 08       		.byte	0x8
 135 007c 07       		.byte	0x7
 136 007d F4000000 		.4byte	.LASF11
 137 0081 04       		.uleb128 0x4
 138 0082 04       		.byte	0x4
 139 0083 05       		.byte	0x5
 140 0084 696E7400 		.ascii	"int\000"
 141 0088 02       		.uleb128 0x2
 142 0089 04       		.byte	0x4
 143 008a 07       		.byte	0x7
 144 008b 60030000 		.4byte	.LASF12
 145 008f 03       		.uleb128 0x3
 146 0090 7C080000 		.4byte	.LASF13
 147 0094 02       		.byte	0x2
 148 0095 18       		.byte	0x18
 149 0096 32000000 		.4byte	0x32
 150 009a 03       		.uleb128 0x3
 151 009b 57010000 		.4byte	.LASF14
 152 009f 02       		.byte	0x2
 153 00a0 20       		.byte	0x20
 154 00a1 3D000000 		.4byte	0x3d
 155 00a5 03       		.uleb128 0x3
 156 00a6 6D030000 		.4byte	.LASF15
 157 00aa 02       		.byte	0x2
 158 00ab 24       		.byte	0x24
 159 00ac 48000000 		.4byte	0x48
 160 00b0 03       		.uleb128 0x3
 161 00b1 C1060000 		.4byte	.LASF16
 162 00b5 02       		.byte	0x2
 163 00b6 30       		.byte	0x30
 164 00b7 61000000 		.4byte	0x61
 165 00bb 02       		.uleb128 0x2
 166 00bc 04       		.byte	0x4
 167 00bd 07       		.byte	0x7
 168 00be E3040000 		.4byte	.LASF17
 169 00c2 02       		.uleb128 0x2
 170 00c3 08       		.byte	0x8
 171 00c4 04       		.byte	0x4
ARM GAS  C:\Users\Ramon\AppData\Local\Temp\ccEZnADC.s 			page 4


 172 00c5 68070000 		.4byte	.LASF18
 173 00c9 05       		.uleb128 0x5
 174 00ca B8       		.byte	0xb8
 175 00cb 03       		.byte	0x3
 176 00cc 34       		.byte	0x34
 177 00cd DA040000 		.4byte	0x4da
 178 00d1 06       		.uleb128 0x6
 179 00d2 DB000000 		.4byte	.LASF19
 180 00d6 03       		.byte	0x3
 181 00d7 37       		.byte	0x37
 182 00d8 B0000000 		.4byte	0xb0
 183 00dc 00       		.byte	0
 184 00dd 06       		.uleb128 0x6
 185 00de EF020000 		.4byte	.LASF20
 186 00e2 03       		.byte	0x3
 187 00e3 38       		.byte	0x38
 188 00e4 B0000000 		.4byte	0xb0
 189 00e8 04       		.byte	0x4
 190 00e9 06       		.uleb128 0x6
 191 00ea 50020000 		.4byte	.LASF21
 192 00ee 03       		.byte	0x3
 193 00ef 39       		.byte	0x39
 194 00f0 B0000000 		.4byte	0xb0
 195 00f4 08       		.byte	0x8
 196 00f5 06       		.uleb128 0x6
 197 00f6 E8050000 		.4byte	.LASF22
 198 00fa 03       		.byte	0x3
 199 00fb 3A       		.byte	0x3a
 200 00fc B0000000 		.4byte	0xb0
 201 0100 0C       		.byte	0xc
 202 0101 06       		.uleb128 0x6
 203 0102 C5010000 		.4byte	.LASF23
 204 0106 03       		.byte	0x3
 205 0107 3B       		.byte	0x3b
 206 0108 B0000000 		.4byte	0xb0
 207 010c 10       		.byte	0x10
 208 010d 06       		.uleb128 0x6
 209 010e EE010000 		.4byte	.LASF24
 210 0112 03       		.byte	0x3
 211 0113 3C       		.byte	0x3c
 212 0114 B0000000 		.4byte	0xb0
 213 0118 14       		.byte	0x14
 214 0119 06       		.uleb128 0x6
 215 011a A5030000 		.4byte	.LASF25
 216 011e 03       		.byte	0x3
 217 011f 3D       		.byte	0x3d
 218 0120 B0000000 		.4byte	0xb0
 219 0124 18       		.byte	0x18
 220 0125 06       		.uleb128 0x6
 221 0126 82000000 		.4byte	.LASF26
 222 012a 03       		.byte	0x3
 223 012b 3E       		.byte	0x3e
 224 012c B0000000 		.4byte	0xb0
 225 0130 1C       		.byte	0x1c
 226 0131 06       		.uleb128 0x6
 227 0132 07090000 		.4byte	.LASF27
 228 0136 03       		.byte	0x3
ARM GAS  C:\Users\Ramon\AppData\Local\Temp\ccEZnADC.s 			page 5


 229 0137 3F       		.byte	0x3f
 230 0138 B0000000 		.4byte	0xb0
 231 013c 20       		.byte	0x20
 232 013d 06       		.uleb128 0x6
 233 013e 72050000 		.4byte	.LASF28
 234 0142 03       		.byte	0x3
 235 0143 40       		.byte	0x40
 236 0144 B0000000 		.4byte	0xb0
 237 0148 24       		.byte	0x24
 238 0149 06       		.uleb128 0x6
 239 014a B5040000 		.4byte	.LASF29
 240 014e 03       		.byte	0x3
 241 014f 43       		.byte	0x43
 242 0150 8F000000 		.4byte	0x8f
 243 0154 28       		.byte	0x28
 244 0155 06       		.uleb128 0x6
 245 0156 68000000 		.4byte	.LASF30
 246 015a 03       		.byte	0x3
 247 015b 44       		.byte	0x44
 248 015c 8F000000 		.4byte	0x8f
 249 0160 29       		.byte	0x29
 250 0161 06       		.uleb128 0x6
 251 0162 FD080000 		.4byte	.LASF31
 252 0166 03       		.byte	0x3
 253 0167 45       		.byte	0x45
 254 0168 8F000000 		.4byte	0x8f
 255 016c 2A       		.byte	0x2a
 256 016d 06       		.uleb128 0x6
 257 016e 64050000 		.4byte	.LASF32
 258 0172 03       		.byte	0x3
 259 0173 46       		.byte	0x46
 260 0174 8F000000 		.4byte	0x8f
 261 0178 2B       		.byte	0x2b
 262 0179 06       		.uleb128 0x6
 263 017a 28040000 		.4byte	.LASF33
 264 017e 03       		.byte	0x3
 265 017f 47       		.byte	0x47
 266 0180 8F000000 		.4byte	0x8f
 267 0184 2C       		.byte	0x2c
 268 0185 06       		.uleb128 0x6
 269 0186 B1070000 		.4byte	.LASF34
 270 018a 03       		.byte	0x3
 271 018b 48       		.byte	0x48
 272 018c 8F000000 		.4byte	0x8f
 273 0190 2D       		.byte	0x2d
 274 0191 06       		.uleb128 0x6
 275 0192 CE010000 		.4byte	.LASF35
 276 0196 03       		.byte	0x3
 277 0197 49       		.byte	0x49
 278 0198 8F000000 		.4byte	0x8f
 279 019c 2E       		.byte	0x2e
 280 019d 06       		.uleb128 0x6
 281 019e C2040000 		.4byte	.LASF36
 282 01a2 03       		.byte	0x3
 283 01a3 4A       		.byte	0x4a
 284 01a4 8F000000 		.4byte	0x8f
 285 01a8 2F       		.byte	0x2f
ARM GAS  C:\Users\Ramon\AppData\Local\Temp\ccEZnADC.s 			page 6


 286 01a9 06       		.uleb128 0x6
 287 01aa 79070000 		.4byte	.LASF37
 288 01ae 03       		.byte	0x3
 289 01af 4B       		.byte	0x4b
 290 01b0 8F000000 		.4byte	0x8f
 291 01b4 30       		.byte	0x30
 292 01b5 06       		.uleb128 0x6
 293 01b6 9A030000 		.4byte	.LASF38
 294 01ba 03       		.byte	0x3
 295 01bb 4E       		.byte	0x4e
 296 01bc 8F000000 		.4byte	0x8f
 297 01c0 31       		.byte	0x31
 298 01c1 06       		.uleb128 0x6
 299 01c2 8B000000 		.4byte	.LASF39
 300 01c6 03       		.byte	0x3
 301 01c7 4F       		.byte	0x4f
 302 01c8 8F000000 		.4byte	0x8f
 303 01cc 32       		.byte	0x32
 304 01cd 06       		.uleb128 0x6
 305 01ce 54030000 		.4byte	.LASF40
 306 01d2 03       		.byte	0x3
 307 01d3 50       		.byte	0x50
 308 01d4 8F000000 		.4byte	0x8f
 309 01d8 33       		.byte	0x33
 310 01d9 06       		.uleb128 0x6
 311 01da F7040000 		.4byte	.LASF41
 312 01de 03       		.byte	0x3
 313 01df 51       		.byte	0x51
 314 01e0 8F000000 		.4byte	0x8f
 315 01e4 34       		.byte	0x34
 316 01e5 06       		.uleb128 0x6
 317 01e6 F9070000 		.4byte	.LASF42
 318 01ea 03       		.byte	0x3
 319 01eb 52       		.byte	0x52
 320 01ec 9A000000 		.4byte	0x9a
 321 01f0 36       		.byte	0x36
 322 01f1 06       		.uleb128 0x6
 323 01f2 82020000 		.4byte	.LASF43
 324 01f6 03       		.byte	0x3
 325 01f7 53       		.byte	0x53
 326 01f8 9A000000 		.4byte	0x9a
 327 01fc 38       		.byte	0x38
 328 01fd 06       		.uleb128 0x6
 329 01fe 21080000 		.4byte	.LASF44
 330 0202 03       		.byte	0x3
 331 0203 54       		.byte	0x54
 332 0204 9A000000 		.4byte	0x9a
 333 0208 3A       		.byte	0x3a
 334 0209 06       		.uleb128 0x6
 335 020a DE080000 		.4byte	.LASF45
 336 020e 03       		.byte	0x3
 337 020f 55       		.byte	0x55
 338 0210 8F000000 		.4byte	0x8f
 339 0214 3C       		.byte	0x3c
 340 0215 06       		.uleb128 0x6
 341 0216 A9020000 		.4byte	.LASF46
 342 021a 03       		.byte	0x3
ARM GAS  C:\Users\Ramon\AppData\Local\Temp\ccEZnADC.s 			page 7


 343 021b 56       		.byte	0x56
 344 021c 8F000000 		.4byte	0x8f
 345 0220 3D       		.byte	0x3d
 346 0221 06       		.uleb128 0x6
 347 0222 91060000 		.4byte	.LASF47
 348 0226 03       		.byte	0x3
 349 0227 57       		.byte	0x57
 350 0228 8F000000 		.4byte	0x8f
 351 022c 3E       		.byte	0x3e
 352 022d 06       		.uleb128 0x6
 353 022e 76000000 		.4byte	.LASF48
 354 0232 03       		.byte	0x3
 355 0233 58       		.byte	0x58
 356 0234 8F000000 		.4byte	0x8f
 357 0238 3F       		.byte	0x3f
 358 0239 06       		.uleb128 0x6
 359 023a 7D050000 		.4byte	.LASF49
 360 023e 03       		.byte	0x3
 361 023f 59       		.byte	0x59
 362 0240 8F000000 		.4byte	0x8f
 363 0244 40       		.byte	0x40
 364 0245 06       		.uleb128 0x6
 365 0246 05030000 		.4byte	.LASF50
 366 024a 03       		.byte	0x3
 367 024b 5A       		.byte	0x5a
 368 024c 8F000000 		.4byte	0x8f
 369 0250 41       		.byte	0x41
 370 0251 06       		.uleb128 0x6
 371 0252 67040000 		.4byte	.LASF51
 372 0256 03       		.byte	0x3
 373 0257 5B       		.byte	0x5b
 374 0258 8F000000 		.4byte	0x8f
 375 025c 42       		.byte	0x42
 376 025d 06       		.uleb128 0x6
 377 025e 59050000 		.4byte	.LASF52
 378 0262 03       		.byte	0x3
 379 0263 5C       		.byte	0x5c
 380 0264 8F000000 		.4byte	0x8f
 381 0268 43       		.byte	0x43
 382 0269 06       		.uleb128 0x6
 383 026a 59020000 		.4byte	.LASF53
 384 026e 03       		.byte	0x3
 385 026f 5D       		.byte	0x5d
 386 0270 8F000000 		.4byte	0x8f
 387 0274 44       		.byte	0x44
 388 0275 06       		.uleb128 0x6
 389 0276 00000000 		.4byte	.LASF54
 390 027a 03       		.byte	0x3
 391 027b 5E       		.byte	0x5e
 392 027c B0000000 		.4byte	0xb0
 393 0280 48       		.byte	0x48
 394 0281 06       		.uleb128 0x6
 395 0282 42020000 		.4byte	.LASF55
 396 0286 03       		.byte	0x3
 397 0287 5F       		.byte	0x5f
 398 0288 B0000000 		.4byte	0xb0
 399 028c 4C       		.byte	0x4c
ARM GAS  C:\Users\Ramon\AppData\Local\Temp\ccEZnADC.s 			page 8


 400 028d 06       		.uleb128 0x6
 401 028e 37090000 		.4byte	.LASF56
 402 0292 03       		.byte	0x3
 403 0293 60       		.byte	0x60
 404 0294 8F000000 		.4byte	0x8f
 405 0298 50       		.byte	0x50
 406 0299 06       		.uleb128 0x6
 407 029a 31010000 		.4byte	.LASF57
 408 029e 03       		.byte	0x3
 409 029f 61       		.byte	0x61
 410 02a0 8F000000 		.4byte	0x8f
 411 02a4 51       		.byte	0x51
 412 02a5 06       		.uleb128 0x6
 413 02a6 61080000 		.4byte	.LASF58
 414 02aa 03       		.byte	0x3
 415 02ab 62       		.byte	0x62
 416 02ac 8F000000 		.4byte	0x8f
 417 02b0 52       		.byte	0x52
 418 02b1 06       		.uleb128 0x6
 419 02b2 25090000 		.4byte	.LASF59
 420 02b6 03       		.byte	0x3
 421 02b7 63       		.byte	0x63
 422 02b8 8F000000 		.4byte	0x8f
 423 02bc 53       		.byte	0x53
 424 02bd 06       		.uleb128 0x6
 425 02be 9F060000 		.4byte	.LASF60
 426 02c2 03       		.byte	0x3
 427 02c3 64       		.byte	0x64
 428 02c4 8F000000 		.4byte	0x8f
 429 02c8 54       		.byte	0x54
 430 02c9 06       		.uleb128 0x6
 431 02ca 43010000 		.4byte	.LASF61
 432 02ce 03       		.byte	0x3
 433 02cf 65       		.byte	0x65
 434 02d0 8F000000 		.4byte	0x8f
 435 02d4 55       		.byte	0x55
 436 02d5 06       		.uleb128 0x6
 437 02d6 C3070000 		.4byte	.LASF62
 438 02da 03       		.byte	0x3
 439 02db 66       		.byte	0x66
 440 02dc 8F000000 		.4byte	0x8f
 441 02e0 56       		.byte	0x56
 442 02e1 06       		.uleb128 0x6
 443 02e2 C6030000 		.4byte	.LASF63
 444 02e6 03       		.byte	0x3
 445 02e7 67       		.byte	0x67
 446 02e8 8F000000 		.4byte	0x8f
 447 02ec 57       		.byte	0x57
 448 02ed 06       		.uleb128 0x6
 449 02ee 12000000 		.4byte	.LASF64
 450 02f2 03       		.byte	0x3
 451 02f3 68       		.byte	0x68
 452 02f4 8F000000 		.4byte	0x8f
 453 02f8 58       		.byte	0x58
 454 02f9 06       		.uleb128 0x6
 455 02fa 8A050000 		.4byte	.LASF65
 456 02fe 03       		.byte	0x3
ARM GAS  C:\Users\Ramon\AppData\Local\Temp\ccEZnADC.s 			page 9


 457 02ff 69       		.byte	0x69
 458 0300 8F000000 		.4byte	0x8f
 459 0304 59       		.byte	0x59
 460 0305 06       		.uleb128 0x6
 461 0306 EC040000 		.4byte	.LASF66
 462 030a 03       		.byte	0x3
 463 030b 6E       		.byte	0x6e
 464 030c A5000000 		.4byte	0xa5
 465 0310 5A       		.byte	0x5a
 466 0311 06       		.uleb128 0x6
 467 0312 E2070000 		.4byte	.LASF67
 468 0316 03       		.byte	0x3
 469 0317 6F       		.byte	0x6f
 470 0318 A5000000 		.4byte	0xa5
 471 031c 5C       		.byte	0x5c
 472 031d 06       		.uleb128 0x6
 473 031e E5000000 		.4byte	.LASF68
 474 0322 03       		.byte	0x3
 475 0323 70       		.byte	0x70
 476 0324 8F000000 		.4byte	0x8f
 477 0328 5E       		.byte	0x5e
 478 0329 06       		.uleb128 0x6
 479 032a CB050000 		.4byte	.LASF69
 480 032e 03       		.byte	0x3
 481 032f 71       		.byte	0x71
 482 0330 8F000000 		.4byte	0x8f
 483 0334 5F       		.byte	0x5f
 484 0335 06       		.uleb128 0x6
 485 0336 48050000 		.4byte	.LASF70
 486 033a 03       		.byte	0x3
 487 033b 72       		.byte	0x72
 488 033c 8F000000 		.4byte	0x8f
 489 0340 60       		.byte	0x60
 490 0341 06       		.uleb128 0x6
 491 0342 A4050000 		.4byte	.LASF71
 492 0346 03       		.byte	0x3
 493 0347 73       		.byte	0x73
 494 0348 B0000000 		.4byte	0xb0
 495 034c 64       		.byte	0x64
 496 034d 06       		.uleb128 0x6
 497 034e 0B010000 		.4byte	.LASF72
 498 0352 03       		.byte	0x3
 499 0353 76       		.byte	0x76
 500 0354 A5000000 		.4byte	0xa5
 501 0358 68       		.byte	0x68
 502 0359 06       		.uleb128 0x6
 503 035a 76030000 		.4byte	.LASF73
 504 035e 03       		.byte	0x3
 505 035f 77       		.byte	0x77
 506 0360 A5000000 		.4byte	0xa5
 507 0364 6A       		.byte	0x6a
 508 0365 06       		.uleb128 0x6
 509 0366 DA030000 		.4byte	.LASF74
 510 036a 03       		.byte	0x3
 511 036b 78       		.byte	0x78
 512 036c A5000000 		.4byte	0xa5
 513 0370 6C       		.byte	0x6c
ARM GAS  C:\Users\Ramon\AppData\Local\Temp\ccEZnADC.s 			page 10


 514 0371 06       		.uleb128 0x6
 515 0372 02040000 		.4byte	.LASF75
 516 0376 03       		.byte	0x3
 517 0377 79       		.byte	0x79
 518 0378 A5000000 		.4byte	0xa5
 519 037c 6E       		.byte	0x6e
 520 037d 06       		.uleb128 0x6
 521 037e 7D060000 		.4byte	.LASF76
 522 0382 03       		.byte	0x3
 523 0383 7B       		.byte	0x7b
 524 0384 8F000000 		.4byte	0x8f
 525 0388 70       		.byte	0x70
 526 0389 06       		.uleb128 0x6
 527 038a 8D010000 		.4byte	.LASF77
 528 038e 03       		.byte	0x3
 529 038f 7C       		.byte	0x7c
 530 0390 8F000000 		.4byte	0x8f
 531 0394 71       		.byte	0x71
 532 0395 06       		.uleb128 0x6
 533 0396 0F090000 		.4byte	.LASF78
 534 039a 03       		.byte	0x3
 535 039b 7D       		.byte	0x7d
 536 039c 8F000000 		.4byte	0x8f
 537 03a0 72       		.byte	0x72
 538 03a1 06       		.uleb128 0x6
 539 03a2 15050000 		.4byte	.LASF79
 540 03a6 03       		.byte	0x3
 541 03a7 7E       		.byte	0x7e
 542 03a8 8F000000 		.4byte	0x8f
 543 03ac 73       		.byte	0x73
 544 03ad 06       		.uleb128 0x6
 545 03ae AF060000 		.4byte	.LASF80
 546 03b2 03       		.byte	0x3
 547 03b3 80       		.byte	0x80
 548 03b4 A5000000 		.4byte	0xa5
 549 03b8 74       		.byte	0x74
 550 03b9 06       		.uleb128 0x6
 551 03ba 9E070000 		.4byte	.LASF81
 552 03be 03       		.byte	0x3
 553 03bf 81       		.byte	0x81
 554 03c0 A5000000 		.4byte	0xa5
 555 03c4 76       		.byte	0x76
 556 03c5 06       		.uleb128 0x6
 557 03c6 94020000 		.4byte	.LASF82
 558 03ca 03       		.byte	0x3
 559 03cb 82       		.byte	0x82
 560 03cc A5000000 		.4byte	0xa5
 561 03d0 78       		.byte	0x78
 562 03d1 06       		.uleb128 0x6
 563 03d2 AF000000 		.4byte	.LASF83
 564 03d6 03       		.byte	0x3
 565 03d7 83       		.byte	0x83
 566 03d8 A5000000 		.4byte	0xa5
 567 03dc 7A       		.byte	0x7a
 568 03dd 06       		.uleb128 0x6
 569 03de 99080000 		.4byte	.LASF84
 570 03e2 03       		.byte	0x3
ARM GAS  C:\Users\Ramon\AppData\Local\Temp\ccEZnADC.s 			page 11


 571 03e3 86       		.byte	0x86
 572 03e4 8F000000 		.4byte	0x8f
 573 03e8 7C       		.byte	0x7c
 574 03e9 06       		.uleb128 0x6
 575 03ea 06080000 		.4byte	.LASF85
 576 03ee 03       		.byte	0x3
 577 03ef 87       		.byte	0x87
 578 03f0 8F000000 		.4byte	0x8f
 579 03f4 7D       		.byte	0x7d
 580 03f5 06       		.uleb128 0x6
 581 03f6 26000000 		.4byte	.LASF86
 582 03fa 03       		.byte	0x3
 583 03fb 88       		.byte	0x88
 584 03fc 8F000000 		.4byte	0x8f
 585 0400 7E       		.byte	0x7e
 586 0401 06       		.uleb128 0x6
 587 0402 DB020000 		.4byte	.LASF87
 588 0406 03       		.byte	0x3
 589 0407 89       		.byte	0x89
 590 0408 8F000000 		.4byte	0x8f
 591 040c 7F       		.byte	0x7f
 592 040d 06       		.uleb128 0x6
 593 040e 40030000 		.4byte	.LASF88
 594 0412 03       		.byte	0x3
 595 0413 8A       		.byte	0x8a
 596 0414 8F000000 		.4byte	0x8f
 597 0418 80       		.byte	0x80
 598 0419 06       		.uleb128 0x6
 599 041a 9E040000 		.4byte	.LASF89
 600 041e 03       		.byte	0x3
 601 041f 8D       		.byte	0x8d
 602 0420 B0000000 		.4byte	0xb0
 603 0424 84       		.byte	0x84
 604 0425 06       		.uleb128 0x6
 605 0426 C4000000 		.4byte	.LASF90
 606 042a 03       		.byte	0x3
 607 042b 8E       		.byte	0x8e
 608 042c B0000000 		.4byte	0xb0
 609 0430 88       		.byte	0x88
 610 0431 06       		.uleb128 0x6
 611 0432 84080000 		.4byte	.LASF91
 612 0436 03       		.byte	0x3
 613 0437 8F       		.byte	0x8f
 614 0438 B0000000 		.4byte	0xb0
 615 043c 8C       		.byte	0x8c
 616 043d 06       		.uleb128 0x6
 617 043e CE040000 		.4byte	.LASF92
 618 0442 03       		.byte	0x3
 619 0443 90       		.byte	0x90
 620 0444 B0000000 		.4byte	0xb0
 621 0448 90       		.byte	0x90
 622 0449 06       		.uleb128 0x6
 623 044a 2B030000 		.4byte	.LASF93
 624 044e 03       		.byte	0x3
 625 044f 91       		.byte	0x91
 626 0450 B0000000 		.4byte	0xb0
 627 0454 94       		.byte	0x94
ARM GAS  C:\Users\Ramon\AppData\Local\Temp\ccEZnADC.s 			page 12


 628 0455 06       		.uleb128 0x6
 629 0456 88040000 		.4byte	.LASF94
 630 045a 03       		.byte	0x3
 631 045b 92       		.byte	0x92
 632 045c B0000000 		.4byte	0xb0
 633 0460 98       		.byte	0x98
 634 0461 06       		.uleb128 0x6
 635 0462 C8080000 		.4byte	.LASF95
 636 0466 03       		.byte	0x3
 637 0467 93       		.byte	0x93
 638 0468 B0000000 		.4byte	0xb0
 639 046c 9C       		.byte	0x9c
 640 046d 06       		.uleb128 0x6
 641 046e 1B010000 		.4byte	.LASF96
 642 0472 03       		.byte	0x3
 643 0473 94       		.byte	0x94
 644 0474 B0000000 		.4byte	0xb0
 645 0478 A0       		.byte	0xa0
 646 0479 06       		.uleb128 0x6
 647 047a D9010000 		.4byte	.LASF97
 648 047e 03       		.byte	0x3
 649 047f 95       		.byte	0x95
 650 0480 A5000000 		.4byte	0xa5
 651 0484 A4       		.byte	0xa4
 652 0485 06       		.uleb128 0x6
 653 0486 73040000 		.4byte	.LASF98
 654 048a 03       		.byte	0x3
 655 048b 96       		.byte	0x96
 656 048c A5000000 		.4byte	0xa5
 657 0490 A6       		.byte	0xa6
 658 0491 06       		.uleb128 0x6
 659 0492 BF050000 		.4byte	.LASF99
 660 0496 03       		.byte	0x3
 661 0497 97       		.byte	0x97
 662 0498 A5000000 		.4byte	0xa5
 663 049c A8       		.byte	0xa8
 664 049d 06       		.uleb128 0x6
 665 049e 85070000 		.4byte	.LASF100
 666 04a2 03       		.byte	0x3
 667 04a3 98       		.byte	0x98
 668 04a4 A5000000 		.4byte	0xa5
 669 04a8 AA       		.byte	0xaa
 670 04a9 06       		.uleb128 0x6
 671 04aa E9030000 		.4byte	.LASF101
 672 04ae 03       		.byte	0x3
 673 04af 99       		.byte	0x99
 674 04b0 A5000000 		.4byte	0xa5
 675 04b4 AC       		.byte	0xac
 676 04b5 06       		.uleb128 0x6
 677 04b6 2C050000 		.4byte	.LASF102
 678 04ba 03       		.byte	0x3
 679 04bb 9A       		.byte	0x9a
 680 04bc A5000000 		.4byte	0xa5
 681 04c0 AE       		.byte	0xae
 682 04c1 06       		.uleb128 0x6
 683 04c2 EB070000 		.4byte	.LASF103
 684 04c6 03       		.byte	0x3
ARM GAS  C:\Users\Ramon\AppData\Local\Temp\ccEZnADC.s 			page 13


 685 04c7 9D       		.byte	0x9d
 686 04c8 A5000000 		.4byte	0xa5
 687 04cc B0       		.byte	0xb0
 688 04cd 06       		.uleb128 0x6
 689 04ce 54000000 		.4byte	.LASF104
 690 04d2 03       		.byte	0x3
 691 04d3 9E       		.byte	0x9e
 692 04d4 B0000000 		.4byte	0xb0
 693 04d8 B4       		.byte	0xb4
 694 04d9 00       		.byte	0
 695 04da 03       		.uleb128 0x3
 696 04db 40040000 		.4byte	.LASF105
 697 04df 03       		.byte	0x3
 698 04e0 9F       		.byte	0x9f
 699 04e1 C9000000 		.4byte	0xc9
 700 04e5 02       		.uleb128 0x2
 701 04e6 01       		.byte	0x1
 702 04e7 08       		.byte	0x8
 703 04e8 74070000 		.4byte	.LASF106
 704 04ec 02       		.uleb128 0x2
 705 04ed 04       		.byte	0x4
 706 04ee 04       		.byte	0x4
 707 04ef 9E050000 		.4byte	.LASF107
 708 04f3 02       		.uleb128 0x2
 709 04f4 08       		.byte	0x8
 710 04f5 04       		.byte	0x4
 711 04f6 8D020000 		.4byte	.LASF108
 712 04fa 07       		.uleb128 0x7
 713 04fb D4020000 		.4byte	.LASF109
 714 04ff 04       		.byte	0x4
 715 0500 EC03     		.2byte	0x3ec
 716 0502 B0000000 		.4byte	0xb0
 717 0506 08       		.uleb128 0x8
 718 0507 01       		.byte	0x1
 719 0508 24000000 		.4byte	0x24
 720 050c 05       		.byte	0x5
 721 050d 1304     		.2byte	0x413
 722 050f 2C050000 		.4byte	0x52c
 723 0513 09       		.uleb128 0x9
 724 0514 06020000 		.4byte	.LASF110
 725 0518 00       		.byte	0
 726 0519 09       		.uleb128 0x9
 727 051a 0F040000 		.4byte	.LASF111
 728 051e 01       		.byte	0x1
 729 051f 09       		.uleb128 0x9
 730 0520 6A020000 		.4byte	.LASF112
 731 0524 02       		.byte	0x2
 732 0525 09       		.uleb128 0x9
 733 0526 AE080000 		.4byte	.LASF113
 734 052a 03       		.byte	0x3
 735 052b 00       		.byte	0
 736 052c 07       		.uleb128 0x7
 737 052d A2010000 		.4byte	.LASF114
 738 0531 05       		.byte	0x5
 739 0532 1804     		.2byte	0x418
 740 0534 06050000 		.4byte	0x506
 741 0538 0A       		.uleb128 0xa
ARM GAS  C:\Users\Ramon\AppData\Local\Temp\ccEZnADC.s 			page 14


 742 0539 78       		.byte	0x78
 743 053a 05       		.byte	0x5
 744 053b 0205     		.2byte	0x502
 745 053d 05060000 		.4byte	0x605
 746 0541 0B       		.uleb128 0xb
 747 0542 BE070000 		.4byte	.LASF115
 748 0546 05       		.byte	0x5
 749 0547 0405     		.2byte	0x504
 750 0549 B0000000 		.4byte	0xb0
 751 054d 00       		.byte	0
 752 054e 0B       		.uleb128 0xb
 753 054f 71080000 		.4byte	.LASF116
 754 0553 05       		.byte	0x5
 755 0554 0505     		.2byte	0x505
 756 0556 B0000000 		.4byte	0xb0
 757 055a 04       		.byte	0x4
 758 055b 0B       		.uleb128 0xb
 759 055c B4020000 		.4byte	.LASF117
 760 0560 05       		.byte	0x5
 761 0561 0605     		.2byte	0x506
 762 0563 B0000000 		.4byte	0xb0
 763 0567 08       		.byte	0x8
 764 0568 0B       		.uleb128 0xb
 765 0569 08050000 		.4byte	.LASF118
 766 056d 05       		.byte	0x5
 767 056e 0705     		.2byte	0x507
 768 0570 B0000000 		.4byte	0xb0
 769 0574 0C       		.byte	0xc
 770 0575 0B       		.uleb128 0xb
 771 0576 F7030000 		.4byte	.LASF119
 772 057a 05       		.byte	0x5
 773 057b 0805     		.2byte	0x508
 774 057d B0000000 		.4byte	0xb0
 775 0581 10       		.byte	0x10
 776 0582 0B       		.uleb128 0xb
 777 0583 17080000 		.4byte	.LASF120
 778 0587 05       		.byte	0x5
 779 0588 0905     		.2byte	0x509
 780 058a 2C050000 		.4byte	0x52c
 781 058e 14       		.byte	0x14
 782 058f 0B       		.uleb128 0xb
 783 0590 E1050000 		.4byte	.LASF121
 784 0594 05       		.byte	0x5
 785 0595 0A05     		.2byte	0x50a
 786 0597 B0000000 		.4byte	0xb0
 787 059b 18       		.byte	0x18
 788 059c 0B       		.uleb128 0xb
 789 059d 50040000 		.4byte	.LASF122
 790 05a1 05       		.byte	0x5
 791 05a2 0B05     		.2byte	0x50b
 792 05a4 05060000 		.4byte	0x605
 793 05a8 1C       		.byte	0x1c
 794 05a9 0B       		.uleb128 0xb
 795 05aa 74060000 		.4byte	.LASF123
 796 05ae 05       		.byte	0x5
 797 05af 0C05     		.2byte	0x50c
 798 05b1 B0000000 		.4byte	0xb0
ARM GAS  C:\Users\Ramon\AppData\Local\Temp\ccEZnADC.s 			page 15


 799 05b5 5C       		.byte	0x5c
 800 05b6 0B       		.uleb128 0xb
 801 05b7 A3000000 		.4byte	.LASF124
 802 05bb 05       		.byte	0x5
 803 05bc 0D05     		.2byte	0x50d
 804 05be B0000000 		.4byte	0xb0
 805 05c2 60       		.byte	0x60
 806 05c3 0B       		.uleb128 0xb
 807 05c4 F8010000 		.4byte	.LASF125
 808 05c8 05       		.byte	0x5
 809 05c9 0E05     		.2byte	0x50e
 810 05cb B0000000 		.4byte	0xb0
 811 05cf 64       		.byte	0x64
 812 05d0 0B       		.uleb128 0xb
 813 05d1 6A060000 		.4byte	.LASF126
 814 05d5 05       		.byte	0x5
 815 05d6 0F05     		.2byte	0x50f
 816 05d8 B0000000 		.4byte	0xb0
 817 05dc 68       		.byte	0x68
 818 05dd 0B       		.uleb128 0xb
 819 05de ED080000 		.4byte	.LASF127
 820 05e2 05       		.byte	0x5
 821 05e3 1005     		.2byte	0x510
 822 05e5 B0000000 		.4byte	0xb0
 823 05e9 6C       		.byte	0x6c
 824 05ea 0B       		.uleb128 0xb
 825 05eb 3A050000 		.4byte	.LASF128
 826 05ef 05       		.byte	0x5
 827 05f0 1105     		.2byte	0x511
 828 05f2 15060000 		.4byte	0x615
 829 05f6 70       		.byte	0x70
 830 05f7 0B       		.uleb128 0xb
 831 05f8 CA060000 		.4byte	.LASF129
 832 05fc 05       		.byte	0x5
 833 05fd 1205     		.2byte	0x512
 834 05ff B0000000 		.4byte	0xb0
 835 0603 74       		.byte	0x74
 836 0604 00       		.byte	0
 837 0605 0C       		.uleb128 0xc
 838 0606 B0000000 		.4byte	0xb0
 839 060a 15060000 		.4byte	0x615
 840 060e 0D       		.uleb128 0xd
 841 060f BB000000 		.4byte	0xbb
 842 0613 0F       		.byte	0xf
 843 0614 00       		.byte	0
 844 0615 02       		.uleb128 0x2
 845 0616 01       		.byte	0x1
 846 0617 02       		.byte	0x2
 847 0618 35060000 		.4byte	.LASF130
 848 061c 07       		.uleb128 0x7
 849 061d 5F010000 		.4byte	.LASF131
 850 0621 05       		.byte	0x5
 851 0622 1305     		.2byte	0x513
 852 0624 38050000 		.4byte	0x538
 853 0628 05       		.uleb128 0x5
 854 0629 10       		.byte	0x10
 855 062a 06       		.byte	0x6
ARM GAS  C:\Users\Ramon\AppData\Local\Temp\ccEZnADC.s 			page 16


 856 062b 3B       		.byte	0x3b
 857 062c 61060000 		.4byte	0x661
 858 0630 06       		.uleb128 0x6
 859 0631 5B040000 		.4byte	.LASF132
 860 0635 06       		.byte	0x6
 861 0636 3D       		.byte	0x3d
 862 0637 B0000000 		.4byte	0xb0
 863 063b 00       		.byte	0
 864 063c 06       		.uleb128 0x6
 865 063d 34040000 		.4byte	.LASF133
 866 0641 06       		.byte	0x6
 867 0642 3E       		.byte	0x3e
 868 0643 B0000000 		.4byte	0xb0
 869 0647 04       		.byte	0x4
 870 0648 06       		.uleb128 0x6
 871 0649 15030000 		.4byte	.LASF134
 872 064d 06       		.byte	0x6
 873 064e 3F       		.byte	0x3f
 874 064f 61060000 		.4byte	0x661
 875 0653 08       		.byte	0x8
 876 0654 06       		.uleb128 0x6
 877 0655 D7070000 		.4byte	.LASF135
 878 0659 06       		.byte	0x6
 879 065a 40       		.byte	0x40
 880 065b B0000000 		.4byte	0xb0
 881 065f 0C       		.byte	0xc
 882 0660 00       		.byte	0
 883 0661 0E       		.uleb128 0xe
 884 0662 04       		.byte	0x4
 885 0663 67060000 		.4byte	0x667
 886 0667 0F       		.uleb128 0xf
 887 0668 1C060000 		.4byte	0x61c
 888 066c 03       		.uleb128 0x3
 889 066d 1E020000 		.4byte	.LASF136
 890 0671 06       		.byte	0x6
 891 0672 48       		.byte	0x48
 892 0673 28060000 		.4byte	0x628
 893 0677 0C       		.uleb128 0xc
 894 0678 67060000 		.4byte	0x667
 895 067c 87060000 		.4byte	0x687
 896 0680 0D       		.uleb128 0xd
 897 0681 BB000000 		.4byte	0xbb
 898 0685 00       		.byte	0
 899 0686 00       		.byte	0
 900 0687 10       		.uleb128 0x10
 901 0688 49060000 		.4byte	.LASF143
 902 068c 07       		.byte	0x7
 903 068d 2A       		.byte	0x2a
 904 068e 98060000 		.4byte	0x698
 905 0692 05       		.uleb128 0x5
 906 0693 03       		.byte	0x3
 907 0694 10000000 		.4byte	DETECTOR_ADC_hwConfigs
 908 0698 0F       		.uleb128 0xf
 909 0699 77060000 		.4byte	0x677
 910 069d 11       		.uleb128 0x11
 911 069e B5050000 		.4byte	.LASF137
 912 06a2 03       		.byte	0x3
ARM GAS  C:\Users\Ramon\AppData\Local\Temp\ccEZnADC.s 			page 17


 913 06a3 A7       		.byte	0xa7
 914 06a4 A8060000 		.4byte	0x6a8
 915 06a8 0E       		.uleb128 0xe
 916 06a9 04       		.byte	0x4
 917 06aa AE060000 		.4byte	0x6ae
 918 06ae 0F       		.uleb128 0xf
 919 06af DA040000 		.4byte	0x4da
 920 06b3 12       		.uleb128 0x12
 921 06b4 39000000 		.4byte	.LASF138
 922 06b8 06       		.byte	0x6
 923 06b9 6001     		.2byte	0x160
 924 06bb B0000000 		.4byte	0xb0
 925 06bf 0C       		.uleb128 0xc
 926 06c0 CF060000 		.4byte	0x6cf
 927 06c4 CF060000 		.4byte	0x6cf
 928 06c8 0D       		.uleb128 0xd
 929 06c9 BB000000 		.4byte	0xbb
 930 06cd 00       		.byte	0
 931 06ce 00       		.byte	0
 932 06cf 0F       		.uleb128 0xf
 933 06d0 6C060000 		.4byte	0x66c
 934 06d4 13       		.uleb128 0x13
 935 06d5 AE030000 		.4byte	.LASF139
 936 06d9 07       		.byte	0x7
 937 06da A7       		.byte	0xa7
 938 06db E5060000 		.4byte	0x6e5
 939 06df 05       		.uleb128 0x5
 940 06e0 03       		.byte	0x3
 941 06e1 00000000 		.4byte	DETECTOR_ADC_allConfigs
 942 06e5 0F       		.uleb128 0xf
 943 06e6 BF060000 		.4byte	0x6bf
 944 06ea 00       		.byte	0
 945              		.section	.debug_abbrev,"",%progbits
 946              	.Ldebug_abbrev0:
 947 0000 01       		.uleb128 0x1
 948 0001 11       		.uleb128 0x11
 949 0002 01       		.byte	0x1
 950 0003 25       		.uleb128 0x25
 951 0004 0E       		.uleb128 0xe
 952 0005 13       		.uleb128 0x13
 953 0006 0B       		.uleb128 0xb
 954 0007 03       		.uleb128 0x3
 955 0008 0E       		.uleb128 0xe
 956 0009 1B       		.uleb128 0x1b
 957 000a 0E       		.uleb128 0xe
 958 000b 10       		.uleb128 0x10
 959 000c 17       		.uleb128 0x17
 960 000d 00       		.byte	0
 961 000e 00       		.byte	0
 962 000f 02       		.uleb128 0x2
 963 0010 24       		.uleb128 0x24
 964 0011 00       		.byte	0
 965 0012 0B       		.uleb128 0xb
 966 0013 0B       		.uleb128 0xb
 967 0014 3E       		.uleb128 0x3e
 968 0015 0B       		.uleb128 0xb
 969 0016 03       		.uleb128 0x3
ARM GAS  C:\Users\Ramon\AppData\Local\Temp\ccEZnADC.s 			page 18


 970 0017 0E       		.uleb128 0xe
 971 0018 00       		.byte	0
 972 0019 00       		.byte	0
 973 001a 03       		.uleb128 0x3
 974 001b 16       		.uleb128 0x16
 975 001c 00       		.byte	0
 976 001d 03       		.uleb128 0x3
 977 001e 0E       		.uleb128 0xe
 978 001f 3A       		.uleb128 0x3a
 979 0020 0B       		.uleb128 0xb
 980 0021 3B       		.uleb128 0x3b
 981 0022 0B       		.uleb128 0xb
 982 0023 49       		.uleb128 0x49
 983 0024 13       		.uleb128 0x13
 984 0025 00       		.byte	0
 985 0026 00       		.byte	0
 986 0027 04       		.uleb128 0x4
 987 0028 24       		.uleb128 0x24
 988 0029 00       		.byte	0
 989 002a 0B       		.uleb128 0xb
 990 002b 0B       		.uleb128 0xb
 991 002c 3E       		.uleb128 0x3e
 992 002d 0B       		.uleb128 0xb
 993 002e 03       		.uleb128 0x3
 994 002f 08       		.uleb128 0x8
 995 0030 00       		.byte	0
 996 0031 00       		.byte	0
 997 0032 05       		.uleb128 0x5
 998 0033 13       		.uleb128 0x13
 999 0034 01       		.byte	0x1
 1000 0035 0B       		.uleb128 0xb
 1001 0036 0B       		.uleb128 0xb
 1002 0037 3A       		.uleb128 0x3a
 1003 0038 0B       		.uleb128 0xb
 1004 0039 3B       		.uleb128 0x3b
 1005 003a 0B       		.uleb128 0xb
 1006 003b 01       		.uleb128 0x1
 1007 003c 13       		.uleb128 0x13
 1008 003d 00       		.byte	0
 1009 003e 00       		.byte	0
 1010 003f 06       		.uleb128 0x6
 1011 0040 0D       		.uleb128 0xd
 1012 0041 00       		.byte	0
 1013 0042 03       		.uleb128 0x3
 1014 0043 0E       		.uleb128 0xe
 1015 0044 3A       		.uleb128 0x3a
 1016 0045 0B       		.uleb128 0xb
 1017 0046 3B       		.uleb128 0x3b
 1018 0047 0B       		.uleb128 0xb
 1019 0048 49       		.uleb128 0x49
 1020 0049 13       		.uleb128 0x13
 1021 004a 38       		.uleb128 0x38
 1022 004b 0B       		.uleb128 0xb
 1023 004c 00       		.byte	0
 1024 004d 00       		.byte	0
 1025 004e 07       		.uleb128 0x7
 1026 004f 16       		.uleb128 0x16
ARM GAS  C:\Users\Ramon\AppData\Local\Temp\ccEZnADC.s 			page 19


 1027 0050 00       		.byte	0
 1028 0051 03       		.uleb128 0x3
 1029 0052 0E       		.uleb128 0xe
 1030 0053 3A       		.uleb128 0x3a
 1031 0054 0B       		.uleb128 0xb
 1032 0055 3B       		.uleb128 0x3b
 1033 0056 05       		.uleb128 0x5
 1034 0057 49       		.uleb128 0x49
 1035 0058 13       		.uleb128 0x13
 1036 0059 00       		.byte	0
 1037 005a 00       		.byte	0
 1038 005b 08       		.uleb128 0x8
 1039 005c 04       		.uleb128 0x4
 1040 005d 01       		.byte	0x1
 1041 005e 0B       		.uleb128 0xb
 1042 005f 0B       		.uleb128 0xb
 1043 0060 49       		.uleb128 0x49
 1044 0061 13       		.uleb128 0x13
 1045 0062 3A       		.uleb128 0x3a
 1046 0063 0B       		.uleb128 0xb
 1047 0064 3B       		.uleb128 0x3b
 1048 0065 05       		.uleb128 0x5
 1049 0066 01       		.uleb128 0x1
 1050 0067 13       		.uleb128 0x13
 1051 0068 00       		.byte	0
 1052 0069 00       		.byte	0
 1053 006a 09       		.uleb128 0x9
 1054 006b 28       		.uleb128 0x28
 1055 006c 00       		.byte	0
 1056 006d 03       		.uleb128 0x3
 1057 006e 0E       		.uleb128 0xe
 1058 006f 1C       		.uleb128 0x1c
 1059 0070 0B       		.uleb128 0xb
 1060 0071 00       		.byte	0
 1061 0072 00       		.byte	0
 1062 0073 0A       		.uleb128 0xa
 1063 0074 13       		.uleb128 0x13
 1064 0075 01       		.byte	0x1
 1065 0076 0B       		.uleb128 0xb
 1066 0077 0B       		.uleb128 0xb
 1067 0078 3A       		.uleb128 0x3a
 1068 0079 0B       		.uleb128 0xb
 1069 007a 3B       		.uleb128 0x3b
 1070 007b 05       		.uleb128 0x5
 1071 007c 01       		.uleb128 0x1
 1072 007d 13       		.uleb128 0x13
 1073 007e 00       		.byte	0
 1074 007f 00       		.byte	0
 1075 0080 0B       		.uleb128 0xb
 1076 0081 0D       		.uleb128 0xd
 1077 0082 00       		.byte	0
 1078 0083 03       		.uleb128 0x3
 1079 0084 0E       		.uleb128 0xe
 1080 0085 3A       		.uleb128 0x3a
 1081 0086 0B       		.uleb128 0xb
 1082 0087 3B       		.uleb128 0x3b
 1083 0088 05       		.uleb128 0x5
ARM GAS  C:\Users\Ramon\AppData\Local\Temp\ccEZnADC.s 			page 20


 1084 0089 49       		.uleb128 0x49
 1085 008a 13       		.uleb128 0x13
 1086 008b 38       		.uleb128 0x38
 1087 008c 0B       		.uleb128 0xb
 1088 008d 00       		.byte	0
 1089 008e 00       		.byte	0
 1090 008f 0C       		.uleb128 0xc
 1091 0090 01       		.uleb128 0x1
 1092 0091 01       		.byte	0x1
 1093 0092 49       		.uleb128 0x49
 1094 0093 13       		.uleb128 0x13
 1095 0094 01       		.uleb128 0x1
 1096 0095 13       		.uleb128 0x13
 1097 0096 00       		.byte	0
 1098 0097 00       		.byte	0
 1099 0098 0D       		.uleb128 0xd
 1100 0099 21       		.uleb128 0x21
 1101 009a 00       		.byte	0
 1102 009b 49       		.uleb128 0x49
 1103 009c 13       		.uleb128 0x13
 1104 009d 2F       		.uleb128 0x2f
 1105 009e 0B       		.uleb128 0xb
 1106 009f 00       		.byte	0
 1107 00a0 00       		.byte	0
 1108 00a1 0E       		.uleb128 0xe
 1109 00a2 0F       		.uleb128 0xf
 1110 00a3 00       		.byte	0
 1111 00a4 0B       		.uleb128 0xb
 1112 00a5 0B       		.uleb128 0xb
 1113 00a6 49       		.uleb128 0x49
 1114 00a7 13       		.uleb128 0x13
 1115 00a8 00       		.byte	0
 1116 00a9 00       		.byte	0
 1117 00aa 0F       		.uleb128 0xf
 1118 00ab 26       		.uleb128 0x26
 1119 00ac 00       		.byte	0
 1120 00ad 49       		.uleb128 0x49
 1121 00ae 13       		.uleb128 0x13
 1122 00af 00       		.byte	0
 1123 00b0 00       		.byte	0
 1124 00b1 10       		.uleb128 0x10
 1125 00b2 34       		.uleb128 0x34
 1126 00b3 00       		.byte	0
 1127 00b4 03       		.uleb128 0x3
 1128 00b5 0E       		.uleb128 0xe
 1129 00b6 3A       		.uleb128 0x3a
 1130 00b7 0B       		.uleb128 0xb
 1131 00b8 3B       		.uleb128 0x3b
 1132 00b9 0B       		.uleb128 0xb
 1133 00ba 49       		.uleb128 0x49
 1134 00bb 13       		.uleb128 0x13
 1135 00bc 02       		.uleb128 0x2
 1136 00bd 18       		.uleb128 0x18
 1137 00be 00       		.byte	0
 1138 00bf 00       		.byte	0
 1139 00c0 11       		.uleb128 0x11
 1140 00c1 34       		.uleb128 0x34
ARM GAS  C:\Users\Ramon\AppData\Local\Temp\ccEZnADC.s 			page 21


 1141 00c2 00       		.byte	0
 1142 00c3 03       		.uleb128 0x3
 1143 00c4 0E       		.uleb128 0xe
 1144 00c5 3A       		.uleb128 0x3a
 1145 00c6 0B       		.uleb128 0xb
 1146 00c7 3B       		.uleb128 0x3b
 1147 00c8 0B       		.uleb128 0xb
 1148 00c9 49       		.uleb128 0x49
 1149 00ca 13       		.uleb128 0x13
 1150 00cb 3F       		.uleb128 0x3f
 1151 00cc 19       		.uleb128 0x19
 1152 00cd 3C       		.uleb128 0x3c
 1153 00ce 19       		.uleb128 0x19
 1154 00cf 00       		.byte	0
 1155 00d0 00       		.byte	0
 1156 00d1 12       		.uleb128 0x12
 1157 00d2 34       		.uleb128 0x34
 1158 00d3 00       		.byte	0
 1159 00d4 03       		.uleb128 0x3
 1160 00d5 0E       		.uleb128 0xe
 1161 00d6 3A       		.uleb128 0x3a
 1162 00d7 0B       		.uleb128 0xb
 1163 00d8 3B       		.uleb128 0x3b
 1164 00d9 05       		.uleb128 0x5
 1165 00da 49       		.uleb128 0x49
 1166 00db 13       		.uleb128 0x13
 1167 00dc 3F       		.uleb128 0x3f
 1168 00dd 19       		.uleb128 0x19
 1169 00de 3C       		.uleb128 0x3c
 1170 00df 19       		.uleb128 0x19
 1171 00e0 00       		.byte	0
 1172 00e1 00       		.byte	0
 1173 00e2 13       		.uleb128 0x13
 1174 00e3 34       		.uleb128 0x34
 1175 00e4 00       		.byte	0
 1176 00e5 03       		.uleb128 0x3
 1177 00e6 0E       		.uleb128 0xe
 1178 00e7 3A       		.uleb128 0x3a
 1179 00e8 0B       		.uleb128 0xb
 1180 00e9 3B       		.uleb128 0x3b
 1181 00ea 0B       		.uleb128 0xb
 1182 00eb 49       		.uleb128 0x49
 1183 00ec 13       		.uleb128 0x13
 1184 00ed 3F       		.uleb128 0x3f
 1185 00ee 19       		.uleb128 0x19
 1186 00ef 02       		.uleb128 0x2
 1187 00f0 18       		.uleb128 0x18
 1188 00f1 00       		.byte	0
 1189 00f2 00       		.byte	0
 1190 00f3 00       		.byte	0
 1191              		.section	.debug_aranges,"",%progbits
 1192 0000 14000000 		.4byte	0x14
 1193 0004 0200     		.2byte	0x2
 1194 0006 00000000 		.4byte	.Ldebug_info0
 1195 000a 04       		.byte	0x4
 1196 000b 00       		.byte	0
 1197 000c 0000     		.2byte	0
ARM GAS  C:\Users\Ramon\AppData\Local\Temp\ccEZnADC.s 			page 22


 1198 000e 0000     		.2byte	0
 1199 0010 00000000 		.4byte	0
 1200 0014 00000000 		.4byte	0
 1201              		.section	.debug_line,"",%progbits
 1202              	.Ldebug_line0:
 1203 0000 1C020000 		.section	.debug_str,"MS",%progbits,1
 1203      02001602 
 1203      00000201 
 1203      FB0E0D00 
 1203      01010101 
 1204              	.LASF54:
 1205 0000 70726F74 		.ascii	"protBusMasterMask\000"
 1205      4275734D 
 1205      61737465 
 1205      724D6173 
 1205      6B00
 1206              	.LASF64:
 1207 0012 666C6173 		.ascii	"flashCtlMainWs3Freq\000"
 1207      6843746C 
 1207      4D61696E 
 1207      57733346 
 1207      72657100 
 1208              	.LASF86:
 1209 0026 6770696F 		.ascii	"gpioPrtCfgInOffset\000"
 1209      50727443 
 1209      6667496E 
 1209      4F666673 
 1209      657400
 1210              	.LASF138:
 1211 0039 44455445 		.ascii	"DETECTOR_ADC_currentConfig\000"
 1211      43544F52 
 1211      5F414443 
 1211      5F637572 
 1211      72656E74 
 1212              	.LASF104:
 1213 0054 6970634C 		.ascii	"ipcLockStatusOffset\000"
 1213      6F636B53 
 1213      74617475 
 1213      734F6666 
 1213      73657400 
 1214              	.LASF30:
 1215 0068 63727970 		.ascii	"cryptoVersion\000"
 1215      746F5665 
 1215      7273696F 
 1215      6E00
 1216              	.LASF48:
 1217 0076 70657269 		.ascii	"periClockNr\000"
 1217      436C6F63 
 1217      6B4E7200 
 1218              	.LASF26:
 1219 0082 70617373 		.ascii	"passBase\000"
 1219      42617365 
 1219      00
 1220              	.LASF39:
 1221 008b 63707573 		.ascii	"cpussIpcIrqNr\000"
 1221      73497063 
 1221      4972714E 
ARM GAS  C:\Users\Ramon\AppData\Local\Temp\ccEZnADC.s 			page 23


 1221      7200
 1222              	.LASF3:
 1223 0099 5F5F7569 		.ascii	"__uint8_t\000"
 1223      6E74385F 
 1223      7400
 1224              	.LASF124:
 1225 00a3 73617449 		.ascii	"satIntrMask\000"
 1225      6E74724D 
 1225      61736B00 
 1226              	.LASF83:
 1227 00af 70657269 		.ascii	"periDiv24_5CtlOffset\000"
 1227      44697632 
 1227      345F3543 
 1227      746C4F66 
 1227      66736574 
 1228              	.LASF90:
 1229 00c4 63707573 		.ascii	"cpussCm4ClockCtlOffset\000"
 1229      73436D34 
 1229      436C6F63 
 1229      6B43746C 
 1229      4F666673 
 1230              	.LASF19:
 1231 00db 63707573 		.ascii	"cpussBase\000"
 1231      73426173 
 1231      6500
 1232              	.LASF68:
 1233 00e5 64774368 		.ascii	"dwChCtlPrioPos\000"
 1233      43746C50 
 1233      72696F50 
 1233      6F7300
 1234              	.LASF11:
 1235 00f4 6C6F6E67 		.ascii	"long long unsigned int\000"
 1235      206C6F6E 
 1235      6720756E 
 1235      7369676E 
 1235      65642069 
 1236              	.LASF72:
 1237 010b 70657269 		.ascii	"periTrCmdOffset\000"
 1237      5472436D 
 1237      644F6666 
 1237      73657400 
 1238              	.LASF96:
 1239 011b 63707573 		.ascii	"cpussSysTickCtlOffset\000"
 1239      73537973 
 1239      5469636B 
 1239      43746C4F 
 1239      66667365 
 1240              	.LASF57:
 1241 0131 666C6173 		.ascii	"flashPipeRequired\000"
 1241      68506970 
 1241      65526571 
 1241      75697265 
 1241      6400
 1242              	.LASF61:
 1243 0143 666C6173 		.ascii	"flashCtlMainWs0Freq\000"
 1243      6843746C 
 1243      4D61696E 
ARM GAS  C:\Users\Ramon\AppData\Local\Temp\ccEZnADC.s 			page 24


 1243      57733046 
 1243      72657100 
 1244              	.LASF14:
 1245 0157 696E7431 		.ascii	"int16_t\000"
 1245      365F7400 
 1246              	.LASF131:
 1247 015f 63795F73 		.ascii	"cy_stc_sar_config_t\000"
 1247      74635F73 
 1247      61725F63 
 1247      6F6E6669 
 1247      675F7400 
 1248              	.LASF10:
 1249 0173 6C6F6E67 		.ascii	"long long int\000"
 1249      206C6F6E 
 1249      6720696E 
 1249      7400
 1250              	.LASF2:
 1251 0181 7369676E 		.ascii	"signed char\000"
 1251      65642063 
 1251      68617200 
 1252              	.LASF77:
 1253 018d 70657269 		.ascii	"periDivCmdTypeSelPos\000"
 1253      44697643 
 1253      6D645479 
 1253      70655365 
 1253      6C506F73 
 1254              	.LASF114:
 1255 01a2 63795F65 		.ascii	"cy_en_sar_range_detect_condition_t\000"
 1255      6E5F7361 
 1255      725F7261 
 1255      6E67655F 
 1255      64657465 
 1256              	.LASF23:
 1257 01c5 70726F74 		.ascii	"protBase\000"
 1257      42617365 
 1257      00
 1258              	.LASF35:
 1259 01ce 69706356 		.ascii	"ipcVersion\000"
 1259      65727369 
 1259      6F6E00
 1260              	.LASF97:
 1261 01d9 63707573 		.ascii	"cpussCm0NmiCtlOffset\000"
 1261      73436D30 
 1261      4E6D6943 
 1261      746C4F66 
 1261      66736574 
 1262              	.LASF24:
 1263 01ee 6873696F 		.ascii	"hsiomBase\000"
 1263      6D426173 
 1263      6500
 1264              	.LASF125:
 1265 01f8 72616E67 		.ascii	"rangeIntrMask\000"
 1265      65496E74 
 1265      724D6173 
 1265      6B00
 1266              	.LASF110:
 1267 0206 43595F53 		.ascii	"CY_SAR_RANGE_COND_BELOW\000"
ARM GAS  C:\Users\Ramon\AppData\Local\Temp\ccEZnADC.s 			page 25


 1267      41525F52 
 1267      414E4745 
 1267      5F434F4E 
 1267      445F4245 
 1268              	.LASF136:
 1269 021e 44455445 		.ascii	"DETECTOR_ADC_CONFIG_STRUCT\000"
 1269      43544F52 
 1269      5F414443 
 1269      5F434F4E 
 1269      4649475F 
 1270              	.LASF7:
 1271 0239 6C6F6E67 		.ascii	"long int\000"
 1271      20696E74 
 1271      00
 1272              	.LASF55:
 1273 0242 63727970 		.ascii	"cryptoMemSize\000"
 1273      746F4D65 
 1273      6D53697A 
 1273      6500
 1274              	.LASF21:
 1275 0250 70657269 		.ascii	"periBase\000"
 1275      42617365 
 1275      00
 1276              	.LASF53:
 1277 0259 73797350 		.ascii	"sysPmSimoPresent\000"
 1277      6D53696D 
 1277      6F507265 
 1277      73656E74 
 1277      00
 1278              	.LASF112:
 1279 026a 43595F53 		.ascii	"CY_SAR_RANGE_COND_ABOVE\000"
 1279      41525F52 
 1279      414E4745 
 1279      5F434F4E 
 1279      445F4142 
 1280              	.LASF43:
 1281 0282 63707573 		.ascii	"cpussFmIrq\000"
 1281      73466D49 
 1281      727100
 1282              	.LASF108:
 1283 028d 646F7562 		.ascii	"double\000"
 1283      6C6500
 1284              	.LASF82:
 1285 0294 70657269 		.ascii	"periDiv16_5CtlOffset\000"
 1285      44697631 
 1285      365F3543 
 1285      746C4F66 
 1285      66736574 
 1286              	.LASF46:
 1287 02a9 73727373 		.ascii	"srssNumPll\000"
 1287      4E756D50 
 1287      6C6C00
 1288              	.LASF117:
 1289 02b4 73616D70 		.ascii	"sampleTime01\000"
 1289      6C655469 
 1289      6D653031 
 1289      00
ARM GAS  C:\Users\Ramon\AppData\Local\Temp\ccEZnADC.s 			page 26


 1290              	.LASF6:
 1291 02c1 73686F72 		.ascii	"short unsigned int\000"
 1291      7420756E 
 1291      7369676E 
 1291      65642069 
 1291      6E7400
 1292              	.LASF109:
 1293 02d4 75696E74 		.ascii	"uint32\000"
 1293      333200
 1294              	.LASF87:
 1295 02db 6770696F 		.ascii	"gpioPrtCfgOutOffset\000"
 1295      50727443 
 1295      66674F75 
 1295      744F6666 
 1295      73657400 
 1296              	.LASF20:
 1297 02ef 666C6173 		.ascii	"flashcBase\000"
 1297      68634261 
 1297      736500
 1298              	.LASF8:
 1299 02fa 5F5F7569 		.ascii	"__uint32_t\000"
 1299      6E743332 
 1299      5F7400
 1300              	.LASF50:
 1301 0305 70617373 		.ascii	"passSarChannels\000"
 1301      53617243 
 1301      68616E6E 
 1301      656C7300 
 1302              	.LASF134:
 1303 0315 6877436F 		.ascii	"hwConfigStc\000"
 1303      6E666967 
 1303      53746300 
 1304              	.LASF4:
 1305 0321 5F5F696E 		.ascii	"__int16_t\000"
 1305      7431365F 
 1305      7400
 1306              	.LASF93:
 1307 032b 63707573 		.ascii	"cpussCm4PwrCtlOffset\000"
 1307      73436D34 
 1307      50777243 
 1307      746C4F66 
 1307      66736574 
 1308              	.LASF88:
 1309 0340 6770696F 		.ascii	"gpioPrtCfgSioOffset\000"
 1309      50727443 
 1309      66675369 
 1309      6F4F6666 
 1309      73657400 
 1310              	.LASF40:
 1311 0354 63707573 		.ascii	"cpussDwChNr\000"
 1311      73447743 
 1311      684E7200 
 1312              	.LASF12:
 1313 0360 756E7369 		.ascii	"unsigned int\000"
 1313      676E6564 
 1313      20696E74 
 1313      00
ARM GAS  C:\Users\Ramon\AppData\Local\Temp\ccEZnADC.s 			page 27


 1314              	.LASF15:
 1315 036d 75696E74 		.ascii	"uint16_t\000"
 1315      31365F74 
 1315      00
 1316              	.LASF73:
 1317 0376 70657269 		.ascii	"periTrCmdGrSelMsk\000"
 1317      5472436D 
 1317      64477253 
 1317      656C4D73 
 1317      6B00
 1318              	.LASF9:
 1319 0388 6C6F6E67 		.ascii	"long unsigned int\000"
 1319      20756E73 
 1319      69676E65 
 1319      6420696E 
 1319      7400
 1320              	.LASF38:
 1321 039a 63707573 		.ascii	"cpussIpcNr\000"
 1321      73497063 
 1321      4E7200
 1322              	.LASF25:
 1323 03a5 6770696F 		.ascii	"gpioBase\000"
 1323      42617365 
 1323      00
 1324              	.LASF139:
 1325 03ae 44455445 		.ascii	"DETECTOR_ADC_allConfigs\000"
 1325      43544F52 
 1325      5F414443 
 1325      5F616C6C 
 1325      436F6E66 
 1326              	.LASF63:
 1327 03c6 666C6173 		.ascii	"flashCtlMainWs2Freq\000"
 1327      6843746C 
 1327      4D61696E 
 1327      57733246 
 1327      72657100 
 1328              	.LASF74:
 1329 03da 70657269 		.ascii	"periTrGrOffset\000"
 1329      54724772 
 1329      4F666673 
 1329      657400
 1330              	.LASF101:
 1331 03e9 63707573 		.ascii	"cpussRam1Ctl0\000"
 1331      7352616D 
 1331      3143746C 
 1331      3000
 1332              	.LASF119:
 1333 03f7 72616E67 		.ascii	"rangeThres\000"
 1333      65546872 
 1333      657300
 1334              	.LASF75:
 1335 0402 70657269 		.ascii	"periTrGrSize\000"
 1335      54724772 
 1335      53697A65 
 1335      00
 1336              	.LASF111:
 1337 040f 43595F53 		.ascii	"CY_SAR_RANGE_COND_INSIDE\000"
ARM GAS  C:\Users\Ramon\AppData\Local\Temp\ccEZnADC.s 			page 28


 1337      41525F52 
 1337      414E4745 
 1337      5F434F4E 
 1337      445F494E 
 1338              	.LASF33:
 1339 0428 6770696F 		.ascii	"gpioVersion\000"
 1339      56657273 
 1339      696F6E00 
 1340              	.LASF133:
 1341 0434 6E756D43 		.ascii	"numChannels\000"
 1341      68616E6E 
 1341      656C7300 
 1342              	.LASF105:
 1343 0440 63795F73 		.ascii	"cy_stc_device_t\000"
 1343      74635F64 
 1343      65766963 
 1343      655F7400 
 1344              	.LASF122:
 1345 0450 6368616E 		.ascii	"chanConfig\000"
 1345      436F6E66 
 1345      696700
 1346              	.LASF132:
 1347 045b 6368616E 		.ascii	"channelBase\000"
 1347      6E656C42 
 1347      61736500 
 1348              	.LASF51:
 1349 0467 65704D6F 		.ascii	"epMonitorNr\000"
 1349      6E69746F 
 1349      724E7200 
 1350              	.LASF98:
 1351 0473 63707573 		.ascii	"cpussCm4NmiCtlOffset\000"
 1351      73436D34 
 1351      4E6D6943 
 1351      746C4F66 
 1351      66736574 
 1352              	.LASF94:
 1353 0488 63707573 		.ascii	"cpussTrimRamCtlOffset\000"
 1353      73547269 
 1353      6D52616D 
 1353      43746C4F 
 1353      66667365 
 1354              	.LASF89:
 1355 049e 63707573 		.ascii	"cpussCm0ClockCtlOffset\000"
 1355      73436D30 
 1355      436C6F63 
 1355      6B43746C 
 1355      4F666673 
 1356              	.LASF29:
 1357 04b5 63707573 		.ascii	"cpussVersion\000"
 1357      73566572 
 1357      73696F6E 
 1357      00
 1358              	.LASF36:
 1359 04c2 70657269 		.ascii	"periVersion\000"
 1359      56657273 
 1359      696F6E00 
 1360              	.LASF92:
ARM GAS  C:\Users\Ramon\AppData\Local\Temp\ccEZnADC.s 			page 29


 1361 04ce 63707573 		.ascii	"cpussCm0StatusOffset\000"
 1361      73436D30 
 1361      53746174 
 1361      75734F66 
 1361      66736574 
 1362              	.LASF17:
 1363 04e3 73697A65 		.ascii	"sizetype\000"
 1363      74797065 
 1363      00
 1364              	.LASF66:
 1365 04ec 64774368 		.ascii	"dwChOffset\000"
 1365      4F666673 
 1365      657400
 1366              	.LASF41:
 1367 04f7 63707573 		.ascii	"cpussFlashPaSize\000"
 1367      73466C61 
 1367      73685061 
 1367      53697A65 
 1367      00
 1368              	.LASF118:
 1369 0508 73616D70 		.ascii	"sampleTime23\000"
 1369      6C655469 
 1369      6D653233 
 1369      00
 1370              	.LASF79:
 1371 0515 70657269 		.ascii	"periDivCmdPaTypeSelPos\000"
 1371      44697643 
 1371      6D645061 
 1371      54797065 
 1371      53656C50 
 1372              	.LASF102:
 1373 052c 63707573 		.ascii	"cpussRam2Ctl0\000"
 1373      7352616D 
 1373      3243746C 
 1373      3000
 1374              	.LASF128:
 1375 053a 636F6E66 		.ascii	"configRouting\000"
 1375      6967526F 
 1375      7574696E 
 1375      6700
 1376              	.LASF70:
 1377 0548 64775374 		.ascii	"dwStatusChIdxPos\000"
 1377      61747573 
 1377      43684964 
 1377      78506F73 
 1377      00
 1378              	.LASF52:
 1379 0559 75646250 		.ascii	"udbPresent\000"
 1379      72657365 
 1379      6E7400
 1380              	.LASF32:
 1381 0564 666C6173 		.ascii	"flashcVersion\000"
 1381      68635665 
 1381      7273696F 
 1381      6E00
 1382              	.LASF28:
 1383 0572 63727970 		.ascii	"cryptoBase\000"
ARM GAS  C:\Users\Ramon\AppData\Local\Temp\ccEZnADC.s 			page 30


 1383      746F4261 
 1383      736500
 1384              	.LASF49:
 1385 057d 736D6966 		.ascii	"smifDeviceNr\000"
 1385      44657669 
 1385      63654E72 
 1385      00
 1386              	.LASF65:
 1387 058a 666C6173 		.ascii	"flashCtlMainWs4Freq\000"
 1387      6843746C 
 1387      4D61696E 
 1387      57733446 
 1387      72657100 
 1388              	.LASF107:
 1389 059e 666C6F61 		.ascii	"float\000"
 1389      7400
 1390              	.LASF71:
 1391 05a4 64775374 		.ascii	"dwStatusChIdxMsk\000"
 1391      61747573 
 1391      43684964 
 1391      784D736B 
 1391      00
 1392              	.LASF137:
 1393 05b5 63795F64 		.ascii	"cy_device\000"
 1393      65766963 
 1393      6500
 1394              	.LASF99:
 1395 05bf 63707573 		.ascii	"cpussRomCtl\000"
 1395      73526F6D 
 1395      43746C00 
 1396              	.LASF69:
 1397 05cb 64774368 		.ascii	"dwChCtlPreemptablePos\000"
 1397      43746C50 
 1397      7265656D 
 1397      70746162 
 1397      6C65506F 
 1398              	.LASF121:
 1399 05e1 6368616E 		.ascii	"chanEn\000"
 1399      456E00
 1400              	.LASF22:
 1401 05e8 75646242 		.ascii	"udbBase\000"
 1401      61736500 
 1402              	.LASF142:
 1403 05f0 433A5C55 		.ascii	"C:\\Users\\Ramon\\Desktop\\Artigo\\PSoC\\Testbench\\"
 1403      73657273 
 1403      5C52616D 
 1403      6F6E5C44 
 1403      65736B74 
 1404 061d 54657374 		.ascii	"Testbench\\Lock_in.cydsn\000"
 1404      62656E63 
 1404      685C4C6F 
 1404      636B5F69 
 1404      6E2E6379 
 1405              	.LASF130:
 1406 0635 5F426F6F 		.ascii	"_Bool\000"
 1406      6C00
 1407              	.LASF1:
ARM GAS  C:\Users\Ramon\AppData\Local\Temp\ccEZnADC.s 			page 31


 1408 063b 756E7369 		.ascii	"unsigned char\000"
 1408      676E6564 
 1408      20636861 
 1408      7200
 1409              	.LASF143:
 1410 0649 44455445 		.ascii	"DETECTOR_ADC_hwConfigs\000"
 1410      43544F52 
 1410      5F414443 
 1410      5F687743 
 1410      6F6E6669 
 1411              	.LASF0:
 1412 0660 73686F72 		.ascii	"short int\000"
 1412      7420696E 
 1412      7400
 1413              	.LASF126:
 1414 066a 6D757853 		.ascii	"muxSwitch\000"
 1414      77697463 
 1414      6800
 1415              	.LASF123:
 1416 0674 696E7472 		.ascii	"intrMask\000"
 1416      4D61736B 
 1416      00
 1417              	.LASF76:
 1418 067d 70657269 		.ascii	"periDivCmdDivSelMsk\000"
 1418      44697643 
 1418      6D644469 
 1418      7653656C 
 1418      4D736B00 
 1419              	.LASF47:
 1420 0691 73727373 		.ascii	"srssNumHfroot\000"
 1420      4E756D48 
 1420      66726F6F 
 1420      7400
 1421              	.LASF60:
 1422 069f 666C6173 		.ascii	"flashEraseDelay\000"
 1422      68457261 
 1422      73654465 
 1422      6C617900 
 1423              	.LASF80:
 1424 06af 70657269 		.ascii	"periDiv8CtlOffset\000"
 1424      44697638 
 1424      43746C4F 
 1424      66667365 
 1424      7400
 1425              	.LASF16:
 1426 06c1 75696E74 		.ascii	"uint32_t\000"
 1426      33325F74 
 1426      00
 1427              	.LASF129:
 1428 06ca 76726566 		.ascii	"vrefMvValue\000"
 1428      4D765661 
 1428      6C756500 
 1429              	.LASF140:
 1430 06d6 474E5520 		.ascii	"GNU C11 5.4.1 20160609 (release) [ARM/embedded-5-br"
 1430      43313120 
 1430      352E342E 
 1430      31203230 
ARM GAS  C:\Users\Ramon\AppData\Local\Temp\ccEZnADC.s 			page 32


 1430      31363036 
 1431 0709 616E6368 		.ascii	"anch revision 237715] -mcpu=cortex-m0plus -mthumb -"
 1431      20726576 
 1431      6973696F 
 1431      6E203233 
 1431      37373135 
 1432 073c 67202D4F 		.ascii	"g -Og -ffunction-sections -ffat-lto-objects\000"
 1432      67202D66 
 1432      66756E63 
 1432      74696F6E 
 1432      2D736563 
 1433              	.LASF18:
 1434 0768 6C6F6E67 		.ascii	"long double\000"
 1434      20646F75 
 1434      626C6500 
 1435              	.LASF106:
 1436 0774 63686172 		.ascii	"char\000"
 1436      00
 1437              	.LASF37:
 1438 0779 70726F74 		.ascii	"protVersion\000"
 1438      56657273 
 1438      696F6E00 
 1439              	.LASF100:
 1440 0785 63707573 		.ascii	"cpussRam0Ctl0\000"
 1440      7352616D 
 1440      3043746C 
 1440      3000
 1441              	.LASF5:
 1442 0793 5F5F7569 		.ascii	"__uint16_t\000"
 1442      6E743136 
 1442      5F7400
 1443              	.LASF81:
 1444 079e 70657269 		.ascii	"periDiv16CtlOffset\000"
 1444      44697631 
 1444      3643746C 
 1444      4F666673 
 1444      657400
 1445              	.LASF34:
 1446 07b1 6873696F 		.ascii	"hsiomVersion\000"
 1446      6D566572 
 1446      73696F6E 
 1446      00
 1447              	.LASF115:
 1448 07be 6374726C 		.ascii	"ctrl\000"
 1448      00
 1449              	.LASF62:
 1450 07c3 666C6173 		.ascii	"flashCtlMainWs1Freq\000"
 1450      6843746C 
 1450      4D61696E 
 1450      57733146 
 1450      72657100 
 1451              	.LASF135:
 1452 07d7 6D697363 		.ascii	"miscConfig\000"
 1452      436F6E66 
 1452      696700
 1453              	.LASF67:
 1454 07e2 64774368 		.ascii	"dwChSize\000"
ARM GAS  C:\Users\Ramon\AppData\Local\Temp\ccEZnADC.s 			page 33


 1454      53697A65 
 1454      00
 1455              	.LASF103:
 1456 07eb 69706353 		.ascii	"ipcStructSize\000"
 1456      74727563 
 1456      7453697A 
 1456      6500
 1457              	.LASF42:
 1458 07f9 63707573 		.ascii	"cpussIpc0Irq\000"
 1458      73497063 
 1458      30497271 
 1458      00
 1459              	.LASF85:
 1460 0806 6770696F 		.ascii	"gpioPrtCfgOffset\000"
 1460      50727443 
 1460      66674F66 
 1460      66736574 
 1460      00
 1461              	.LASF120:
 1462 0817 72616E67 		.ascii	"rangeCond\000"
 1462      65436F6E 
 1462      6400
 1463              	.LASF44:
 1464 0821 63707573 		.ascii	"cpussNotConnectedIrq\000"
 1464      734E6F74 
 1464      436F6E6E 
 1464      65637465 
 1464      64497271 
 1465              	.LASF141:
 1466 0836 47656E65 		.ascii	"Generated_Source\\PSoC6\\DETECTOR_ADC_INIT.c\000"
 1466      72617465 
 1466      645F536F 
 1466      75726365 
 1466      5C50536F 
 1467              	.LASF58:
 1468 0861 666C6173 		.ascii	"flashWriteDelay\000"
 1468      68577269 
 1468      74654465 
 1468      6C617900 
 1469              	.LASF116:
 1470 0871 73616D70 		.ascii	"sampleCtrl\000"
 1470      6C654374 
 1470      726C00
 1471              	.LASF13:
 1472 087c 75696E74 		.ascii	"uint8_t\000"
 1472      385F7400 
 1473              	.LASF91:
 1474 0884 63707573 		.ascii	"cpussCm4StatusOffset\000"
 1474      73436D34 
 1474      53746174 
 1474      75734F66 
 1474      66736574 
 1475              	.LASF84:
 1476 0899 6770696F 		.ascii	"gpioPrtIntrCfgOffset\000"
 1476      50727449 
 1476      6E747243 
 1476      66674F66 
ARM GAS  C:\Users\Ramon\AppData\Local\Temp\ccEZnADC.s 			page 34


 1476      66736574 
 1477              	.LASF113:
 1478 08ae 43595F53 		.ascii	"CY_SAR_RANGE_COND_OUTSIDE\000"
 1478      41525F52 
 1478      414E4745 
 1478      5F434F4E 
 1478      445F4F55 
 1479              	.LASF95:
 1480 08c8 63707573 		.ascii	"cpussTrimRomCtlOffset\000"
 1480      73547269 
 1480      6D526F6D 
 1480      43746C4F 
 1480      66667365 
 1481              	.LASF45:
 1482 08de 73727373 		.ascii	"srssNumClkpath\000"
 1482      4E756D43 
 1482      6C6B7061 
 1482      746800
 1483              	.LASF127:
 1484 08ed 6D757853 		.ascii	"muxSwitchSqCtrl\000"
 1484      77697463 
 1484      68537143 
 1484      74726C00 
 1485              	.LASF31:
 1486 08fd 64775665 		.ascii	"dwVersion\000"
 1486      7273696F 
 1486      6E00
 1487              	.LASF27:
 1488 0907 69706342 		.ascii	"ipcBase\000"
 1488      61736500 
 1489              	.LASF78:
 1490 090f 70657269 		.ascii	"periDivCmdPaDivSelPos\000"
 1490      44697643 
 1490      6D645061 
 1490      44697653 
 1490      656C506F 
 1491              	.LASF59:
 1492 0925 666C6173 		.ascii	"flashProgramDelay\000"
 1492      6850726F 
 1492      6772616D 
 1492      44656C61 
 1492      7900
 1493              	.LASF56:
 1494 0937 666C6173 		.ascii	"flashRwwRequired\000"
 1494      68527777 
 1494      52657175 
 1494      69726564 
 1494      00
 1495              		.ident	"GCC: (GNU Tools for ARM Embedded Processors) 5.4.1 20160609 (release) [ARM/embedded-5-bran
