ARM GAS  C:\Users\Ramon\AppData\Local\Temp\cc7jCWKb.s 			page 1


   1              		.syntax unified
   2              		.cpu cortex-m4
   3              		.eabi_attribute 27, 1
   4              		.fpu fpv4-sp-d16
   5              		.eabi_attribute 20, 1
   6              		.eabi_attribute 21, 1
   7              		.eabi_attribute 23, 3
   8              		.eabi_attribute 24, 1
   9              		.eabi_attribute 25, 1
  10              		.eabi_attribute 26, 1
  11              		.eabi_attribute 30, 1
  12              		.eabi_attribute 34, 1
  13              		.eabi_attribute 18, 4
  14              		.thumb
  15              		.syntax unified
  16              		.file	"cy_tcpwm_pwm.c"
  17              		.text
  18              	.Ltext0:
  19              		.cfi_sections	.debug_frame
  20              		.section	.text.Cy_TCPWM_PWM_Init,"ax",%progbits
  21              		.align	2
  22              		.global	Cy_TCPWM_PWM_Init
  23              		.thumb
  24              		.thumb_func
  25              		.type	Cy_TCPWM_PWM_Init, %function
  26              	Cy_TCPWM_PWM_Init:
  27              	.LFB162:
  28              		.file 1 "Generated_Source\\PSoC6\\pdl\\drivers\\peripheral\\tcpwm\\cy_tcpwm_pwm.c"
   1:Generated_Source\PSoC6\pdl\drivers\peripheral\tcpwm/cy_tcpwm_pwm.c **** /***************************************************************************//**
   2:Generated_Source\PSoC6\pdl\drivers\peripheral\tcpwm/cy_tcpwm_pwm.c **** * \file cy_tcpwm_pwm.c
   3:Generated_Source\PSoC6\pdl\drivers\peripheral\tcpwm/cy_tcpwm_pwm.c **** * \version 1.10
   4:Generated_Source\PSoC6\pdl\drivers\peripheral\tcpwm/cy_tcpwm_pwm.c **** *
   5:Generated_Source\PSoC6\pdl\drivers\peripheral\tcpwm/cy_tcpwm_pwm.c **** * \brief
   6:Generated_Source\PSoC6\pdl\drivers\peripheral\tcpwm/cy_tcpwm_pwm.c **** *  The source file of the tcpwm driver.
   7:Generated_Source\PSoC6\pdl\drivers\peripheral\tcpwm/cy_tcpwm_pwm.c **** *
   8:Generated_Source\PSoC6\pdl\drivers\peripheral\tcpwm/cy_tcpwm_pwm.c **** ********************************************************************************
   9:Generated_Source\PSoC6\pdl\drivers\peripheral\tcpwm/cy_tcpwm_pwm.c **** * \copyright
  10:Generated_Source\PSoC6\pdl\drivers\peripheral\tcpwm/cy_tcpwm_pwm.c **** * Copyright 2016-2018, Cypress Semiconductor Corporation.  All rights reserved.
  11:Generated_Source\PSoC6\pdl\drivers\peripheral\tcpwm/cy_tcpwm_pwm.c **** * You may use this file only in accordance with the license, terms, conditions,
  12:Generated_Source\PSoC6\pdl\drivers\peripheral\tcpwm/cy_tcpwm_pwm.c **** * disclaimers, and limitations in the end user license agreement accompanying
  13:Generated_Source\PSoC6\pdl\drivers\peripheral\tcpwm/cy_tcpwm_pwm.c **** * the software package with which this file was provided.
  14:Generated_Source\PSoC6\pdl\drivers\peripheral\tcpwm/cy_tcpwm_pwm.c **** *******************************************************************************/
  15:Generated_Source\PSoC6\pdl\drivers\peripheral\tcpwm/cy_tcpwm_pwm.c **** 
  16:Generated_Source\PSoC6\pdl\drivers\peripheral\tcpwm/cy_tcpwm_pwm.c **** #include "cy_tcpwm_pwm.h"
  17:Generated_Source\PSoC6\pdl\drivers\peripheral\tcpwm/cy_tcpwm_pwm.c **** 
  18:Generated_Source\PSoC6\pdl\drivers\peripheral\tcpwm/cy_tcpwm_pwm.c **** #ifdef CY_IP_MXTCPWM
  19:Generated_Source\PSoC6\pdl\drivers\peripheral\tcpwm/cy_tcpwm_pwm.c **** 
  20:Generated_Source\PSoC6\pdl\drivers\peripheral\tcpwm/cy_tcpwm_pwm.c **** #if defined(__cplusplus)
  21:Generated_Source\PSoC6\pdl\drivers\peripheral\tcpwm/cy_tcpwm_pwm.c **** extern "C" {
  22:Generated_Source\PSoC6\pdl\drivers\peripheral\tcpwm/cy_tcpwm_pwm.c **** #endif
  23:Generated_Source\PSoC6\pdl\drivers\peripheral\tcpwm/cy_tcpwm_pwm.c **** 
  24:Generated_Source\PSoC6\pdl\drivers\peripheral\tcpwm/cy_tcpwm_pwm.c **** 
  25:Generated_Source\PSoC6\pdl\drivers\peripheral\tcpwm/cy_tcpwm_pwm.c **** /*******************************************************************************
  26:Generated_Source\PSoC6\pdl\drivers\peripheral\tcpwm/cy_tcpwm_pwm.c **** * Function Name: Cy_TCPWM_PWM_Init
  27:Generated_Source\PSoC6\pdl\drivers\peripheral\tcpwm/cy_tcpwm_pwm.c **** ****************************************************************************//**
  28:Generated_Source\PSoC6\pdl\drivers\peripheral\tcpwm/cy_tcpwm_pwm.c **** *
  29:Generated_Source\PSoC6\pdl\drivers\peripheral\tcpwm/cy_tcpwm_pwm.c **** * Initializes the counter in the TCPWM block for the PWM operation.
ARM GAS  C:\Users\Ramon\AppData\Local\Temp\cc7jCWKb.s 			page 2


  30:Generated_Source\PSoC6\pdl\drivers\peripheral\tcpwm/cy_tcpwm_pwm.c **** *
  31:Generated_Source\PSoC6\pdl\drivers\peripheral\tcpwm/cy_tcpwm_pwm.c **** * \param base
  32:Generated_Source\PSoC6\pdl\drivers\peripheral\tcpwm/cy_tcpwm_pwm.c **** * The pointer to a TCPWM instance.
  33:Generated_Source\PSoC6\pdl\drivers\peripheral\tcpwm/cy_tcpwm_pwm.c **** *
  34:Generated_Source\PSoC6\pdl\drivers\peripheral\tcpwm/cy_tcpwm_pwm.c **** * \param cntNum
  35:Generated_Source\PSoC6\pdl\drivers\peripheral\tcpwm/cy_tcpwm_pwm.c **** * The Counter instance number in the selected TCPWM.
  36:Generated_Source\PSoC6\pdl\drivers\peripheral\tcpwm/cy_tcpwm_pwm.c **** *
  37:Generated_Source\PSoC6\pdl\drivers\peripheral\tcpwm/cy_tcpwm_pwm.c **** * \param config
  38:Generated_Source\PSoC6\pdl\drivers\peripheral\tcpwm/cy_tcpwm_pwm.c **** * The pointer to a configuration structure. See \ref cy_stc_tcpwm_pwm_config_t.
  39:Generated_Source\PSoC6\pdl\drivers\peripheral\tcpwm/cy_tcpwm_pwm.c **** *
  40:Generated_Source\PSoC6\pdl\drivers\peripheral\tcpwm/cy_tcpwm_pwm.c **** * \return error / status code. See \ref cy_en_tcpwm_status_t.
  41:Generated_Source\PSoC6\pdl\drivers\peripheral\tcpwm/cy_tcpwm_pwm.c **** *
  42:Generated_Source\PSoC6\pdl\drivers\peripheral\tcpwm/cy_tcpwm_pwm.c **** * \funcusage
  43:Generated_Source\PSoC6\pdl\drivers\peripheral\tcpwm/cy_tcpwm_pwm.c **** * \snippet tcpwm\1.10\pwm\snippet\main.c snippet_Cy_TCPWM_PWM_Config
  44:Generated_Source\PSoC6\pdl\drivers\peripheral\tcpwm/cy_tcpwm_pwm.c **** * \snippet tcpwm\1.10\pwm\snippet\main.c snippet_Cy_TCPWM_PWM_Init
  45:Generated_Source\PSoC6\pdl\drivers\peripheral\tcpwm/cy_tcpwm_pwm.c **** *
  46:Generated_Source\PSoC6\pdl\drivers\peripheral\tcpwm/cy_tcpwm_pwm.c **** *******************************************************************************/
  47:Generated_Source\PSoC6\pdl\drivers\peripheral\tcpwm/cy_tcpwm_pwm.c **** cy_en_tcpwm_status_t Cy_TCPWM_PWM_Init(TCPWM_Type *base, uint32_t cntNum,  cy_stc_tcpwm_pwm_config_
  48:Generated_Source\PSoC6\pdl\drivers\peripheral\tcpwm/cy_tcpwm_pwm.c **** {
  29              		.loc 1 48 0
  30              		.cfi_startproc
  31              		@ args = 0, pretend = 0, frame = 0
  32              		@ frame_needed = 0, uses_anonymous_args = 0
  33              		@ link register save eliminated.
  34              	.LVL0:
  49:Generated_Source\PSoC6\pdl\drivers\peripheral\tcpwm/cy_tcpwm_pwm.c ****     cy_en_tcpwm_status_t status = CY_TCPWM_BAD_PARAM;
  50:Generated_Source\PSoC6\pdl\drivers\peripheral\tcpwm/cy_tcpwm_pwm.c **** 
  51:Generated_Source\PSoC6\pdl\drivers\peripheral\tcpwm/cy_tcpwm_pwm.c ****     if ((NULL != base) && (NULL != config))
  35              		.loc 1 51 0
  36 0000 0028     		cmp	r0, #0
  37 0002 00F0AC80 		beq	.L12
  48:Generated_Source\PSoC6\pdl\drivers\peripheral\tcpwm/cy_tcpwm_pwm.c ****     cy_en_tcpwm_status_t status = CY_TCPWM_BAD_PARAM;
  38              		.loc 1 48 0 discriminator 1
  39 0006 70B4     		push	{r4, r5, r6}
  40              		.cfi_def_cfa_offset 12
  41              		.cfi_offset 4, -12
  42              		.cfi_offset 5, -8
  43              		.cfi_offset 6, -4
  44 0008 0446     		mov	r4, r0
  45              		.loc 1 51 0 discriminator 1
  46 000a 002A     		cmp	r2, #0
  47 000c 00F0A980 		beq	.L13
  52:Generated_Source\PSoC6\pdl\drivers\peripheral\tcpwm/cy_tcpwm_pwm.c ****     {
  53:Generated_Source\PSoC6\pdl\drivers\peripheral\tcpwm/cy_tcpwm_pwm.c ****         TCPWM_CNT_CTRL(base, cntNum) = ((config->enableCompareSwap ? TCPWM_CNT_CTRL_AUTO_RELOAD_CC_
  48              		.loc 1 53 0
  49 0010 92F82830 		ldrb	r3, [r2, #40]	@ zero_extendqisi2
  50 0014 0BB1     		cbz	r3, .L14
  51 0016 0125     		movs	r5, #1
  52 0018 00E0     		b	.L3
  53              	.L14:
  54 001a 0025     		movs	r5, #0
  55              	.L3:
  54:Generated_Source\PSoC6\pdl\drivers\peripheral\tcpwm/cy_tcpwm_pwm.c ****                                       (config->enablePeriodSwap ? TCPWM_CNT_CTRL_AUTO_RELOAD_PERIOD
  56              		.loc 1 54 0
  57 001c 137F     		ldrb	r3, [r2, #28]	@ zero_extendqisi2
  58 001e 0BB1     		cbz	r3, .L15
  59 0020 0223     		movs	r3, #2
ARM GAS  C:\Users\Ramon\AppData\Local\Temp\cc7jCWKb.s 			page 3


  60 0022 00E0     		b	.L4
  61              	.L15:
  62 0024 0023     		movs	r3, #0
  63              	.L4:
  53:Generated_Source\PSoC6\pdl\drivers\peripheral\tcpwm/cy_tcpwm_pwm.c ****                                       (config->enablePeriodSwap ? TCPWM_CNT_CTRL_AUTO_RELOAD_PERIOD
  64              		.loc 1 53 0
  65 0026 1D43     		orrs	r5, r5, r3
  55:Generated_Source\PSoC6\pdl\drivers\peripheral\tcpwm/cy_tcpwm_pwm.c ****                                       _VAL2FLD(TCPWM_CNT_CTRL_ONE_SHOT, config->runMode) |
  66              		.loc 1 55 0
  67 0028 1669     		ldr	r6, [r2, #16]
  68 002a B604     		lsls	r6, r6, #18
  69 002c 06F48026 		and	r6, r6, #262144
  54:Generated_Source\PSoC6\pdl\drivers\peripheral\tcpwm/cy_tcpwm_pwm.c ****                                       (config->enablePeriodSwap ? TCPWM_CNT_CTRL_AUTO_RELOAD_PERIOD
  70              		.loc 1 54 0
  71 0030 45EA0603 		orr	r3, r5, r6
  56:Generated_Source\PSoC6\pdl\drivers\peripheral\tcpwm/cy_tcpwm_pwm.c ****                                       _VAL2FLD(TCPWM_CNT_CTRL_UP_DOWN_MODE, config->pwmAlignment) |
  72              		.loc 1 56 0
  73 0034 9568     		ldr	r5, [r2, #8]
  74 0036 2D04     		lsls	r5, r5, #16
  75 0038 05F44035 		and	r5, r5, #196608
  55:Generated_Source\PSoC6\pdl\drivers\peripheral\tcpwm/cy_tcpwm_pwm.c ****                                       _VAL2FLD(TCPWM_CNT_CTRL_ONE_SHOT, config->runMode) |
  76              		.loc 1 55 0
  77 003c 1D43     		orrs	r5, r5, r3
  57:Generated_Source\PSoC6\pdl\drivers\peripheral\tcpwm/cy_tcpwm_pwm.c ****                                       _VAL2FLD(TCPWM_CNT_CTRL_MODE, config->pwmMode) |
  78              		.loc 1 57 0
  79 003e 1668     		ldr	r6, [r2]
  80 0040 3006     		lsls	r0, r6, #24
  81              	.LVL1:
  82 0042 00F0E060 		and	r0, r0, #117440512
  56:Generated_Source\PSoC6\pdl\drivers\peripheral\tcpwm/cy_tcpwm_pwm.c ****                                       _VAL2FLD(TCPWM_CNT_CTRL_UP_DOWN_MODE, config->pwmAlignment) |
  83              		.loc 1 56 0
  84 0046 2843     		orrs	r0, r0, r5
  58:Generated_Source\PSoC6\pdl\drivers\peripheral\tcpwm/cy_tcpwm_pwm.c ****                                       _VAL2FLD(TCPWM_CNT_CTRL_QUADRATURE_MODE,
  85              		.loc 1 58 0
  86 0048 136B     		ldr	r3, [r2, #48]
  87 004a 556B     		ldr	r5, [r2, #52]
  88 004c 43EA4503 		orr	r3, r3, r5, lsl #1
  89 0050 1B05     		lsls	r3, r3, #20
  90 0052 03F44013 		and	r3, r3, #3145728
  57:Generated_Source\PSoC6\pdl\drivers\peripheral\tcpwm/cy_tcpwm_pwm.c ****                                       _VAL2FLD(TCPWM_CNT_CTRL_MODE, config->pwmMode) |
  91              		.loc 1 57 0
  92 0056 0343     		orrs	r3, r3, r0
  59:Generated_Source\PSoC6\pdl\drivers\peripheral\tcpwm/cy_tcpwm_pwm.c ****                                            (config->invertPWMOut | (config->invertPWMOutN << 1U))) 
  60:Generated_Source\PSoC6\pdl\drivers\peripheral\tcpwm/cy_tcpwm_pwm.c ****                                            (config->killMode << CY_TCPWM_PWM_CTRL_SYNC_KILL_OR_STOP
  93              		.loc 1 60 0
  94 0058 906B     		ldr	r0, [r2, #56]
  59:Generated_Source\PSoC6\pdl\drivers\peripheral\tcpwm/cy_tcpwm_pwm.c ****                                            (config->invertPWMOut | (config->invertPWMOutN << 1U))) 
  95              		.loc 1 59 0
  96 005a 43EA8000 		orr	r0, r3, r0, lsl #2
  61:Generated_Source\PSoC6\pdl\drivers\peripheral\tcpwm/cy_tcpwm_pwm.c ****                                            _VAL2FLD(TCPWM_CNT_CTRL_GENERIC, ((CY_TCPWM_PWM_MODE_DEA
  97              		.loc 1 61 0
  98 005e 052E     		cmp	r6, #5
  99 0060 03D1     		bne	.L5
 100              		.loc 1 61 0 is_stmt 0 discriminator 1
 101 0062 D368     		ldr	r3, [r2, #12]
 102 0064 1B02     		lsls	r3, r3, #8
 103 0066 9BB2     		uxth	r3, r3
ARM GAS  C:\Users\Ramon\AppData\Local\Temp\cc7jCWKb.s 			page 4


 104 0068 02E0     		b	.L6
 105              	.L5:
 106              		.loc 1 61 0 discriminator 2
 107 006a 5368     		ldr	r3, [r2, #4]
 108 006c 1B02     		lsls	r3, r3, #8
 109 006e 9BB2     		uxth	r3, r3
 110              	.L6:
  60:Generated_Source\PSoC6\pdl\drivers\peripheral\tcpwm/cy_tcpwm_pwm.c ****                                            _VAL2FLD(TCPWM_CNT_CTRL_GENERIC, ((CY_TCPWM_PWM_MODE_DEA
 111              		.loc 1 60 0 is_stmt 1
 112 0070 0343     		orrs	r3, r3, r0
  53:Generated_Source\PSoC6\pdl\drivers\peripheral\tcpwm/cy_tcpwm_pwm.c ****                                       (config->enablePeriodSwap ? TCPWM_CNT_CTRL_AUTO_RELOAD_PERIOD
 113              		.loc 1 53 0
 114 0072 081D     		adds	r0, r1, #4
 115 0074 8001     		lsls	r0, r0, #6
 116 0076 2350     		str	r3, [r4, r0]
  62:Generated_Source\PSoC6\pdl\drivers\peripheral\tcpwm/cy_tcpwm_pwm.c ****                                                                      config->deadTimeClocks : confi
  63:Generated_Source\PSoC6\pdl\drivers\peripheral\tcpwm/cy_tcpwm_pwm.c **** 
  64:Generated_Source\PSoC6\pdl\drivers\peripheral\tcpwm/cy_tcpwm_pwm.c ****         if (CY_TCPWM_PWM_MODE_PSEUDORANDOM == config->pwmMode)
 117              		.loc 1 64 0
 118 0078 1368     		ldr	r3, [r2]
 119 007a 062B     		cmp	r3, #6
 120 007c 08D1     		bne	.L7
  65:Generated_Source\PSoC6\pdl\drivers\peripheral\tcpwm/cy_tcpwm_pwm.c ****         {
  66:Generated_Source\PSoC6\pdl\drivers\peripheral\tcpwm/cy_tcpwm_pwm.c ****             TCPWM_CNT_COUNTER(base, cntNum) = CY_TCPWM_CNT_UP_DOWN_INIT_VAL;
 121              		.loc 1 66 0
 122 007e 04EB8113 		add	r3, r4, r1, lsl #6
 123 0082 0120     		movs	r0, #1
 124 0084 C3F80801 		str	r0, [r3, #264]
  67:Generated_Source\PSoC6\pdl\drivers\peripheral\tcpwm/cy_tcpwm_pwm.c ****             TCPWM_CNT_TR_CTRL2(base, cntNum) = CY_TCPWM_PWM_MODE_PR;
 125              		.loc 1 67 0
 126 0088 3F20     		movs	r0, #63
 127 008a C3F82801 		str	r0, [r3, #296]
 128 008e 1DE0     		b	.L8
 129              	.L7:
  68:Generated_Source\PSoC6\pdl\drivers\peripheral\tcpwm/cy_tcpwm_pwm.c ****         }
  69:Generated_Source\PSoC6\pdl\drivers\peripheral\tcpwm/cy_tcpwm_pwm.c ****         else
  70:Generated_Source\PSoC6\pdl\drivers\peripheral\tcpwm/cy_tcpwm_pwm.c ****         {
  71:Generated_Source\PSoC6\pdl\drivers\peripheral\tcpwm/cy_tcpwm_pwm.c ****             if (CY_TCPWM_PWM_LEFT_ALIGN == config->pwmAlignment)
 130              		.loc 1 71 0
 131 0090 9368     		ldr	r3, [r2, #8]
 132 0092 43B9     		cbnz	r3, .L9
  72:Generated_Source\PSoC6\pdl\drivers\peripheral\tcpwm/cy_tcpwm_pwm.c ****             {
  73:Generated_Source\PSoC6\pdl\drivers\peripheral\tcpwm/cy_tcpwm_pwm.c ****                 TCPWM_CNT_COUNTER(base, cntNum) = CY_TCPWM_CNT_UP_INIT_VAL;
 133              		.loc 1 73 0
 134 0094 04EB8113 		add	r3, r4, r1, lsl #6
 135 0098 0020     		movs	r0, #0
 136 009a C3F80801 		str	r0, [r3, #264]
  74:Generated_Source\PSoC6\pdl\drivers\peripheral\tcpwm/cy_tcpwm_pwm.c ****                 TCPWM_CNT_TR_CTRL2(base, cntNum) = CY_TCPWM_PWM_MODE_LEFT;
 137              		.loc 1 74 0
 138 009e 3120     		movs	r0, #49
 139 00a0 C3F82801 		str	r0, [r3, #296]
 140 00a4 12E0     		b	.L8
 141              	.L9:
  75:Generated_Source\PSoC6\pdl\drivers\peripheral\tcpwm/cy_tcpwm_pwm.c ****             }
  76:Generated_Source\PSoC6\pdl\drivers\peripheral\tcpwm/cy_tcpwm_pwm.c ****             else if (CY_TCPWM_PWM_RIGHT_ALIGN == config->pwmAlignment)
 142              		.loc 1 76 0
 143 00a6 012B     		cmp	r3, #1
ARM GAS  C:\Users\Ramon\AppData\Local\Temp\cc7jCWKb.s 			page 5


 144 00a8 08D1     		bne	.L10
  77:Generated_Source\PSoC6\pdl\drivers\peripheral\tcpwm/cy_tcpwm_pwm.c ****             {
  78:Generated_Source\PSoC6\pdl\drivers\peripheral\tcpwm/cy_tcpwm_pwm.c ****                 TCPWM_CNT_COUNTER(base, cntNum) = config->period0;
 145              		.loc 1 78 0
 146 00aa 5069     		ldr	r0, [r2, #20]
 147 00ac 04EB8113 		add	r3, r4, r1, lsl #6
 148 00b0 C3F80801 		str	r0, [r3, #264]
  79:Generated_Source\PSoC6\pdl\drivers\peripheral\tcpwm/cy_tcpwm_pwm.c ****                 TCPWM_CNT_TR_CTRL2(base, cntNum) = CY_TCPWM_PWM_MODE_RIGHT;
 149              		.loc 1 79 0
 150 00b4 1C20     		movs	r0, #28
 151 00b6 C3F82801 		str	r0, [r3, #296]
 152 00ba 07E0     		b	.L8
 153              	.L10:
  80:Generated_Source\PSoC6\pdl\drivers\peripheral\tcpwm/cy_tcpwm_pwm.c ****             }
  81:Generated_Source\PSoC6\pdl\drivers\peripheral\tcpwm/cy_tcpwm_pwm.c ****             else
  82:Generated_Source\PSoC6\pdl\drivers\peripheral\tcpwm/cy_tcpwm_pwm.c ****             {
  83:Generated_Source\PSoC6\pdl\drivers\peripheral\tcpwm/cy_tcpwm_pwm.c ****                 TCPWM_CNT_COUNTER(base, cntNum) = CY_TCPWM_CNT_UP_DOWN_INIT_VAL;
 154              		.loc 1 83 0
 155 00bc 04EB8113 		add	r3, r4, r1, lsl #6
 156 00c0 0120     		movs	r0, #1
 157 00c2 C3F80801 		str	r0, [r3, #264]
  84:Generated_Source\PSoC6\pdl\drivers\peripheral\tcpwm/cy_tcpwm_pwm.c ****                 TCPWM_CNT_TR_CTRL2(base, cntNum) = CY_TCPWM_PWM_MODE_CNTR_OR_ASYMM;
 158              		.loc 1 84 0
 159 00c6 1220     		movs	r0, #18
 160 00c8 C3F82801 		str	r0, [r3, #296]
 161              	.L8:
  85:Generated_Source\PSoC6\pdl\drivers\peripheral\tcpwm/cy_tcpwm_pwm.c ****             }
  86:Generated_Source\PSoC6\pdl\drivers\peripheral\tcpwm/cy_tcpwm_pwm.c ****         }
  87:Generated_Source\PSoC6\pdl\drivers\peripheral\tcpwm/cy_tcpwm_pwm.c **** 
  88:Generated_Source\PSoC6\pdl\drivers\peripheral\tcpwm/cy_tcpwm_pwm.c ****         TCPWM_CNT_CC(base, cntNum) = config->compare0;
 162              		.loc 1 88 0
 163 00cc 106A     		ldr	r0, [r2, #32]
 164 00ce 04EB8113 		add	r3, r4, r1, lsl #6
 165 00d2 C3F80C01 		str	r0, [r3, #268]
  89:Generated_Source\PSoC6\pdl\drivers\peripheral\tcpwm/cy_tcpwm_pwm.c ****         TCPWM_CNT_CC_BUFF(base, cntNum) = config->compare1;
 166              		.loc 1 89 0
 167 00d6 506A     		ldr	r0, [r2, #36]
 168 00d8 C3F81001 		str	r0, [r3, #272]
  90:Generated_Source\PSoC6\pdl\drivers\peripheral\tcpwm/cy_tcpwm_pwm.c ****         TCPWM_CNT_PERIOD(base, cntNum) = config->period0;
 169              		.loc 1 90 0
 170 00dc 5069     		ldr	r0, [r2, #20]
 171 00de C3F81401 		str	r0, [r3, #276]
  91:Generated_Source\PSoC6\pdl\drivers\peripheral\tcpwm/cy_tcpwm_pwm.c ****         TCPWM_CNT_PERIOD_BUFF(base, cntNum) = config->period1;
 172              		.loc 1 91 0
 173 00e2 9069     		ldr	r0, [r2, #24]
 174 00e4 C3F81801 		str	r0, [r3, #280]
  92:Generated_Source\PSoC6\pdl\drivers\peripheral\tcpwm/cy_tcpwm_pwm.c **** 
  93:Generated_Source\PSoC6\pdl\drivers\peripheral\tcpwm/cy_tcpwm_pwm.c ****         if (CY_TCPWM_INPUT_CREATOR != config->countInput)
 175              		.loc 1 93 0
 176 00e8 136E     		ldr	r3, [r2, #96]
 177 00ea B3F1FF3F 		cmp	r3, #-1
 178 00ee 17D0     		beq	.L11
  94:Generated_Source\PSoC6\pdl\drivers\peripheral\tcpwm/cy_tcpwm_pwm.c ****         {
  95:Generated_Source\PSoC6\pdl\drivers\peripheral\tcpwm/cy_tcpwm_pwm.c ****             TCPWM_CNT_TR_CTRL0(base, cntNum) = (_VAL2FLD(TCPWM_CNT_TR_CTRL0_CAPTURE_SEL, config->sw
 179              		.loc 1 95 0
 180 00f0 106C     		ldr	r0, [r2, #64]
 181 00f2 00F00F00 		and	r0, r0, #15
ARM GAS  C:\Users\Ramon\AppData\Local\Temp\cc7jCWKb.s 			page 6


  96:Generated_Source\PSoC6\pdl\drivers\peripheral\tcpwm/cy_tcpwm_pwm.c ****                                               _VAL2FLD(TCPWM_CNT_TR_CTRL0_RELOAD_SEL, config->reloa
 182              		.loc 1 96 0
 183 00f6 966C     		ldr	r6, [r2, #72]
 184 00f8 3602     		lsls	r6, r6, #8
 185 00fa 06F47066 		and	r6, r6, #3840
  95:Generated_Source\PSoC6\pdl\drivers\peripheral\tcpwm/cy_tcpwm_pwm.c ****                                               _VAL2FLD(TCPWM_CNT_TR_CTRL0_RELOAD_SEL, config->reloa
 186              		.loc 1 95 0
 187 00fe 3043     		orrs	r0, r0, r6
  97:Generated_Source\PSoC6\pdl\drivers\peripheral\tcpwm/cy_tcpwm_pwm.c ****                                               _VAL2FLD(TCPWM_CNT_TR_CTRL0_START_SEL, config->startI
 188              		.loc 1 97 0
 189 0100 156D     		ldr	r5, [r2, #80]
 190 0102 2D04     		lsls	r5, r5, #16
 191 0104 05F47025 		and	r5, r5, #983040
  96:Generated_Source\PSoC6\pdl\drivers\peripheral\tcpwm/cy_tcpwm_pwm.c ****                                               _VAL2FLD(TCPWM_CNT_TR_CTRL0_RELOAD_SEL, config->reloa
 192              		.loc 1 96 0
 193 0108 0543     		orrs	r5, r5, r0
  98:Generated_Source\PSoC6\pdl\drivers\peripheral\tcpwm/cy_tcpwm_pwm.c ****                                               _VAL2FLD(TCPWM_CNT_TR_CTRL0_STOP_SEL, config->killInp
 194              		.loc 1 98 0
 195 010a 906D     		ldr	r0, [r2, #88]
 196 010c 0003     		lsls	r0, r0, #12
 197 010e 80B2     		uxth	r0, r0
  97:Generated_Source\PSoC6\pdl\drivers\peripheral\tcpwm/cy_tcpwm_pwm.c ****                                               _VAL2FLD(TCPWM_CNT_TR_CTRL0_START_SEL, config->startI
 198              		.loc 1 97 0
 199 0110 2843     		orrs	r0, r0, r5
  99:Generated_Source\PSoC6\pdl\drivers\peripheral\tcpwm/cy_tcpwm_pwm.c ****                                               _VAL2FLD(TCPWM_CNT_TR_CTRL0_COUNT_SEL, config->countI
 200              		.loc 1 99 0
 201 0112 1B01     		lsls	r3, r3, #4
 202 0114 DBB2     		uxtb	r3, r3
  98:Generated_Source\PSoC6\pdl\drivers\peripheral\tcpwm/cy_tcpwm_pwm.c ****                                               _VAL2FLD(TCPWM_CNT_TR_CTRL0_STOP_SEL, config->killInp
 203              		.loc 1 98 0
 204 0116 0343     		orrs	r3, r3, r0
  95:Generated_Source\PSoC6\pdl\drivers\peripheral\tcpwm/cy_tcpwm_pwm.c ****                                               _VAL2FLD(TCPWM_CNT_TR_CTRL0_RELOAD_SEL, config->reloa
 205              		.loc 1 95 0
 206 0118 04EB8110 		add	r0, r4, r1, lsl #6
 207 011c C0F82031 		str	r3, [r0, #288]
 208              	.L11:
 100:Generated_Source\PSoC6\pdl\drivers\peripheral\tcpwm/cy_tcpwm_pwm.c ****         }
 101:Generated_Source\PSoC6\pdl\drivers\peripheral\tcpwm/cy_tcpwm_pwm.c ****         
 102:Generated_Source\PSoC6\pdl\drivers\peripheral\tcpwm/cy_tcpwm_pwm.c ****         TCPWM_CNT_TR_CTRL1(base, cntNum) = (_VAL2FLD(TCPWM_CNT_TR_CTRL1_CAPTURE_EDGE, config->swapI
 209              		.loc 1 102 0
 210 0120 D36B     		ldr	r3, [r2, #60]
 211 0122 03F00303 		and	r3, r3, #3
 103:Generated_Source\PSoC6\pdl\drivers\peripheral\tcpwm/cy_tcpwm_pwm.c ****                                           _VAL2FLD(TCPWM_CNT_TR_CTRL1_RELOAD_EDGE, config->reloadIn
 212              		.loc 1 103 0
 213 0126 566C     		ldr	r6, [r2, #68]
 214 0128 3601     		lsls	r6, r6, #4
 215 012a 06F03006 		and	r6, r6, #48
 102:Generated_Source\PSoC6\pdl\drivers\peripheral\tcpwm/cy_tcpwm_pwm.c ****                                           _VAL2FLD(TCPWM_CNT_TR_CTRL1_RELOAD_EDGE, config->reloadIn
 216              		.loc 1 102 0
 217 012e 3343     		orrs	r3, r3, r6
 104:Generated_Source\PSoC6\pdl\drivers\peripheral\tcpwm/cy_tcpwm_pwm.c ****                                           _VAL2FLD(TCPWM_CNT_TR_CTRL1_START_EDGE, config->startInpu
 218              		.loc 1 104 0
 219 0130 D56C     		ldr	r5, [r2, #76]
 220 0132 2D02     		lsls	r5, r5, #8
 221 0134 05F44075 		and	r5, r5, #768
 103:Generated_Source\PSoC6\pdl\drivers\peripheral\tcpwm/cy_tcpwm_pwm.c ****                                           _VAL2FLD(TCPWM_CNT_TR_CTRL1_RELOAD_EDGE, config->reloadIn
 222              		.loc 1 103 0
ARM GAS  C:\Users\Ramon\AppData\Local\Temp\cc7jCWKb.s 			page 7


 223 0138 2B43     		orrs	r3, r3, r5
 105:Generated_Source\PSoC6\pdl\drivers\peripheral\tcpwm/cy_tcpwm_pwm.c ****                                           _VAL2FLD(TCPWM_CNT_TR_CTRL1_STOP_EDGE, config->killInputM
 224              		.loc 1 105 0
 225 013a 506D     		ldr	r0, [r2, #84]
 226 013c 8001     		lsls	r0, r0, #6
 227 013e C0B2     		uxtb	r0, r0
 104:Generated_Source\PSoC6\pdl\drivers\peripheral\tcpwm/cy_tcpwm_pwm.c ****                                           _VAL2FLD(TCPWM_CNT_TR_CTRL1_START_EDGE, config->startInpu
 228              		.loc 1 104 0
 229 0140 1843     		orrs	r0, r0, r3
 106:Generated_Source\PSoC6\pdl\drivers\peripheral\tcpwm/cy_tcpwm_pwm.c ****                                           _VAL2FLD(TCPWM_CNT_TR_CTRL1_COUNT_EDGE, config->countInpu
 230              		.loc 1 106 0
 231 0142 D36D     		ldr	r3, [r2, #92]
 232 0144 9B00     		lsls	r3, r3, #2
 233 0146 03F00C03 		and	r3, r3, #12
 105:Generated_Source\PSoC6\pdl\drivers\peripheral\tcpwm/cy_tcpwm_pwm.c ****                                           _VAL2FLD(TCPWM_CNT_TR_CTRL1_STOP_EDGE, config->killInputM
 234              		.loc 1 105 0
 235 014a 0343     		orrs	r3, r3, r0
 102:Generated_Source\PSoC6\pdl\drivers\peripheral\tcpwm/cy_tcpwm_pwm.c ****                                           _VAL2FLD(TCPWM_CNT_TR_CTRL1_RELOAD_EDGE, config->reloadIn
 236              		.loc 1 102 0
 237 014c 04EB8114 		add	r4, r4, r1, lsl #6
 238              	.LVL2:
 239 0150 C4F82431 		str	r3, [r4, #292]
 107:Generated_Source\PSoC6\pdl\drivers\peripheral\tcpwm/cy_tcpwm_pwm.c **** 
 108:Generated_Source\PSoC6\pdl\drivers\peripheral\tcpwm/cy_tcpwm_pwm.c ****         TCPWM_CNT_INTR_MASK(base, cntNum) = config->interruptSources;
 240              		.loc 1 108 0
 241 0154 D36A     		ldr	r3, [r2, #44]
 242 0156 C4F83831 		str	r3, [r4, #312]
 243              	.LVL3:
 109:Generated_Source\PSoC6\pdl\drivers\peripheral\tcpwm/cy_tcpwm_pwm.c **** 
 110:Generated_Source\PSoC6\pdl\drivers\peripheral\tcpwm/cy_tcpwm_pwm.c ****         status = CY_TCPWM_SUCCESS;
 244              		.loc 1 110 0
 245 015a 0020     		movs	r0, #0
 246 015c 02E0     		b	.L2
 247              	.LVL4:
 248              	.L12:
 249              		.cfi_def_cfa_offset 0
 250              		.cfi_restore 4
 251              		.cfi_restore 5
 252              		.cfi_restore 6
  49:Generated_Source\PSoC6\pdl\drivers\peripheral\tcpwm/cy_tcpwm_pwm.c **** 
 253              		.loc 1 49 0
 254 015e 0248     		ldr	r0, .L17
 255              	.LVL5:
 111:Generated_Source\PSoC6\pdl\drivers\peripheral\tcpwm/cy_tcpwm_pwm.c ****     }
 112:Generated_Source\PSoC6\pdl\drivers\peripheral\tcpwm/cy_tcpwm_pwm.c **** 
 113:Generated_Source\PSoC6\pdl\drivers\peripheral\tcpwm/cy_tcpwm_pwm.c ****     return(status);
 114:Generated_Source\PSoC6\pdl\drivers\peripheral\tcpwm/cy_tcpwm_pwm.c **** }
 256              		.loc 1 114 0
 257 0160 7047     		bx	lr
 258              	.LVL6:
 259              	.L13:
 260              		.cfi_def_cfa_offset 12
 261              		.cfi_offset 4, -12
 262              		.cfi_offset 5, -8
 263              		.cfi_offset 6, -4
  49:Generated_Source\PSoC6\pdl\drivers\peripheral\tcpwm/cy_tcpwm_pwm.c **** 
 264              		.loc 1 49 0
ARM GAS  C:\Users\Ramon\AppData\Local\Temp\cc7jCWKb.s 			page 8


 265 0162 0148     		ldr	r0, .L17
 266              	.LVL7:
 267              	.L2:
 268              		.loc 1 114 0
 269 0164 70BC     		pop	{r4, r5, r6}
 270              		.cfi_restore 6
 271              		.cfi_restore 5
 272              		.cfi_restore 4
 273              		.cfi_def_cfa_offset 0
 274 0166 7047     		bx	lr
 275              	.L18:
 276              		.align	2
 277              	.L17:
 278 0168 0100B600 		.word	11927553
 279              		.cfi_endproc
 280              	.LFE162:
 281              		.size	Cy_TCPWM_PWM_Init, .-Cy_TCPWM_PWM_Init
 282              		.section	.text.Cy_TCPWM_PWM_DeInit,"ax",%progbits
 283              		.align	2
 284              		.global	Cy_TCPWM_PWM_DeInit
 285              		.thumb
 286              		.thumb_func
 287              		.type	Cy_TCPWM_PWM_DeInit, %function
 288              	Cy_TCPWM_PWM_DeInit:
 289              	.LFB163:
 115:Generated_Source\PSoC6\pdl\drivers\peripheral\tcpwm/cy_tcpwm_pwm.c **** 
 116:Generated_Source\PSoC6\pdl\drivers\peripheral\tcpwm/cy_tcpwm_pwm.c **** /*******************************************************************************
 117:Generated_Source\PSoC6\pdl\drivers\peripheral\tcpwm/cy_tcpwm_pwm.c **** * Function Name: Cy_TCPWM_PWM_DeInit
 118:Generated_Source\PSoC6\pdl\drivers\peripheral\tcpwm/cy_tcpwm_pwm.c **** ****************************************************************************//**
 119:Generated_Source\PSoC6\pdl\drivers\peripheral\tcpwm/cy_tcpwm_pwm.c **** *
 120:Generated_Source\PSoC6\pdl\drivers\peripheral\tcpwm/cy_tcpwm_pwm.c **** * De-initializes the counter in the TCPWM block, returns register values to 
 121:Generated_Source\PSoC6\pdl\drivers\peripheral\tcpwm/cy_tcpwm_pwm.c **** * default.
 122:Generated_Source\PSoC6\pdl\drivers\peripheral\tcpwm/cy_tcpwm_pwm.c **** *
 123:Generated_Source\PSoC6\pdl\drivers\peripheral\tcpwm/cy_tcpwm_pwm.c **** * \param base
 124:Generated_Source\PSoC6\pdl\drivers\peripheral\tcpwm/cy_tcpwm_pwm.c **** * The pointer to a TCPWM instance.
 125:Generated_Source\PSoC6\pdl\drivers\peripheral\tcpwm/cy_tcpwm_pwm.c **** *
 126:Generated_Source\PSoC6\pdl\drivers\peripheral\tcpwm/cy_tcpwm_pwm.c **** * \param cntNum
 127:Generated_Source\PSoC6\pdl\drivers\peripheral\tcpwm/cy_tcpwm_pwm.c **** * The Counter instance number in the selected TCPWM.
 128:Generated_Source\PSoC6\pdl\drivers\peripheral\tcpwm/cy_tcpwm_pwm.c **** *
 129:Generated_Source\PSoC6\pdl\drivers\peripheral\tcpwm/cy_tcpwm_pwm.c **** * \param config
 130:Generated_Source\PSoC6\pdl\drivers\peripheral\tcpwm/cy_tcpwm_pwm.c **** * The pointer to a configuration structure. See \ref cy_stc_tcpwm_pwm_config_t.
 131:Generated_Source\PSoC6\pdl\drivers\peripheral\tcpwm/cy_tcpwm_pwm.c **** *
 132:Generated_Source\PSoC6\pdl\drivers\peripheral\tcpwm/cy_tcpwm_pwm.c **** * \funcusage
 133:Generated_Source\PSoC6\pdl\drivers\peripheral\tcpwm/cy_tcpwm_pwm.c **** * \snippet tcpwm\1.10\pwm\snippet\main.c snippet_Cy_TCPWM_PWM_DeInit
 134:Generated_Source\PSoC6\pdl\drivers\peripheral\tcpwm/cy_tcpwm_pwm.c **** *
 135:Generated_Source\PSoC6\pdl\drivers\peripheral\tcpwm/cy_tcpwm_pwm.c **** *******************************************************************************/
 136:Generated_Source\PSoC6\pdl\drivers\peripheral\tcpwm/cy_tcpwm_pwm.c **** void Cy_TCPWM_PWM_DeInit(TCPWM_Type *base, uint32_t cntNum, cy_stc_tcpwm_pwm_config_t const *config
 137:Generated_Source\PSoC6\pdl\drivers\peripheral\tcpwm/cy_tcpwm_pwm.c **** {
 290              		.loc 1 137 0
 291              		.cfi_startproc
 292              		@ args = 0, pretend = 0, frame = 0
 293              		@ frame_needed = 0, uses_anonymous_args = 0
 294              		@ link register save eliminated.
 295              	.LVL8:
 296 0000 30B4     		push	{r4, r5}
 297              		.cfi_def_cfa_offset 8
 298              		.cfi_offset 4, -8
ARM GAS  C:\Users\Ramon\AppData\Local\Temp\cc7jCWKb.s 			page 9


 299              		.cfi_offset 5, -4
 138:Generated_Source\PSoC6\pdl\drivers\peripheral\tcpwm/cy_tcpwm_pwm.c ****     TCPWM_CNT_CTRL(base, cntNum) = CY_TCPWM_CNT_CTRL_DEFAULT;
 300              		.loc 1 138 0
 301 0002 0B1D     		adds	r3, r1, #4
 302 0004 9B01     		lsls	r3, r3, #6
 303 0006 0024     		movs	r4, #0
 304 0008 C450     		str	r4, [r0, r3]
 139:Generated_Source\PSoC6\pdl\drivers\peripheral\tcpwm/cy_tcpwm_pwm.c ****     TCPWM_CNT_COUNTER(base, cntNum) = CY_TCPWM_CNT_COUNTER_DEFAULT;
 305              		.loc 1 139 0
 306 000a 00EB8113 		add	r3, r0, r1, lsl #6
 307 000e C3F80841 		str	r4, [r3, #264]
 140:Generated_Source\PSoC6\pdl\drivers\peripheral\tcpwm/cy_tcpwm_pwm.c ****     TCPWM_CNT_CC(base, cntNum) = CY_TCPWM_CNT_CC_DEFAULT;
 308              		.loc 1 140 0
 309 0012 4FF0FF35 		mov	r5, #-1
 310 0016 C3F80C51 		str	r5, [r3, #268]
 141:Generated_Source\PSoC6\pdl\drivers\peripheral\tcpwm/cy_tcpwm_pwm.c ****     TCPWM_CNT_CC_BUFF(base, cntNum) = CY_TCPWM_CNT_CC_BUFF_DEFAULT;
 311              		.loc 1 141 0
 312 001a C3F81051 		str	r5, [r3, #272]
 142:Generated_Source\PSoC6\pdl\drivers\peripheral\tcpwm/cy_tcpwm_pwm.c ****     TCPWM_CNT_PERIOD(base, cntNum) = CY_TCPWM_CNT_PERIOD_DEFAULT;
 313              		.loc 1 142 0
 314 001e C3F81451 		str	r5, [r3, #276]
 143:Generated_Source\PSoC6\pdl\drivers\peripheral\tcpwm/cy_tcpwm_pwm.c ****     TCPWM_CNT_PERIOD_BUFF(base, cntNum) = CY_TCPWM_CNT_PERIOD_BUFF_DEFAULT;
 315              		.loc 1 143 0
 316 0022 C3F81851 		str	r5, [r3, #280]
 144:Generated_Source\PSoC6\pdl\drivers\peripheral\tcpwm/cy_tcpwm_pwm.c ****     TCPWM_CNT_TR_CTRL1(base, cntNum) = CY_TCPWM_CNT_TR_CTRL1_DEFAULT;
 317              		.loc 1 144 0
 318 0026 40F2FF35 		movw	r5, #1023
 319 002a C3F82451 		str	r5, [r3, #292]
 145:Generated_Source\PSoC6\pdl\drivers\peripheral\tcpwm/cy_tcpwm_pwm.c ****     TCPWM_CNT_TR_CTRL2(base, cntNum) = CY_TCPWM_CNT_TR_CTRL2_DEFAULT;
 320              		.loc 1 145 0
 321 002e 3F25     		movs	r5, #63
 322 0030 C3F82851 		str	r5, [r3, #296]
 146:Generated_Source\PSoC6\pdl\drivers\peripheral\tcpwm/cy_tcpwm_pwm.c ****     TCPWM_CNT_INTR(base, cntNum) = CY_TCPWM_CNT_INTR_DEFAULT;
 323              		.loc 1 146 0
 324 0034 0325     		movs	r5, #3
 325 0036 C3F83051 		str	r5, [r3, #304]
 147:Generated_Source\PSoC6\pdl\drivers\peripheral\tcpwm/cy_tcpwm_pwm.c ****     TCPWM_CNT_INTR_SET(base, cntNum) = CY_TCPWM_CNT_INTR_SET_DEFAULT;
 326              		.loc 1 147 0
 327 003a C3F83441 		str	r4, [r3, #308]
 148:Generated_Source\PSoC6\pdl\drivers\peripheral\tcpwm/cy_tcpwm_pwm.c ****     TCPWM_CNT_INTR_MASK(base, cntNum) = CY_TCPWM_CNT_INTR_MASK_DEFAULT;
 328              		.loc 1 148 0
 329 003e C3F83841 		str	r4, [r3, #312]
 149:Generated_Source\PSoC6\pdl\drivers\peripheral\tcpwm/cy_tcpwm_pwm.c **** 
 150:Generated_Source\PSoC6\pdl\drivers\peripheral\tcpwm/cy_tcpwm_pwm.c ****     if (CY_TCPWM_INPUT_CREATOR != config->countInput)
 330              		.loc 1 150 0
 331 0042 136E     		ldr	r3, [r2, #96]
 332 0044 B3F1FF3F 		cmp	r3, #-1
 333 0048 04D0     		beq	.L19
 151:Generated_Source\PSoC6\pdl\drivers\peripheral\tcpwm/cy_tcpwm_pwm.c ****     {    
 152:Generated_Source\PSoC6\pdl\drivers\peripheral\tcpwm/cy_tcpwm_pwm.c ****         TCPWM_CNT_TR_CTRL0(base, cntNum) = CY_TCPWM_CNT_TR_CTRL0_DEFAULT;
 334              		.loc 1 152 0
 335 004a 00EB8110 		add	r0, r0, r1, lsl #6
 336              	.LVL9:
 337 004e 1023     		movs	r3, #16
 338 0050 C0F82031 		str	r3, [r0, #288]
 339              	.L19:
 153:Generated_Source\PSoC6\pdl\drivers\peripheral\tcpwm/cy_tcpwm_pwm.c ****     }
ARM GAS  C:\Users\Ramon\AppData\Local\Temp\cc7jCWKb.s 			page 10


 154:Generated_Source\PSoC6\pdl\drivers\peripheral\tcpwm/cy_tcpwm_pwm.c **** }
 340              		.loc 1 154 0
 341 0054 30BC     		pop	{r4, r5}
 342              		.cfi_restore 5
 343              		.cfi_restore 4
 344              		.cfi_def_cfa_offset 0
 345 0056 7047     		bx	lr
 346              		.cfi_endproc
 347              	.LFE163:
 348              		.size	Cy_TCPWM_PWM_DeInit, .-Cy_TCPWM_PWM_DeInit
 349              		.text
 350              	.Letext0:
 351              		.file 2 "c:\\program files (x86)\\cypress\\psoc creator\\4.4\\psoc creator\\import\\gnu\\arm\\5.4.
 352              		.file 3 "c:\\program files (x86)\\cypress\\psoc creator\\4.4\\psoc creator\\import\\gnu\\arm\\5.4.
 353              		.file 4 "Generated_Source\\PSoC6\\pdl\\devices/psoc6/include/ip/cyip_tcpwm.h"
 354              		.file 5 "Generated_Source\\PSoC6\\pdl\\devices/psoc6/include/psoc6_01_config.h"
 355              		.file 6 "Generated_Source\\PSoC6\\pdl\\drivers\\peripheral\\tcpwm\\cy_tcpwm.h"
 356              		.file 7 "Generated_Source\\PSoC6\\pdl\\drivers\\peripheral\\tcpwm\\cy_tcpwm_pwm.h"
 357              		.file 8 ".\\Core\\Include/cmsis_gcc.h"
 358              		.file 9 ".\\Core\\Include/core_cm4.h"
 359              		.section	.debug_info,"",%progbits
 360              	.Ldebug_info0:
 361 0000 26050000 		.4byte	0x526
 362 0004 0400     		.2byte	0x4
 363 0006 00000000 		.4byte	.Ldebug_abbrev0
 364 000a 04       		.byte	0x4
 365 000b 01       		.uleb128 0x1
 366 000c D4000000 		.4byte	.LASF85
 367 0010 0C       		.byte	0xc
 368 0011 6E040000 		.4byte	.LASF86
 369 0015 F5030000 		.4byte	.LASF87
 370 0019 00000000 		.4byte	.Ldebug_ranges0+0
 371 001d 00000000 		.4byte	0
 372 0021 00000000 		.4byte	.Ldebug_line0
 373 0025 02       		.uleb128 0x2
 374 0026 01       		.byte	0x1
 375 0027 06       		.byte	0x6
 376 0028 18030000 		.4byte	.LASF0
 377 002c 02       		.uleb128 0x2
 378 002d 01       		.byte	0x1
 379 002e 08       		.byte	0x8
 380 002f FA020000 		.4byte	.LASF1
 381 0033 02       		.uleb128 0x2
 382 0034 02       		.byte	0x2
 383 0035 05       		.byte	0x5
 384 0036 6A000000 		.4byte	.LASF2
 385 003a 02       		.uleb128 0x2
 386 003b 02       		.byte	0x2
 387 003c 07       		.byte	0x7
 388 003d 7B030000 		.4byte	.LASF3
 389 0041 03       		.uleb128 0x3
 390 0042 CA040000 		.4byte	.LASF5
 391 0046 02       		.byte	0x2
 392 0047 3F       		.byte	0x3f
 393 0048 4C000000 		.4byte	0x4c
 394 004c 02       		.uleb128 0x2
 395 004d 04       		.byte	0x4
ARM GAS  C:\Users\Ramon\AppData\Local\Temp\cc7jCWKb.s 			page 11


 396 004e 05       		.byte	0x5
 397 004f 96020000 		.4byte	.LASF4
 398 0053 03       		.uleb128 0x3
 399 0054 98010000 		.4byte	.LASF6
 400 0058 02       		.byte	0x2
 401 0059 41       		.byte	0x41
 402 005a 5E000000 		.4byte	0x5e
 403 005e 02       		.uleb128 0x2
 404 005f 04       		.byte	0x4
 405 0060 07       		.byte	0x7
 406 0061 44040000 		.4byte	.LASF7
 407 0065 02       		.uleb128 0x2
 408 0066 08       		.byte	0x8
 409 0067 05       		.byte	0x5
 410 0068 6D020000 		.4byte	.LASF8
 411 006c 02       		.uleb128 0x2
 412 006d 08       		.byte	0x8
 413 006e 07       		.byte	0x7
 414 006f 2D030000 		.4byte	.LASF9
 415 0073 04       		.uleb128 0x4
 416 0074 04       		.byte	0x4
 417 0075 05       		.byte	0x5
 418 0076 696E7400 		.ascii	"int\000"
 419 007a 02       		.uleb128 0x2
 420 007b 04       		.byte	0x4
 421 007c 07       		.byte	0x7
 422 007d 4D030000 		.4byte	.LASF10
 423 0081 03       		.uleb128 0x3
 424 0082 BC020000 		.4byte	.LASF11
 425 0086 03       		.byte	0x3
 426 0087 2C       		.byte	0x2c
 427 0088 41000000 		.4byte	0x41
 428 008c 03       		.uleb128 0x3
 429 008d 44030000 		.4byte	.LASF12
 430 0091 03       		.byte	0x3
 431 0092 30       		.byte	0x30
 432 0093 53000000 		.4byte	0x53
 433 0097 02       		.uleb128 0x2
 434 0098 08       		.byte	0x8
 435 0099 04       		.byte	0x4
 436 009a DF020000 		.4byte	.LASF13
 437 009e 05       		.uleb128 0x5
 438 009f 8C000000 		.4byte	0x8c
 439 00a3 06       		.uleb128 0x6
 440 00a4 9E000000 		.4byte	0x9e
 441 00a8 02       		.uleb128 0x2
 442 00a9 04       		.byte	0x4
 443 00aa 07       		.byte	0x7
 444 00ab 74000000 		.4byte	.LASF14
 445 00af 07       		.uleb128 0x7
 446 00b0 A3000000 		.4byte	0xa3
 447 00b4 BF000000 		.4byte	0xbf
 448 00b8 08       		.uleb128 0x8
 449 00b9 A8000000 		.4byte	0xa8
 450 00bd 37       		.byte	0x37
 451 00be 00       		.byte	0
 452 00bf 09       		.uleb128 0x9
ARM GAS  C:\Users\Ramon\AppData\Local\Temp\cc7jCWKb.s 			page 12


 453 00c0 40       		.byte	0x40
 454 00c1 04       		.byte	0x4
 455 00c2 22       		.byte	0x22
 456 00c3 87010000 		.4byte	0x187
 457 00c7 0A       		.uleb128 0xa
 458 00c8 08030000 		.4byte	.LASF15
 459 00cc 04       		.byte	0x4
 460 00cd 23       		.byte	0x23
 461 00ce 9E000000 		.4byte	0x9e
 462 00d2 00       		.byte	0
 463 00d3 0A       		.uleb128 0xa
 464 00d4 BE030000 		.4byte	.LASF16
 465 00d8 04       		.byte	0x4
 466 00d9 24       		.byte	0x24
 467 00da A3000000 		.4byte	0xa3
 468 00de 04       		.byte	0x4
 469 00df 0A       		.uleb128 0xa
 470 00e0 0F050000 		.4byte	.LASF17
 471 00e4 04       		.byte	0x4
 472 00e5 25       		.byte	0x25
 473 00e6 9E000000 		.4byte	0x9e
 474 00ea 08       		.byte	0x8
 475 00eb 0B       		.uleb128 0xb
 476 00ec 434300   		.ascii	"CC\000"
 477 00ef 04       		.byte	0x4
 478 00f0 26       		.byte	0x26
 479 00f1 9E000000 		.4byte	0x9e
 480 00f5 0C       		.byte	0xc
 481 00f6 0A       		.uleb128 0xa
 482 00f7 D7020000 		.4byte	.LASF18
 483 00fb 04       		.byte	0x4
 484 00fc 27       		.byte	0x27
 485 00fd 9E000000 		.4byte	0x9e
 486 0101 10       		.byte	0x10
 487 0102 0A       		.uleb128 0xa
 488 0103 A4000000 		.4byte	.LASF19
 489 0107 04       		.byte	0x4
 490 0108 28       		.byte	0x28
 491 0109 9E000000 		.4byte	0x9e
 492 010d 14       		.byte	0x14
 493 010e 0A       		.uleb128 0xa
 494 010f 7D000000 		.4byte	.LASF20
 495 0113 04       		.byte	0x4
 496 0114 29       		.byte	0x29
 497 0115 9E000000 		.4byte	0x9e
 498 0119 18       		.byte	0x18
 499 011a 0A       		.uleb128 0xa
 500 011b 1F050000 		.4byte	.LASF21
 501 011f 04       		.byte	0x4
 502 0120 2A       		.byte	0x2a
 503 0121 A3000000 		.4byte	0xa3
 504 0125 1C       		.byte	0x1c
 505 0126 0A       		.uleb128 0xa
 506 0127 B2010000 		.4byte	.LASF22
 507 012b 04       		.byte	0x4
 508 012c 2B       		.byte	0x2b
 509 012d 9E000000 		.4byte	0x9e
ARM GAS  C:\Users\Ramon\AppData\Local\Temp\cc7jCWKb.s 			page 13


 510 0131 20       		.byte	0x20
 511 0132 0A       		.uleb128 0xa
 512 0133 B6000000 		.4byte	.LASF23
 513 0137 04       		.byte	0x4
 514 0138 2C       		.byte	0x2c
 515 0139 9E000000 		.4byte	0x9e
 516 013d 24       		.byte	0x24
 517 013e 0A       		.uleb128 0xa
 518 013f 9F020000 		.4byte	.LASF24
 519 0143 04       		.byte	0x4
 520 0144 2D       		.byte	0x2d
 521 0145 9E000000 		.4byte	0x9e
 522 0149 28       		.byte	0x28
 523 014a 0A       		.uleb128 0xa
 524 014b 3A040000 		.4byte	.LASF25
 525 014f 04       		.byte	0x4
 526 0150 2E       		.byte	0x2e
 527 0151 A3000000 		.4byte	0xa3
 528 0155 2C       		.byte	0x2c
 529 0156 0A       		.uleb128 0xa
 530 0157 DE030000 		.4byte	.LASF26
 531 015b 04       		.byte	0x4
 532 015c 2F       		.byte	0x2f
 533 015d 9E000000 		.4byte	0x9e
 534 0161 30       		.byte	0x30
 535 0162 0A       		.uleb128 0xa
 536 0163 24030000 		.4byte	.LASF27
 537 0167 04       		.byte	0x4
 538 0168 30       		.byte	0x30
 539 0169 9E000000 		.4byte	0x9e
 540 016d 34       		.byte	0x34
 541 016e 0A       		.uleb128 0xa
 542 016f 71030000 		.4byte	.LASF28
 543 0173 04       		.byte	0x4
 544 0174 31       		.byte	0x31
 545 0175 9E000000 		.4byte	0x9e
 546 0179 38       		.byte	0x38
 547 017a 0A       		.uleb128 0xa
 548 017b CB020000 		.4byte	.LASF29
 549 017f 04       		.byte	0x4
 550 0180 32       		.byte	0x32
 551 0181 A3000000 		.4byte	0xa3
 552 0185 3C       		.byte	0x3c
 553 0186 00       		.byte	0
 554 0187 03       		.uleb128 0x3
 555 0188 89000000 		.4byte	.LASF30
 556 018c 04       		.byte	0x4
 557 018d 33       		.byte	0x33
 558 018e BF000000 		.4byte	0xbf
 559 0192 0C       		.uleb128 0xc
 560 0193 0009     		.2byte	0x900
 561 0195 04       		.byte	0x4
 562 0196 38       		.byte	0x38
 563 0197 15020000 		.4byte	0x215
 564 019b 0A       		.uleb128 0xa
 565 019c 08030000 		.4byte	.LASF15
 566 01a0 04       		.byte	0x4
ARM GAS  C:\Users\Ramon\AppData\Local\Temp\cc7jCWKb.s 			page 14


 567 01a1 39       		.byte	0x39
 568 01a2 9E000000 		.4byte	0x9e
 569 01a6 00       		.byte	0
 570 01a7 0A       		.uleb128 0xa
 571 01a8 D4040000 		.4byte	.LASF31
 572 01ac 04       		.byte	0x4
 573 01ad 3A       		.byte	0x3a
 574 01ae 9E000000 		.4byte	0x9e
 575 01b2 04       		.byte	0x4
 576 01b3 0A       		.uleb128 0xa
 577 01b4 9B000000 		.4byte	.LASF32
 578 01b8 04       		.byte	0x4
 579 01b9 3B       		.byte	0x3b
 580 01ba 9E000000 		.4byte	0x9e
 581 01be 08       		.byte	0x8
 582 01bf 0A       		.uleb128 0xa
 583 01c0 04020000 		.4byte	.LASF33
 584 01c4 04       		.byte	0x4
 585 01c5 3C       		.byte	0x3c
 586 01c6 9E000000 		.4byte	0x9e
 587 01ca 0C       		.byte	0xc
 588 01cb 0A       		.uleb128 0xa
 589 01cc AB000000 		.4byte	.LASF34
 590 01d0 04       		.byte	0x4
 591 01d1 3D       		.byte	0x3d
 592 01d2 9E000000 		.4byte	0x9e
 593 01d6 10       		.byte	0x10
 594 01d7 0A       		.uleb128 0xa
 595 01d8 68030000 		.4byte	.LASF35
 596 01dc 04       		.byte	0x4
 597 01dd 3E       		.byte	0x3e
 598 01de 9E000000 		.4byte	0x9e
 599 01e2 14       		.byte	0x14
 600 01e3 0A       		.uleb128 0xa
 601 01e4 21020000 		.4byte	.LASF36
 602 01e8 04       		.byte	0x4
 603 01e9 3F       		.byte	0x3f
 604 01ea 9E000000 		.4byte	0x9e
 605 01ee 18       		.byte	0x18
 606 01ef 0A       		.uleb128 0xa
 607 01f0 0D030000 		.4byte	.LASF37
 608 01f4 04       		.byte	0x4
 609 01f5 40       		.byte	0x40
 610 01f6 A3000000 		.4byte	0xa3
 611 01fa 1C       		.byte	0x1c
 612 01fb 0A       		.uleb128 0xa
 613 01fc 1F050000 		.4byte	.LASF21
 614 0200 04       		.byte	0x4
 615 0201 41       		.byte	0x41
 616 0202 1A020000 		.4byte	0x21a
 617 0206 20       		.byte	0x20
 618 0207 0D       		.uleb128 0xd
 619 0208 434E5400 		.ascii	"CNT\000"
 620 020c 04       		.byte	0x4
 621 020d 42       		.byte	0x42
 622 020e 1F020000 		.4byte	0x21f
 623 0212 0001     		.2byte	0x100
ARM GAS  C:\Users\Ramon\AppData\Local\Temp\cc7jCWKb.s 			page 15


 624 0214 00       		.byte	0
 625 0215 05       		.uleb128 0x5
 626 0216 AF000000 		.4byte	0xaf
 627 021a 06       		.uleb128 0x6
 628 021b 15020000 		.4byte	0x215
 629 021f 07       		.uleb128 0x7
 630 0220 87010000 		.4byte	0x187
 631 0224 2F020000 		.4byte	0x22f
 632 0228 08       		.uleb128 0x8
 633 0229 A8000000 		.4byte	0xa8
 634 022d 1F       		.byte	0x1f
 635 022e 00       		.byte	0
 636 022f 03       		.uleb128 0x3
 637 0230 C2010000 		.4byte	.LASF38
 638 0234 04       		.byte	0x4
 639 0235 43       		.byte	0x43
 640 0236 92010000 		.4byte	0x192
 641 023a 0E       		.uleb128 0xe
 642 023b 5A050000 		.4byte	.LASF39
 643 023f 05       		.byte	0x5
 644 0240 4206     		.2byte	0x642
 645 0242 2F020000 		.4byte	0x22f
 646 0246 02       		.uleb128 0x2
 647 0247 01       		.byte	0x1
 648 0248 08       		.byte	0x8
 649 0249 AA030000 		.4byte	.LASF40
 650 024d 02       		.uleb128 0x2
 651 024e 04       		.byte	0x4
 652 024f 04       		.byte	0x4
 653 0250 47020000 		.4byte	.LASF41
 654 0254 02       		.uleb128 0x2
 655 0255 08       		.byte	0x8
 656 0256 04       		.byte	0x4
 657 0257 67040000 		.4byte	.LASF42
 658 025b 0F       		.uleb128 0xf
 659 025c 04       		.byte	0x4
 660 025d 7A000000 		.4byte	0x7a
 661 0261 06       		.byte	0x6
 662 0262 7301     		.2byte	0x173
 663 0264 78020000 		.4byte	0x278
 664 0268 10       		.uleb128 0x10
 665 0269 87010000 		.4byte	.LASF43
 666 026d 00       		.byte	0
 667 026e 11       		.uleb128 0x11
 668 026f C5030000 		.4byte	.LASF44
 669 0273 0100B600 		.4byte	0xb60001
 670 0277 00       		.byte	0
 671 0278 0E       		.uleb128 0xe
 672 0279 28050000 		.4byte	.LASF45
 673 027d 06       		.byte	0x6
 674 027e 7601     		.2byte	0x176
 675 0280 5B020000 		.4byte	0x25b
 676 0284 12       		.uleb128 0x12
 677 0285 E2010000 		.4byte	.LASF88
 678 0289 64       		.byte	0x64
 679 028a 07       		.byte	0x7
 680 028b 2F       		.byte	0x2f
ARM GAS  C:\Users\Ramon\AppData\Local\Temp\cc7jCWKb.s 			page 16


 681 028c BD030000 		.4byte	0x3bd
 682 0290 0A       		.uleb128 0xa
 683 0291 17050000 		.4byte	.LASF46
 684 0295 07       		.byte	0x7
 685 0296 31       		.byte	0x31
 686 0297 8C000000 		.4byte	0x8c
 687 029b 00       		.byte	0
 688 029c 0A       		.uleb128 0xa
 689 029d 1B000000 		.4byte	.LASF47
 690 02a1 07       		.byte	0x7
 691 02a2 33       		.byte	0x33
 692 02a3 8C000000 		.4byte	0x8c
 693 02a7 04       		.byte	0x4
 694 02a8 0A       		.uleb128 0xa
 695 02a9 DD040000 		.4byte	.LASF48
 696 02ad 07       		.byte	0x7
 697 02ae 34       		.byte	0x34
 698 02af 8C000000 		.4byte	0x8c
 699 02b3 08       		.byte	0x8
 700 02b4 0A       		.uleb128 0xa
 701 02b5 AF030000 		.4byte	.LASF49
 702 02b9 07       		.byte	0x7
 703 02ba 35       		.byte	0x35
 704 02bb 8C000000 		.4byte	0x8c
 705 02bf 0C       		.byte	0xc
 706 02c0 0A       		.uleb128 0xa
 707 02c1 7B020000 		.4byte	.LASF50
 708 02c5 07       		.byte	0x7
 709 02c6 36       		.byte	0x36
 710 02c7 8C000000 		.4byte	0x8c
 711 02cb 10       		.byte	0x10
 712 02cc 0A       		.uleb128 0xa
 713 02cd 4D020000 		.4byte	.LASF51
 714 02d1 07       		.byte	0x7
 715 02d2 37       		.byte	0x37
 716 02d3 8C000000 		.4byte	0x8c
 717 02d7 14       		.byte	0x14
 718 02d8 0A       		.uleb128 0xa
 719 02d9 55020000 		.4byte	.LASF52
 720 02dd 07       		.byte	0x7
 721 02de 38       		.byte	0x38
 722 02df 8C000000 		.4byte	0x8c
 723 02e3 18       		.byte	0x18
 724 02e4 0A       		.uleb128 0xa
 725 02e5 56040000 		.4byte	.LASF53
 726 02e9 07       		.byte	0x7
 727 02ea 39       		.byte	0x39
 728 02eb BD030000 		.4byte	0x3bd
 729 02ef 1C       		.byte	0x1c
 730 02f0 0A       		.uleb128 0xa
 731 02f1 39000000 		.4byte	.LASF54
 732 02f5 07       		.byte	0x7
 733 02f6 3A       		.byte	0x3a
 734 02f7 8C000000 		.4byte	0x8c
 735 02fb 20       		.byte	0x20
 736 02fc 0A       		.uleb128 0xa
 737 02fd 42000000 		.4byte	.LASF55
ARM GAS  C:\Users\Ramon\AppData\Local\Temp\cc7jCWKb.s 			page 17


 738 0301 07       		.byte	0x7
 739 0302 3B       		.byte	0x3b
 740 0303 8C000000 		.4byte	0x8c
 741 0307 24       		.byte	0x24
 742 0308 0A       		.uleb128 0xa
 743 0309 D0010000 		.4byte	.LASF56
 744 030d 07       		.byte	0x7
 745 030e 3C       		.byte	0x3c
 746 030f BD030000 		.4byte	0x3bd
 747 0313 28       		.byte	0x28
 748 0314 0A       		.uleb128 0xa
 749 0315 10020000 		.4byte	.LASF57
 750 0319 07       		.byte	0x7
 751 031a 3E       		.byte	0x3e
 752 031b 8C000000 		.4byte	0x8c
 753 031f 2C       		.byte	0x2c
 754 0320 0A       		.uleb128 0xa
 755 0321 F4040000 		.4byte	.LASF58
 756 0325 07       		.byte	0x7
 757 0326 3F       		.byte	0x3f
 758 0327 8C000000 		.4byte	0x8c
 759 032b 30       		.byte	0x30
 760 032c 0A       		.uleb128 0xa
 761 032d 5A030000 		.4byte	.LASF59
 762 0331 07       		.byte	0x7
 763 0332 40       		.byte	0x40
 764 0333 8C000000 		.4byte	0x8c
 765 0337 34       		.byte	0x34
 766 0338 0A       		.uleb128 0xa
 767 0339 2B020000 		.4byte	.LASF60
 768 033d 07       		.byte	0x7
 769 033e 41       		.byte	0x41
 770 033f 8C000000 		.4byte	0x8c
 771 0343 38       		.byte	0x38
 772 0344 0A       		.uleb128 0xa
 773 0345 B1040000 		.4byte	.LASF61
 774 0349 07       		.byte	0x7
 775 034a 42       		.byte	0x42
 776 034b 8C000000 		.4byte	0x8c
 777 034f 3C       		.byte	0x3c
 778 0350 0A       		.uleb128 0xa
 779 0351 EA040000 		.4byte	.LASF62
 780 0355 07       		.byte	0x7
 781 0356 44       		.byte	0x44
 782 0357 8C000000 		.4byte	0x8c
 783 035b 40       		.byte	0x40
 784 035c 0A       		.uleb128 0xa
 785 035d 5D020000 		.4byte	.LASF63
 786 0361 07       		.byte	0x7
 787 0362 45       		.byte	0x45
 788 0363 8C000000 		.4byte	0x8c
 789 0367 44       		.byte	0x44
 790 0368 0A       		.uleb128 0xa
 791 0369 0F000000 		.4byte	.LASF64
 792 036d 07       		.byte	0x7
 793 036e 47       		.byte	0x47
 794 036f 8C000000 		.4byte	0x8c
ARM GAS  C:\Users\Ramon\AppData\Local\Temp\cc7jCWKb.s 			page 18


 795 0373 48       		.byte	0x48
 796 0374 0A       		.uleb128 0xa
 797 0375 EB020000 		.4byte	.LASF65
 798 0379 07       		.byte	0x7
 799 037a 48       		.byte	0x48
 800 037b 8C000000 		.4byte	0x8c
 801 037f 4C       		.byte	0x4c
 802 0380 0A       		.uleb128 0xa
 803 0381 BF040000 		.4byte	.LASF66
 804 0385 07       		.byte	0x7
 805 0386 4A       		.byte	0x4a
 806 0387 8C000000 		.4byte	0x8c
 807 038b 50       		.byte	0x50
 808 038c 0A       		.uleb128 0xa
 809 038d 01050000 		.4byte	.LASF67
 810 0391 07       		.byte	0x7
 811 0392 4B       		.byte	0x4b
 812 0393 8C000000 		.4byte	0x8c
 813 0397 54       		.byte	0x54
 814 0398 0A       		.uleb128 0xa
 815 0399 FA010000 		.4byte	.LASF68
 816 039d 07       		.byte	0x7
 817 039e 4D       		.byte	0x4d
 818 039f 8C000000 		.4byte	0x8c
 819 03a3 58       		.byte	0x58
 820 03a4 0A       		.uleb128 0xa
 821 03a5 2A000000 		.4byte	.LASF69
 822 03a9 07       		.byte	0x7
 823 03aa 4E       		.byte	0x4e
 824 03ab 8C000000 		.4byte	0x8c
 825 03af 5C       		.byte	0x5c
 826 03b0 0A       		.uleb128 0xa
 827 03b1 42050000 		.4byte	.LASF70
 828 03b5 07       		.byte	0x7
 829 03b6 50       		.byte	0x50
 830 03b7 8C000000 		.4byte	0x8c
 831 03bb 60       		.byte	0x60
 832 03bc 00       		.byte	0
 833 03bd 02       		.uleb128 0x2
 834 03be 01       		.byte	0x1
 835 03bf 02       		.byte	0x2
 836 03c0 D8030000 		.4byte	.LASF71
 837 03c4 03       		.uleb128 0x3
 838 03c5 50000000 		.4byte	.LASF72
 839 03c9 07       		.byte	0x7
 840 03ca 51       		.byte	0x51
 841 03cb 84020000 		.4byte	0x284
 842 03cf 13       		.uleb128 0x13
 843 03d0 E3030000 		.4byte	.LASF89
 844 03d4 01       		.byte	0x1
 845 03d5 2F       		.byte	0x2f
 846 03d6 78020000 		.4byte	0x278
 847 03da 00000000 		.4byte	.LFB162
 848 03de 6C010000 		.4byte	.LFE162-.LFB162
 849 03e2 01       		.uleb128 0x1
 850 03e3 9C       		.byte	0x9c
 851 03e4 21040000 		.4byte	0x421
ARM GAS  C:\Users\Ramon\AppData\Local\Temp\cc7jCWKb.s 			page 19


 852 03e8 14       		.uleb128 0x14
 853 03e9 65050000 		.4byte	.LASF73
 854 03ed 01       		.byte	0x1
 855 03ee 2F       		.byte	0x2f
 856 03ef 21040000 		.4byte	0x421
 857 03f3 00000000 		.4byte	.LLST0
 858 03f7 15       		.uleb128 0x15
 859 03f8 C4020000 		.4byte	.LASF74
 860 03fc 01       		.byte	0x1
 861 03fd 2F       		.byte	0x2f
 862 03fe 8C000000 		.4byte	0x8c
 863 0402 01       		.uleb128 0x1
 864 0403 51       		.byte	0x51
 865 0404 15       		.uleb128 0x15
 866 0405 BB010000 		.4byte	.LASF75
 867 0409 01       		.byte	0x1
 868 040a 2F       		.byte	0x2f
 869 040b 27040000 		.4byte	0x427
 870 040f 01       		.uleb128 0x1
 871 0410 52       		.byte	0x52
 872 0411 16       		.uleb128 0x16
 873 0412 A3030000 		.4byte	.LASF90
 874 0416 01       		.byte	0x1
 875 0417 31       		.byte	0x31
 876 0418 78020000 		.4byte	0x278
 877 041c 5E000000 		.4byte	.LLST1
 878 0420 00       		.byte	0
 879 0421 17       		.uleb128 0x17
 880 0422 04       		.byte	0x4
 881 0423 3A020000 		.4byte	0x23a
 882 0427 17       		.uleb128 0x17
 883 0428 04       		.byte	0x4
 884 0429 2D040000 		.4byte	0x42d
 885 042d 06       		.uleb128 0x6
 886 042e C4030000 		.4byte	0x3c4
 887 0432 18       		.uleb128 0x18
 888 0433 A8020000 		.4byte	.LASF91
 889 0437 01       		.byte	0x1
 890 0438 88       		.byte	0x88
 891 0439 00000000 		.4byte	.LFB163
 892 043d 58000000 		.4byte	.LFE163-.LFB163
 893 0441 01       		.uleb128 0x1
 894 0442 9C       		.byte	0x9c
 895 0443 71040000 		.4byte	0x471
 896 0447 14       		.uleb128 0x14
 897 0448 65050000 		.4byte	.LASF73
 898 044c 01       		.byte	0x1
 899 044d 88       		.byte	0x88
 900 044e 21040000 		.4byte	0x421
 901 0452 B8000000 		.4byte	.LLST2
 902 0456 15       		.uleb128 0x15
 903 0457 C4020000 		.4byte	.LASF74
 904 045b 01       		.byte	0x1
 905 045c 88       		.byte	0x88
 906 045d 8C000000 		.4byte	0x8c
 907 0461 01       		.uleb128 0x1
 908 0462 51       		.byte	0x51
ARM GAS  C:\Users\Ramon\AppData\Local\Temp\cc7jCWKb.s 			page 20


 909 0463 15       		.uleb128 0x15
 910 0464 BB010000 		.4byte	.LASF75
 911 0468 01       		.byte	0x1
 912 0469 88       		.byte	0x88
 913 046a 27040000 		.4byte	0x427
 914 046e 01       		.uleb128 0x1
 915 046f 52       		.byte	0x52
 916 0470 00       		.byte	0
 917 0471 03       		.uleb128 0x3
 918 0472 00000000 		.4byte	.LASF76
 919 0476 08       		.byte	0x8
 920 0477 8B       		.byte	0x8b
 921 0478 00050000 		.4byte	0x500
 922 047c 17       		.uleb128 0x17
 923 047d 04       		.byte	0x4
 924 047e 82040000 		.4byte	0x482
 925 0482 06       		.uleb128 0x6
 926 0483 8C000000 		.4byte	0x8c
 927 0487 17       		.uleb128 0x17
 928 0488 04       		.byte	0x4
 929 0489 8C000000 		.4byte	0x8c
 930 048d 19       		.uleb128 0x19
 931 048e 8E030000 		.4byte	.LASF77
 932 0492 08       		.byte	0x8
 933 0493 92       		.byte	0x92
 934 0494 98040000 		.4byte	0x498
 935 0498 06       		.uleb128 0x6
 936 0499 71040000 		.4byte	0x471
 937 049d 19       		.uleb128 0x19
 938 049e 34020000 		.4byte	.LASF78
 939 04a2 08       		.byte	0x8
 940 04a3 93       		.byte	0x93
 941 04a4 98040000 		.4byte	0x498
 942 04a8 03       		.uleb128 0x3
 943 04a9 A3010000 		.4byte	.LASF79
 944 04ad 08       		.byte	0x8
 945 04ae 90       		.byte	0x90
 946 04af DF040000 		.4byte	0x4df
 947 04b3 19       		.uleb128 0x19
 948 04b4 BF000000 		.4byte	.LASF80
 949 04b8 08       		.byte	0x8
 950 04b9 94       		.byte	0x94
 951 04ba BE040000 		.4byte	0x4be
 952 04be 06       		.uleb128 0x6
 953 04bf A8040000 		.4byte	0x4a8
 954 04c3 19       		.uleb128 0x19
 955 04c4 83020000 		.4byte	.LASF81
 956 04c8 08       		.byte	0x8
 957 04c9 95       		.byte	0x95
 958 04ca BE040000 		.4byte	0x4be
 959 04ce 1A       		.uleb128 0x1a
 960 04cf 4D050000 		.4byte	.LASF82
 961 04d3 09       		.byte	0x9
 962 04d4 0408     		.2byte	0x804
 963 04d6 DA040000 		.4byte	0x4da
 964 04da 05       		.uleb128 0x5
 965 04db 81000000 		.4byte	0x81
ARM GAS  C:\Users\Ramon\AppData\Local\Temp\cc7jCWKb.s 			page 21


 966 04df 09       		.uleb128 0x9
 967 04e0 08       		.byte	0x8
 968 04e1 08       		.byte	0x8
 969 04e2 8D       		.byte	0x8d
 970 04e3 00050000 		.4byte	0x500
 971 04e7 0A       		.uleb128 0xa
 972 04e8 4B000000 		.4byte	.LASF83
 973 04ec 08       		.byte	0x8
 974 04ed 8E       		.byte	0x8e
 975 04ee 87040000 		.4byte	0x487
 976 04f2 00       		.byte	0
 977 04f3 0A       		.uleb128 0xa
 978 04f4 3D050000 		.4byte	.LASF84
 979 04f8 08       		.byte	0x8
 980 04f9 8F       		.byte	0x8f
 981 04fa 8C000000 		.4byte	0x8c
 982 04fe 04       		.byte	0x4
 983 04ff 00       		.byte	0
 984 0500 1B       		.uleb128 0x1b
 985 0501 0C       		.byte	0xc
 986 0502 08       		.byte	0x8
 987 0503 87       		.byte	0x87
 988 0504 0B       		.uleb128 0xb
 989 0505 73726300 		.ascii	"src\000"
 990 0509 08       		.byte	0x8
 991 050a 88       		.byte	0x88
 992 050b 7C040000 		.4byte	0x47c
 993 050f 00       		.byte	0
 994 0510 0A       		.uleb128 0xa
 995 0511 4B000000 		.4byte	.LASF83
 996 0515 08       		.byte	0x8
 997 0516 89       		.byte	0x89
 998 0517 87040000 		.4byte	0x487
 999 051b 04       		.byte	0x4
 1000 051c 0A       		.uleb128 0xa
 1001 051d 3D050000 		.4byte	.LASF84
 1002 0521 08       		.byte	0x8
 1003 0522 8A       		.byte	0x8a
 1004 0523 8C000000 		.4byte	0x8c
 1005 0527 08       		.byte	0x8
 1006 0528 00       		.byte	0
 1007 0529 00       		.byte	0
 1008              		.section	.debug_abbrev,"",%progbits
 1009              	.Ldebug_abbrev0:
 1010 0000 01       		.uleb128 0x1
 1011 0001 11       		.uleb128 0x11
 1012 0002 01       		.byte	0x1
 1013 0003 25       		.uleb128 0x25
 1014 0004 0E       		.uleb128 0xe
 1015 0005 13       		.uleb128 0x13
 1016 0006 0B       		.uleb128 0xb
 1017 0007 03       		.uleb128 0x3
 1018 0008 0E       		.uleb128 0xe
 1019 0009 1B       		.uleb128 0x1b
 1020 000a 0E       		.uleb128 0xe
 1021 000b 55       		.uleb128 0x55
 1022 000c 17       		.uleb128 0x17
ARM GAS  C:\Users\Ramon\AppData\Local\Temp\cc7jCWKb.s 			page 22


 1023 000d 11       		.uleb128 0x11
 1024 000e 01       		.uleb128 0x1
 1025 000f 10       		.uleb128 0x10
 1026 0010 17       		.uleb128 0x17
 1027 0011 00       		.byte	0
 1028 0012 00       		.byte	0
 1029 0013 02       		.uleb128 0x2
 1030 0014 24       		.uleb128 0x24
 1031 0015 00       		.byte	0
 1032 0016 0B       		.uleb128 0xb
 1033 0017 0B       		.uleb128 0xb
 1034 0018 3E       		.uleb128 0x3e
 1035 0019 0B       		.uleb128 0xb
 1036 001a 03       		.uleb128 0x3
 1037 001b 0E       		.uleb128 0xe
 1038 001c 00       		.byte	0
 1039 001d 00       		.byte	0
 1040 001e 03       		.uleb128 0x3
 1041 001f 16       		.uleb128 0x16
 1042 0020 00       		.byte	0
 1043 0021 03       		.uleb128 0x3
 1044 0022 0E       		.uleb128 0xe
 1045 0023 3A       		.uleb128 0x3a
 1046 0024 0B       		.uleb128 0xb
 1047 0025 3B       		.uleb128 0x3b
 1048 0026 0B       		.uleb128 0xb
 1049 0027 49       		.uleb128 0x49
 1050 0028 13       		.uleb128 0x13
 1051 0029 00       		.byte	0
 1052 002a 00       		.byte	0
 1053 002b 04       		.uleb128 0x4
 1054 002c 24       		.uleb128 0x24
 1055 002d 00       		.byte	0
 1056 002e 0B       		.uleb128 0xb
 1057 002f 0B       		.uleb128 0xb
 1058 0030 3E       		.uleb128 0x3e
 1059 0031 0B       		.uleb128 0xb
 1060 0032 03       		.uleb128 0x3
 1061 0033 08       		.uleb128 0x8
 1062 0034 00       		.byte	0
 1063 0035 00       		.byte	0
 1064 0036 05       		.uleb128 0x5
 1065 0037 35       		.uleb128 0x35
 1066 0038 00       		.byte	0
 1067 0039 49       		.uleb128 0x49
 1068 003a 13       		.uleb128 0x13
 1069 003b 00       		.byte	0
 1070 003c 00       		.byte	0
 1071 003d 06       		.uleb128 0x6
 1072 003e 26       		.uleb128 0x26
 1073 003f 00       		.byte	0
 1074 0040 49       		.uleb128 0x49
 1075 0041 13       		.uleb128 0x13
 1076 0042 00       		.byte	0
 1077 0043 00       		.byte	0
 1078 0044 07       		.uleb128 0x7
 1079 0045 01       		.uleb128 0x1
ARM GAS  C:\Users\Ramon\AppData\Local\Temp\cc7jCWKb.s 			page 23


 1080 0046 01       		.byte	0x1
 1081 0047 49       		.uleb128 0x49
 1082 0048 13       		.uleb128 0x13
 1083 0049 01       		.uleb128 0x1
 1084 004a 13       		.uleb128 0x13
 1085 004b 00       		.byte	0
 1086 004c 00       		.byte	0
 1087 004d 08       		.uleb128 0x8
 1088 004e 21       		.uleb128 0x21
 1089 004f 00       		.byte	0
 1090 0050 49       		.uleb128 0x49
 1091 0051 13       		.uleb128 0x13
 1092 0052 2F       		.uleb128 0x2f
 1093 0053 0B       		.uleb128 0xb
 1094 0054 00       		.byte	0
 1095 0055 00       		.byte	0
 1096 0056 09       		.uleb128 0x9
 1097 0057 13       		.uleb128 0x13
 1098 0058 01       		.byte	0x1
 1099 0059 0B       		.uleb128 0xb
 1100 005a 0B       		.uleb128 0xb
 1101 005b 3A       		.uleb128 0x3a
 1102 005c 0B       		.uleb128 0xb
 1103 005d 3B       		.uleb128 0x3b
 1104 005e 0B       		.uleb128 0xb
 1105 005f 01       		.uleb128 0x1
 1106 0060 13       		.uleb128 0x13
 1107 0061 00       		.byte	0
 1108 0062 00       		.byte	0
 1109 0063 0A       		.uleb128 0xa
 1110 0064 0D       		.uleb128 0xd
 1111 0065 00       		.byte	0
 1112 0066 03       		.uleb128 0x3
 1113 0067 0E       		.uleb128 0xe
 1114 0068 3A       		.uleb128 0x3a
 1115 0069 0B       		.uleb128 0xb
 1116 006a 3B       		.uleb128 0x3b
 1117 006b 0B       		.uleb128 0xb
 1118 006c 49       		.uleb128 0x49
 1119 006d 13       		.uleb128 0x13
 1120 006e 38       		.uleb128 0x38
 1121 006f 0B       		.uleb128 0xb
 1122 0070 00       		.byte	0
 1123 0071 00       		.byte	0
 1124 0072 0B       		.uleb128 0xb
 1125 0073 0D       		.uleb128 0xd
 1126 0074 00       		.byte	0
 1127 0075 03       		.uleb128 0x3
 1128 0076 08       		.uleb128 0x8
 1129 0077 3A       		.uleb128 0x3a
 1130 0078 0B       		.uleb128 0xb
 1131 0079 3B       		.uleb128 0x3b
 1132 007a 0B       		.uleb128 0xb
 1133 007b 49       		.uleb128 0x49
 1134 007c 13       		.uleb128 0x13
 1135 007d 38       		.uleb128 0x38
 1136 007e 0B       		.uleb128 0xb
ARM GAS  C:\Users\Ramon\AppData\Local\Temp\cc7jCWKb.s 			page 24


 1137 007f 00       		.byte	0
 1138 0080 00       		.byte	0
 1139 0081 0C       		.uleb128 0xc
 1140 0082 13       		.uleb128 0x13
 1141 0083 01       		.byte	0x1
 1142 0084 0B       		.uleb128 0xb
 1143 0085 05       		.uleb128 0x5
 1144 0086 3A       		.uleb128 0x3a
 1145 0087 0B       		.uleb128 0xb
 1146 0088 3B       		.uleb128 0x3b
 1147 0089 0B       		.uleb128 0xb
 1148 008a 01       		.uleb128 0x1
 1149 008b 13       		.uleb128 0x13
 1150 008c 00       		.byte	0
 1151 008d 00       		.byte	0
 1152 008e 0D       		.uleb128 0xd
 1153 008f 0D       		.uleb128 0xd
 1154 0090 00       		.byte	0
 1155 0091 03       		.uleb128 0x3
 1156 0092 08       		.uleb128 0x8
 1157 0093 3A       		.uleb128 0x3a
 1158 0094 0B       		.uleb128 0xb
 1159 0095 3B       		.uleb128 0x3b
 1160 0096 0B       		.uleb128 0xb
 1161 0097 49       		.uleb128 0x49
 1162 0098 13       		.uleb128 0x13
 1163 0099 38       		.uleb128 0x38
 1164 009a 05       		.uleb128 0x5
 1165 009b 00       		.byte	0
 1166 009c 00       		.byte	0
 1167 009d 0E       		.uleb128 0xe
 1168 009e 16       		.uleb128 0x16
 1169 009f 00       		.byte	0
 1170 00a0 03       		.uleb128 0x3
 1171 00a1 0E       		.uleb128 0xe
 1172 00a2 3A       		.uleb128 0x3a
 1173 00a3 0B       		.uleb128 0xb
 1174 00a4 3B       		.uleb128 0x3b
 1175 00a5 05       		.uleb128 0x5
 1176 00a6 49       		.uleb128 0x49
 1177 00a7 13       		.uleb128 0x13
 1178 00a8 00       		.byte	0
 1179 00a9 00       		.byte	0
 1180 00aa 0F       		.uleb128 0xf
 1181 00ab 04       		.uleb128 0x4
 1182 00ac 01       		.byte	0x1
 1183 00ad 0B       		.uleb128 0xb
 1184 00ae 0B       		.uleb128 0xb
 1185 00af 49       		.uleb128 0x49
 1186 00b0 13       		.uleb128 0x13
 1187 00b1 3A       		.uleb128 0x3a
 1188 00b2 0B       		.uleb128 0xb
 1189 00b3 3B       		.uleb128 0x3b
 1190 00b4 05       		.uleb128 0x5
 1191 00b5 01       		.uleb128 0x1
 1192 00b6 13       		.uleb128 0x13
 1193 00b7 00       		.byte	0
ARM GAS  C:\Users\Ramon\AppData\Local\Temp\cc7jCWKb.s 			page 25


 1194 00b8 00       		.byte	0
 1195 00b9 10       		.uleb128 0x10
 1196 00ba 28       		.uleb128 0x28
 1197 00bb 00       		.byte	0
 1198 00bc 03       		.uleb128 0x3
 1199 00bd 0E       		.uleb128 0xe
 1200 00be 1C       		.uleb128 0x1c
 1201 00bf 0B       		.uleb128 0xb
 1202 00c0 00       		.byte	0
 1203 00c1 00       		.byte	0
 1204 00c2 11       		.uleb128 0x11
 1205 00c3 28       		.uleb128 0x28
 1206 00c4 00       		.byte	0
 1207 00c5 03       		.uleb128 0x3
 1208 00c6 0E       		.uleb128 0xe
 1209 00c7 1C       		.uleb128 0x1c
 1210 00c8 06       		.uleb128 0x6
 1211 00c9 00       		.byte	0
 1212 00ca 00       		.byte	0
 1213 00cb 12       		.uleb128 0x12
 1214 00cc 13       		.uleb128 0x13
 1215 00cd 01       		.byte	0x1
 1216 00ce 03       		.uleb128 0x3
 1217 00cf 0E       		.uleb128 0xe
 1218 00d0 0B       		.uleb128 0xb
 1219 00d1 0B       		.uleb128 0xb
 1220 00d2 3A       		.uleb128 0x3a
 1221 00d3 0B       		.uleb128 0xb
 1222 00d4 3B       		.uleb128 0x3b
 1223 00d5 0B       		.uleb128 0xb
 1224 00d6 01       		.uleb128 0x1
 1225 00d7 13       		.uleb128 0x13
 1226 00d8 00       		.byte	0
 1227 00d9 00       		.byte	0
 1228 00da 13       		.uleb128 0x13
 1229 00db 2E       		.uleb128 0x2e
 1230 00dc 01       		.byte	0x1
 1231 00dd 3F       		.uleb128 0x3f
 1232 00de 19       		.uleb128 0x19
 1233 00df 03       		.uleb128 0x3
 1234 00e0 0E       		.uleb128 0xe
 1235 00e1 3A       		.uleb128 0x3a
 1236 00e2 0B       		.uleb128 0xb
 1237 00e3 3B       		.uleb128 0x3b
 1238 00e4 0B       		.uleb128 0xb
 1239 00e5 27       		.uleb128 0x27
 1240 00e6 19       		.uleb128 0x19
 1241 00e7 49       		.uleb128 0x49
 1242 00e8 13       		.uleb128 0x13
 1243 00e9 11       		.uleb128 0x11
 1244 00ea 01       		.uleb128 0x1
 1245 00eb 12       		.uleb128 0x12
 1246 00ec 06       		.uleb128 0x6
 1247 00ed 40       		.uleb128 0x40
 1248 00ee 18       		.uleb128 0x18
 1249 00ef 9742     		.uleb128 0x2117
 1250 00f1 19       		.uleb128 0x19
ARM GAS  C:\Users\Ramon\AppData\Local\Temp\cc7jCWKb.s 			page 26


 1251 00f2 01       		.uleb128 0x1
 1252 00f3 13       		.uleb128 0x13
 1253 00f4 00       		.byte	0
 1254 00f5 00       		.byte	0
 1255 00f6 14       		.uleb128 0x14
 1256 00f7 05       		.uleb128 0x5
 1257 00f8 00       		.byte	0
 1258 00f9 03       		.uleb128 0x3
 1259 00fa 0E       		.uleb128 0xe
 1260 00fb 3A       		.uleb128 0x3a
 1261 00fc 0B       		.uleb128 0xb
 1262 00fd 3B       		.uleb128 0x3b
 1263 00fe 0B       		.uleb128 0xb
 1264 00ff 49       		.uleb128 0x49
 1265 0100 13       		.uleb128 0x13
 1266 0101 02       		.uleb128 0x2
 1267 0102 17       		.uleb128 0x17
 1268 0103 00       		.byte	0
 1269 0104 00       		.byte	0
 1270 0105 15       		.uleb128 0x15
 1271 0106 05       		.uleb128 0x5
 1272 0107 00       		.byte	0
 1273 0108 03       		.uleb128 0x3
 1274 0109 0E       		.uleb128 0xe
 1275 010a 3A       		.uleb128 0x3a
 1276 010b 0B       		.uleb128 0xb
 1277 010c 3B       		.uleb128 0x3b
 1278 010d 0B       		.uleb128 0xb
 1279 010e 49       		.uleb128 0x49
 1280 010f 13       		.uleb128 0x13
 1281 0110 02       		.uleb128 0x2
 1282 0111 18       		.uleb128 0x18
 1283 0112 00       		.byte	0
 1284 0113 00       		.byte	0
 1285 0114 16       		.uleb128 0x16
 1286 0115 34       		.uleb128 0x34
 1287 0116 00       		.byte	0
 1288 0117 03       		.uleb128 0x3
 1289 0118 0E       		.uleb128 0xe
 1290 0119 3A       		.uleb128 0x3a
 1291 011a 0B       		.uleb128 0xb
 1292 011b 3B       		.uleb128 0x3b
 1293 011c 0B       		.uleb128 0xb
 1294 011d 49       		.uleb128 0x49
 1295 011e 13       		.uleb128 0x13
 1296 011f 02       		.uleb128 0x2
 1297 0120 17       		.uleb128 0x17
 1298 0121 00       		.byte	0
 1299 0122 00       		.byte	0
 1300 0123 17       		.uleb128 0x17
 1301 0124 0F       		.uleb128 0xf
 1302 0125 00       		.byte	0
 1303 0126 0B       		.uleb128 0xb
 1304 0127 0B       		.uleb128 0xb
 1305 0128 49       		.uleb128 0x49
 1306 0129 13       		.uleb128 0x13
 1307 012a 00       		.byte	0
ARM GAS  C:\Users\Ramon\AppData\Local\Temp\cc7jCWKb.s 			page 27


 1308 012b 00       		.byte	0
 1309 012c 18       		.uleb128 0x18
 1310 012d 2E       		.uleb128 0x2e
 1311 012e 01       		.byte	0x1
 1312 012f 3F       		.uleb128 0x3f
 1313 0130 19       		.uleb128 0x19
 1314 0131 03       		.uleb128 0x3
 1315 0132 0E       		.uleb128 0xe
 1316 0133 3A       		.uleb128 0x3a
 1317 0134 0B       		.uleb128 0xb
 1318 0135 3B       		.uleb128 0x3b
 1319 0136 0B       		.uleb128 0xb
 1320 0137 27       		.uleb128 0x27
 1321 0138 19       		.uleb128 0x19
 1322 0139 11       		.uleb128 0x11
 1323 013a 01       		.uleb128 0x1
 1324 013b 12       		.uleb128 0x12
 1325 013c 06       		.uleb128 0x6
 1326 013d 40       		.uleb128 0x40
 1327 013e 18       		.uleb128 0x18
 1328 013f 9742     		.uleb128 0x2117
 1329 0141 19       		.uleb128 0x19
 1330 0142 01       		.uleb128 0x1
 1331 0143 13       		.uleb128 0x13
 1332 0144 00       		.byte	0
 1333 0145 00       		.byte	0
 1334 0146 19       		.uleb128 0x19
 1335 0147 34       		.uleb128 0x34
 1336 0148 00       		.byte	0
 1337 0149 03       		.uleb128 0x3
 1338 014a 0E       		.uleb128 0xe
 1339 014b 3A       		.uleb128 0x3a
 1340 014c 0B       		.uleb128 0xb
 1341 014d 3B       		.uleb128 0x3b
 1342 014e 0B       		.uleb128 0xb
 1343 014f 49       		.uleb128 0x49
 1344 0150 13       		.uleb128 0x13
 1345 0151 3F       		.uleb128 0x3f
 1346 0152 19       		.uleb128 0x19
 1347 0153 3C       		.uleb128 0x3c
 1348 0154 19       		.uleb128 0x19
 1349 0155 00       		.byte	0
 1350 0156 00       		.byte	0
 1351 0157 1A       		.uleb128 0x1a
 1352 0158 34       		.uleb128 0x34
 1353 0159 00       		.byte	0
 1354 015a 03       		.uleb128 0x3
 1355 015b 0E       		.uleb128 0xe
 1356 015c 3A       		.uleb128 0x3a
 1357 015d 0B       		.uleb128 0xb
 1358 015e 3B       		.uleb128 0x3b
 1359 015f 05       		.uleb128 0x5
 1360 0160 49       		.uleb128 0x49
 1361 0161 13       		.uleb128 0x13
 1362 0162 3F       		.uleb128 0x3f
 1363 0163 19       		.uleb128 0x19
 1364 0164 3C       		.uleb128 0x3c
ARM GAS  C:\Users\Ramon\AppData\Local\Temp\cc7jCWKb.s 			page 28


 1365 0165 19       		.uleb128 0x19
 1366 0166 00       		.byte	0
 1367 0167 00       		.byte	0
 1368 0168 1B       		.uleb128 0x1b
 1369 0169 13       		.uleb128 0x13
 1370 016a 01       		.byte	0x1
 1371 016b 0B       		.uleb128 0xb
 1372 016c 0B       		.uleb128 0xb
 1373 016d 3A       		.uleb128 0x3a
 1374 016e 0B       		.uleb128 0xb
 1375 016f 3B       		.uleb128 0x3b
 1376 0170 0B       		.uleb128 0xb
 1377 0171 00       		.byte	0
 1378 0172 00       		.byte	0
 1379 0173 00       		.byte	0
 1380              		.section	.debug_loc,"",%progbits
 1381              	.Ldebug_loc0:
 1382              	.LLST0:
 1383 0000 00000000 		.4byte	.LVL0
 1384 0004 42000000 		.4byte	.LVL1
 1385 0008 0100     		.2byte	0x1
 1386 000a 50       		.byte	0x50
 1387 000b 42000000 		.4byte	.LVL1
 1388 000f 50010000 		.4byte	.LVL2
 1389 0013 0100     		.2byte	0x1
 1390 0015 54       		.byte	0x54
 1391 0016 50010000 		.4byte	.LVL2
 1392 001a 5E010000 		.4byte	.LVL4
 1393 001e 0400     		.2byte	0x4
 1394 0020 F3       		.byte	0xf3
 1395 0021 01       		.uleb128 0x1
 1396 0022 50       		.byte	0x50
 1397 0023 9F       		.byte	0x9f
 1398 0024 5E010000 		.4byte	.LVL4
 1399 0028 60010000 		.4byte	.LVL5
 1400 002c 0100     		.2byte	0x1
 1401 002e 50       		.byte	0x50
 1402 002f 60010000 		.4byte	.LVL5
 1403 0033 62010000 		.4byte	.LVL6
 1404 0037 0400     		.2byte	0x4
 1405 0039 F3       		.byte	0xf3
 1406 003a 01       		.uleb128 0x1
 1407 003b 50       		.byte	0x50
 1408 003c 9F       		.byte	0x9f
 1409 003d 62010000 		.4byte	.LVL6
 1410 0041 64010000 		.4byte	.LVL7
 1411 0045 0100     		.2byte	0x1
 1412 0047 50       		.byte	0x50
 1413 0048 64010000 		.4byte	.LVL7
 1414 004c 6C010000 		.4byte	.LFE162
 1415 0050 0400     		.2byte	0x4
 1416 0052 F3       		.byte	0xf3
 1417 0053 01       		.uleb128 0x1
 1418 0054 50       		.byte	0x50
 1419 0055 9F       		.byte	0x9f
 1420 0056 00000000 		.4byte	0
 1421 005a 00000000 		.4byte	0
ARM GAS  C:\Users\Ramon\AppData\Local\Temp\cc7jCWKb.s 			page 29


 1422              	.LLST1:
 1423 005e 00000000 		.4byte	.LVL0
 1424 0062 5A010000 		.4byte	.LVL3
 1425 0066 0600     		.2byte	0x6
 1426 0068 0C       		.byte	0xc
 1427 0069 0100B600 		.4byte	0xb60001
 1428 006d 9F       		.byte	0x9f
 1429 006e 5A010000 		.4byte	.LVL3
 1430 0072 5E010000 		.4byte	.LVL4
 1431 0076 0200     		.2byte	0x2
 1432 0078 30       		.byte	0x30
 1433 0079 9F       		.byte	0x9f
 1434 007a 5E010000 		.4byte	.LVL4
 1435 007e 60010000 		.4byte	.LVL5
 1436 0082 0600     		.2byte	0x6
 1437 0084 0C       		.byte	0xc
 1438 0085 0100B600 		.4byte	0xb60001
 1439 0089 9F       		.byte	0x9f
 1440 008a 60010000 		.4byte	.LVL5
 1441 008e 62010000 		.4byte	.LVL6
 1442 0092 0100     		.2byte	0x1
 1443 0094 50       		.byte	0x50
 1444 0095 62010000 		.4byte	.LVL6
 1445 0099 64010000 		.4byte	.LVL7
 1446 009d 0600     		.2byte	0x6
 1447 009f 0C       		.byte	0xc
 1448 00a0 0100B600 		.4byte	0xb60001
 1449 00a4 9F       		.byte	0x9f
 1450 00a5 64010000 		.4byte	.LVL7
 1451 00a9 6C010000 		.4byte	.LFE162
 1452 00ad 0100     		.2byte	0x1
 1453 00af 50       		.byte	0x50
 1454 00b0 00000000 		.4byte	0
 1455 00b4 00000000 		.4byte	0
 1456              	.LLST2:
 1457 00b8 00000000 		.4byte	.LVL8
 1458 00bc 4E000000 		.4byte	.LVL9
 1459 00c0 0100     		.2byte	0x1
 1460 00c2 50       		.byte	0x50
 1461 00c3 4E000000 		.4byte	.LVL9
 1462 00c7 58000000 		.4byte	.LFE163
 1463 00cb 0400     		.2byte	0x4
 1464 00cd F3       		.byte	0xf3
 1465 00ce 01       		.uleb128 0x1
 1466 00cf 50       		.byte	0x50
 1467 00d0 9F       		.byte	0x9f
 1468 00d1 00000000 		.4byte	0
 1469 00d5 00000000 		.4byte	0
 1470              		.section	.debug_aranges,"",%progbits
 1471 0000 24000000 		.4byte	0x24
 1472 0004 0200     		.2byte	0x2
 1473 0006 00000000 		.4byte	.Ldebug_info0
 1474 000a 04       		.byte	0x4
 1475 000b 00       		.byte	0
 1476 000c 0000     		.2byte	0
 1477 000e 0000     		.2byte	0
 1478 0010 00000000 		.4byte	.LFB162
ARM GAS  C:\Users\Ramon\AppData\Local\Temp\cc7jCWKb.s 			page 30


 1479 0014 6C010000 		.4byte	.LFE162-.LFB162
 1480 0018 00000000 		.4byte	.LFB163
 1481 001c 58000000 		.4byte	.LFE163-.LFB163
 1482 0020 00000000 		.4byte	0
 1483 0024 00000000 		.4byte	0
 1484              		.section	.debug_ranges,"",%progbits
 1485              	.Ldebug_ranges0:
 1486 0000 00000000 		.4byte	.LFB162
 1487 0004 6C010000 		.4byte	.LFE162
 1488 0008 00000000 		.4byte	.LFB163
 1489 000c 58000000 		.4byte	.LFE163
 1490 0010 00000000 		.4byte	0
 1491 0014 00000000 		.4byte	0
 1492              		.section	.debug_line,"",%progbits
 1493              	.Ldebug_line0:
 1494 0000 BF020000 		.section	.debug_str,"MS",%progbits,1
 1494      02002C02 
 1494      00000201 
 1494      FB0E0D00 
 1494      01010101 
 1495              	.LASF76:
 1496 0000 5F5F636F 		.ascii	"__copy_table_t\000"
 1496      70795F74 
 1496      61626C65 
 1496      5F7400
 1497              	.LASF64:
 1498 000f 72656C6F 		.ascii	"reloadInput\000"
 1498      6164496E 
 1498      70757400 
 1499              	.LASF47:
 1500 001b 636C6F63 		.ascii	"clockPrescaler\000"
 1500      6B507265 
 1500      7363616C 
 1500      657200
 1501              	.LASF69:
 1502 002a 636F756E 		.ascii	"countInputMode\000"
 1502      74496E70 
 1502      75744D6F 
 1502      646500
 1503              	.LASF54:
 1504 0039 636F6D70 		.ascii	"compare0\000"
 1504      61726530 
 1504      00
 1505              	.LASF55:
 1506 0042 636F6D70 		.ascii	"compare1\000"
 1506      61726531 
 1506      00
 1507              	.LASF83:
 1508 004b 64657374 		.ascii	"dest\000"
 1508      00
 1509              	.LASF72:
 1510 0050 63795F73 		.ascii	"cy_stc_tcpwm_pwm_config_t\000"
 1510      74635F74 
 1510      6370776D 
 1510      5F70776D 
 1510      5F636F6E 
 1511              	.LASF2:
ARM GAS  C:\Users\Ramon\AppData\Local\Temp\cc7jCWKb.s 			page 31


 1512 006a 73686F72 		.ascii	"short int\000"
 1512      7420696E 
 1512      7400
 1513              	.LASF14:
 1514 0074 73697A65 		.ascii	"sizetype\000"
 1514      74797065 
 1514      00
 1515              	.LASF20:
 1516 007d 50455249 		.ascii	"PERIOD_BUFF\000"
 1516      4F445F42 
 1516      55464600 
 1517              	.LASF30:
 1518 0089 54435057 		.ascii	"TCPWM_CNT_V1_Type\000"
 1518      4D5F434E 
 1518      545F5631 
 1518      5F547970 
 1518      6500
 1519              	.LASF32:
 1520 009b 4354524C 		.ascii	"CTRL_SET\000"
 1520      5F534554 
 1520      00
 1521              	.LASF19:
 1522 00a4 50455249 		.ascii	"PERIOD\000"
 1522      4F4400
 1523              	.LASF34:
 1524 00ab 434D445F 		.ascii	"CMD_RELOAD\000"
 1524      52454C4F 
 1524      414400
 1525              	.LASF23:
 1526 00b6 54525F43 		.ascii	"TR_CTRL1\000"
 1526      54524C31 
 1526      00
 1527              	.LASF80:
 1528 00bf 5F5F7A65 		.ascii	"__zero_table_start__\000"
 1528      726F5F74 
 1528      61626C65 
 1528      5F737461 
 1528      72745F5F 
 1529              	.LASF85:
 1530 00d4 474E5520 		.ascii	"GNU C11 5.4.1 20160609 (release) [ARM/embedded-5-br"
 1530      43313120 
 1530      352E342E 
 1530      31203230 
 1530      31363036 
 1531 0107 616E6368 		.ascii	"anch revision 237715] -mcpu=cortex-m4 -mfloat-abi=s"
 1531      20726576 
 1531      6973696F 
 1531      6E203233 
 1531      37373135 
 1532 013a 6F667466 		.ascii	"oftfp -mfpu=fpv4-sp-d16 -mthumb -g -Og -ffunction-s"
 1532      70202D6D 
 1532      6670753D 
 1532      66707634 
 1532      2D73702D 
 1533 016d 65637469 		.ascii	"ections -ffat-lto-objects\000"
 1533      6F6E7320 
 1533      2D666661 
ARM GAS  C:\Users\Ramon\AppData\Local\Temp\cc7jCWKb.s 			page 32


 1533      742D6C74 
 1533      6F2D6F62 
 1534              	.LASF43:
 1535 0187 43595F54 		.ascii	"CY_TCPWM_SUCCESS\000"
 1535      4350574D 
 1535      5F535543 
 1535      43455353 
 1535      00
 1536              	.LASF6:
 1537 0198 5F5F7569 		.ascii	"__uint32_t\000"
 1537      6E743332 
 1537      5F7400
 1538              	.LASF79:
 1539 01a3 5F5F7A65 		.ascii	"__zero_table_t\000"
 1539      726F5F74 
 1539      61626C65 
 1539      5F7400
 1540              	.LASF22:
 1541 01b2 54525F43 		.ascii	"TR_CTRL0\000"
 1541      54524C30 
 1541      00
 1542              	.LASF75:
 1543 01bb 636F6E66 		.ascii	"config\000"
 1543      696700
 1544              	.LASF38:
 1545 01c2 54435057 		.ascii	"TCPWM_V1_Type\000"
 1545      4D5F5631 
 1545      5F547970 
 1545      6500
 1546              	.LASF56:
 1547 01d0 656E6162 		.ascii	"enableCompareSwap\000"
 1547      6C65436F 
 1547      6D706172 
 1547      65537761 
 1547      7000
 1548              	.LASF88:
 1549 01e2 63795F73 		.ascii	"cy_stc_tcpwm_pwm_config\000"
 1549      74635F74 
 1549      6370776D 
 1549      5F70776D 
 1549      5F636F6E 
 1550              	.LASF68:
 1551 01fa 6B696C6C 		.ascii	"killInput\000"
 1551      496E7075 
 1551      7400
 1552              	.LASF33:
 1553 0204 434D445F 		.ascii	"CMD_CAPTURE\000"
 1553      43415054 
 1553      55524500 
 1554              	.LASF57:
 1555 0210 696E7465 		.ascii	"interruptSources\000"
 1555      72727570 
 1555      74536F75 
 1555      72636573 
 1555      00
 1556              	.LASF36:
 1557 0221 434D445F 		.ascii	"CMD_START\000"
ARM GAS  C:\Users\Ramon\AppData\Local\Temp\cc7jCWKb.s 			page 33


 1557      53544152 
 1557      5400
 1558              	.LASF60:
 1559 022b 6B696C6C 		.ascii	"killMode\000"
 1559      4D6F6465 
 1559      00
 1560              	.LASF78:
 1561 0234 5F5F636F 		.ascii	"__copy_table_end__\000"
 1561      70795F74 
 1561      61626C65 
 1561      5F656E64 
 1561      5F5F00
 1562              	.LASF41:
 1563 0247 666C6F61 		.ascii	"float\000"
 1563      7400
 1564              	.LASF51:
 1565 024d 70657269 		.ascii	"period0\000"
 1565      6F643000 
 1566              	.LASF52:
 1567 0255 70657269 		.ascii	"period1\000"
 1567      6F643100 
 1568              	.LASF63:
 1569 025d 72656C6F 		.ascii	"reloadInputMode\000"
 1569      6164496E 
 1569      7075744D 
 1569      6F646500 
 1570              	.LASF8:
 1571 026d 6C6F6E67 		.ascii	"long long int\000"
 1571      206C6F6E 
 1571      6720696E 
 1571      7400
 1572              	.LASF50:
 1573 027b 72756E4D 		.ascii	"runMode\000"
 1573      6F646500 
 1574              	.LASF81:
 1575 0283 5F5F7A65 		.ascii	"__zero_table_end__\000"
 1575      726F5F74 
 1575      61626C65 
 1575      5F656E64 
 1575      5F5F00
 1576              	.LASF4:
 1577 0296 6C6F6E67 		.ascii	"long int\000"
 1577      20696E74 
 1577      00
 1578              	.LASF24:
 1579 029f 54525F43 		.ascii	"TR_CTRL2\000"
 1579      54524C32 
 1579      00
 1580              	.LASF91:
 1581 02a8 43795F54 		.ascii	"Cy_TCPWM_PWM_DeInit\000"
 1581      4350574D 
 1581      5F50574D 
 1581      5F446549 
 1581      6E697400 
 1582              	.LASF11:
 1583 02bc 696E7433 		.ascii	"int32_t\000"
 1583      325F7400 
ARM GAS  C:\Users\Ramon\AppData\Local\Temp\cc7jCWKb.s 			page 34


 1584              	.LASF74:
 1585 02c4 636E744E 		.ascii	"cntNum\000"
 1585      756D00
 1586              	.LASF29:
 1587 02cb 494E5452 		.ascii	"INTR_MASKED\000"
 1587      5F4D4153 
 1587      4B454400 
 1588              	.LASF18:
 1589 02d7 43435F42 		.ascii	"CC_BUFF\000"
 1589      55464600 
 1590              	.LASF13:
 1591 02df 6C6F6E67 		.ascii	"long double\000"
 1591      20646F75 
 1591      626C6500 
 1592              	.LASF65:
 1593 02eb 73746172 		.ascii	"startInputMode\000"
 1593      74496E70 
 1593      75744D6F 
 1593      646500
 1594              	.LASF1:
 1595 02fa 756E7369 		.ascii	"unsigned char\000"
 1595      676E6564 
 1595      20636861 
 1595      7200
 1596              	.LASF15:
 1597 0308 4354524C 		.ascii	"CTRL\000"
 1597      00
 1598              	.LASF37:
 1599 030d 494E5452 		.ascii	"INTR_CAUSE\000"
 1599      5F434155 
 1599      534500
 1600              	.LASF0:
 1601 0318 7369676E 		.ascii	"signed char\000"
 1601      65642063 
 1601      68617200 
 1602              	.LASF27:
 1603 0324 494E5452 		.ascii	"INTR_SET\000"
 1603      5F534554 
 1603      00
 1604              	.LASF9:
 1605 032d 6C6F6E67 		.ascii	"long long unsigned int\000"
 1605      206C6F6E 
 1605      6720756E 
 1605      7369676E 
 1605      65642069 
 1606              	.LASF12:
 1607 0344 75696E74 		.ascii	"uint32_t\000"
 1607      33325F74 
 1607      00
 1608              	.LASF10:
 1609 034d 756E7369 		.ascii	"unsigned int\000"
 1609      676E6564 
 1609      20696E74 
 1609      00
 1610              	.LASF59:
 1611 035a 696E7665 		.ascii	"invertPWMOutN\000"
 1611      72745057 
ARM GAS  C:\Users\Ramon\AppData\Local\Temp\cc7jCWKb.s 			page 35


 1611      4D4F7574 
 1611      4E00
 1612              	.LASF35:
 1613 0368 434D445F 		.ascii	"CMD_STOP\000"
 1613      53544F50 
 1613      00
 1614              	.LASF28:
 1615 0371 494E5452 		.ascii	"INTR_MASK\000"
 1615      5F4D4153 
 1615      4B00
 1616              	.LASF3:
 1617 037b 73686F72 		.ascii	"short unsigned int\000"
 1617      7420756E 
 1617      7369676E 
 1617      65642069 
 1617      6E7400
 1618              	.LASF77:
 1619 038e 5F5F636F 		.ascii	"__copy_table_start__\000"
 1619      70795F74 
 1619      61626C65 
 1619      5F737461 
 1619      72745F5F 
 1620              	.LASF90:
 1621 03a3 73746174 		.ascii	"status\000"
 1621      757300
 1622              	.LASF40:
 1623 03aa 63686172 		.ascii	"char\000"
 1623      00
 1624              	.LASF49:
 1625 03af 64656164 		.ascii	"deadTimeClocks\000"
 1625      54696D65 
 1625      436C6F63 
 1625      6B7300
 1626              	.LASF16:
 1627 03be 53544154 		.ascii	"STATUS\000"
 1627      555300
 1628              	.LASF44:
 1629 03c5 43595F54 		.ascii	"CY_TCPWM_BAD_PARAM\000"
 1629      4350574D 
 1629      5F424144 
 1629      5F504152 
 1629      414D00
 1630              	.LASF71:
 1631 03d8 5F426F6F 		.ascii	"_Bool\000"
 1631      6C00
 1632              	.LASF26:
 1633 03de 494E5452 		.ascii	"INTR\000"
 1633      00
 1634              	.LASF89:
 1635 03e3 43795F54 		.ascii	"Cy_TCPWM_PWM_Init\000"
 1635      4350574D 
 1635      5F50574D 
 1635      5F496E69 
 1635      7400
 1636              	.LASF87:
 1637 03f5 433A5C55 		.ascii	"C:\\Users\\Ramon\\Desktop\\Artigo\\PSoC\\Testbench\\"
 1637      73657273 
ARM GAS  C:\Users\Ramon\AppData\Local\Temp\cc7jCWKb.s 			page 36


 1637      5C52616D 
 1637      6F6E5C44 
 1637      65736B74 
 1638 0422 54657374 		.ascii	"Testbench\\Lock_in.cydsn\000"
 1638      62656E63 
 1638      685C4C6F 
 1638      636B5F69 
 1638      6E2E6379 
 1639              	.LASF25:
 1640 043a 52455345 		.ascii	"RESERVED1\000"
 1640      52564544 
 1640      3100
 1641              	.LASF7:
 1642 0444 6C6F6E67 		.ascii	"long unsigned int\000"
 1642      20756E73 
 1642      69676E65 
 1642      6420696E 
 1642      7400
 1643              	.LASF53:
 1644 0456 656E6162 		.ascii	"enablePeriodSwap\000"
 1644      6C655065 
 1644      72696F64 
 1644      53776170 
 1644      00
 1645              	.LASF42:
 1646 0467 646F7562 		.ascii	"double\000"
 1646      6C6500
 1647              	.LASF86:
 1648 046e 47656E65 		.ascii	"Generated_Source\\PSoC6\\pdl\\drivers\\peripheral\\"
 1648      72617465 
 1648      645F536F 
 1648      75726365 
 1648      5C50536F 
 1649 049c 74637077 		.ascii	"tcpwm\\cy_tcpwm_pwm.c\000"
 1649      6D5C6379 
 1649      5F746370 
 1649      776D5F70 
 1649      776D2E63 
 1650              	.LASF61:
 1651 04b1 73776170 		.ascii	"swapInputMode\000"
 1651      496E7075 
 1651      744D6F64 
 1651      6500
 1652              	.LASF66:
 1653 04bf 73746172 		.ascii	"startInput\000"
 1653      74496E70 
 1653      757400
 1654              	.LASF5:
 1655 04ca 5F5F696E 		.ascii	"__int32_t\000"
 1655      7433325F 
 1655      7400
 1656              	.LASF31:
 1657 04d4 4354524C 		.ascii	"CTRL_CLR\000"
 1657      5F434C52 
 1657      00
 1658              	.LASF48:
 1659 04dd 70776D41 		.ascii	"pwmAlignment\000"
ARM GAS  C:\Users\Ramon\AppData\Local\Temp\cc7jCWKb.s 			page 37


 1659      6C69676E 
 1659      6D656E74 
 1659      00
 1660              	.LASF62:
 1661 04ea 73776170 		.ascii	"swapInput\000"
 1661      496E7075 
 1661      7400
 1662              	.LASF58:
 1663 04f4 696E7665 		.ascii	"invertPWMOut\000"
 1663      72745057 
 1663      4D4F7574 
 1663      00
 1664              	.LASF67:
 1665 0501 6B696C6C 		.ascii	"killInputMode\000"
 1665      496E7075 
 1665      744D6F64 
 1665      6500
 1666              	.LASF17:
 1667 050f 434F554E 		.ascii	"COUNTER\000"
 1667      54455200 
 1668              	.LASF46:
 1669 0517 70776D4D 		.ascii	"pwmMode\000"
 1669      6F646500 
 1670              	.LASF21:
 1671 051f 52455345 		.ascii	"RESERVED\000"
 1671      52564544 
 1671      00
 1672              	.LASF45:
 1673 0528 63795F65 		.ascii	"cy_en_tcpwm_status_t\000"
 1673      6E5F7463 
 1673      70776D5F 
 1673      73746174 
 1673      75735F74 
 1674              	.LASF84:
 1675 053d 776C656E 		.ascii	"wlen\000"
 1675      00
 1676              	.LASF70:
 1677 0542 636F756E 		.ascii	"countInput\000"
 1677      74496E70 
 1677      757400
 1678              	.LASF82:
 1679 054d 49544D5F 		.ascii	"ITM_RxBuffer\000"
 1679      52784275 
 1679      66666572 
 1679      00
 1680              	.LASF39:
 1681 055a 54435057 		.ascii	"TCPWM_Type\000"
 1681      4D5F5479 
 1681      706500
 1682              	.LASF73:
 1683 0565 62617365 		.ascii	"base\000"
 1683      00
 1684              		.ident	"GCC: (GNU Tools for ARM Embedded Processors) 5.4.1 20160609 (release) [ARM/embedded-5-bran
