ARM GAS  C:\Users\Ramon\AppData\Local\Temp\cc4AiK92.s 			page 1


   1              		.syntax unified
   2              		.cpu cortex-m4
   3              		.eabi_attribute 27, 1
   4              		.fpu fpv4-sp-d16
   5              		.eabi_attribute 20, 1
   6              		.eabi_attribute 21, 1
   7              		.eabi_attribute 23, 3
   8              		.eabi_attribute 24, 1
   9              		.eabi_attribute 25, 1
  10              		.eabi_attribute 26, 1
  11              		.eabi_attribute 30, 1
  12              		.eabi_attribute 34, 1
  13              		.eabi_attribute 18, 4
  14              		.thumb
  15              		.syntax unified
  16              		.file	"cy_tcpwm_counter.c"
  17              		.text
  18              	.Ltext0:
  19              		.cfi_sections	.debug_frame
  20              		.section	.text.Cy_TCPWM_Counter_Init,"ax",%progbits
  21              		.align	2
  22              		.global	Cy_TCPWM_Counter_Init
  23              		.thumb
  24              		.thumb_func
  25              		.type	Cy_TCPWM_Counter_Init, %function
  26              	Cy_TCPWM_Counter_Init:
  27              	.LFB161:
  28              		.file 1 "Generated_Source\\PSoC6\\pdl\\drivers\\peripheral\\tcpwm\\cy_tcpwm_counter.c"
   1:Generated_Source\PSoC6\pdl\drivers\peripheral\tcpwm/cy_tcpwm_counter.c **** /***************************************************************************//**
   2:Generated_Source\PSoC6\pdl\drivers\peripheral\tcpwm/cy_tcpwm_counter.c **** * \file cy_tcpwm_counter.c
   3:Generated_Source\PSoC6\pdl\drivers\peripheral\tcpwm/cy_tcpwm_counter.c **** * \version 1.10
   4:Generated_Source\PSoC6\pdl\drivers\peripheral\tcpwm/cy_tcpwm_counter.c **** *
   5:Generated_Source\PSoC6\pdl\drivers\peripheral\tcpwm/cy_tcpwm_counter.c **** * \brief
   6:Generated_Source\PSoC6\pdl\drivers\peripheral\tcpwm/cy_tcpwm_counter.c **** *  The source file of the tcpwm driver.
   7:Generated_Source\PSoC6\pdl\drivers\peripheral\tcpwm/cy_tcpwm_counter.c **** *
   8:Generated_Source\PSoC6\pdl\drivers\peripheral\tcpwm/cy_tcpwm_counter.c **** ********************************************************************************
   9:Generated_Source\PSoC6\pdl\drivers\peripheral\tcpwm/cy_tcpwm_counter.c **** * \copyright
  10:Generated_Source\PSoC6\pdl\drivers\peripheral\tcpwm/cy_tcpwm_counter.c **** * Copyright 2016-2018, Cypress Semiconductor Corporation.  All rights reserved.
  11:Generated_Source\PSoC6\pdl\drivers\peripheral\tcpwm/cy_tcpwm_counter.c **** * You may use this file only in accordance with the license, terms, conditions,
  12:Generated_Source\PSoC6\pdl\drivers\peripheral\tcpwm/cy_tcpwm_counter.c **** * disclaimers, and limitations in the end user license agreement accompanying
  13:Generated_Source\PSoC6\pdl\drivers\peripheral\tcpwm/cy_tcpwm_counter.c **** * the software package with which this file was provided.
  14:Generated_Source\PSoC6\pdl\drivers\peripheral\tcpwm/cy_tcpwm_counter.c **** *******************************************************************************/
  15:Generated_Source\PSoC6\pdl\drivers\peripheral\tcpwm/cy_tcpwm_counter.c **** 
  16:Generated_Source\PSoC6\pdl\drivers\peripheral\tcpwm/cy_tcpwm_counter.c **** #include "cy_tcpwm_counter.h"
  17:Generated_Source\PSoC6\pdl\drivers\peripheral\tcpwm/cy_tcpwm_counter.c **** 
  18:Generated_Source\PSoC6\pdl\drivers\peripheral\tcpwm/cy_tcpwm_counter.c **** #ifdef CY_IP_MXTCPWM
  19:Generated_Source\PSoC6\pdl\drivers\peripheral\tcpwm/cy_tcpwm_counter.c **** 
  20:Generated_Source\PSoC6\pdl\drivers\peripheral\tcpwm/cy_tcpwm_counter.c **** #if defined(__cplusplus)
  21:Generated_Source\PSoC6\pdl\drivers\peripheral\tcpwm/cy_tcpwm_counter.c **** extern "C" {
  22:Generated_Source\PSoC6\pdl\drivers\peripheral\tcpwm/cy_tcpwm_counter.c **** #endif
  23:Generated_Source\PSoC6\pdl\drivers\peripheral\tcpwm/cy_tcpwm_counter.c **** 
  24:Generated_Source\PSoC6\pdl\drivers\peripheral\tcpwm/cy_tcpwm_counter.c **** 
  25:Generated_Source\PSoC6\pdl\drivers\peripheral\tcpwm/cy_tcpwm_counter.c **** /*******************************************************************************
  26:Generated_Source\PSoC6\pdl\drivers\peripheral\tcpwm/cy_tcpwm_counter.c **** * Function Name: Cy_TCPWM_Counter_Init
  27:Generated_Source\PSoC6\pdl\drivers\peripheral\tcpwm/cy_tcpwm_counter.c **** ****************************************************************************//**
  28:Generated_Source\PSoC6\pdl\drivers\peripheral\tcpwm/cy_tcpwm_counter.c **** *
  29:Generated_Source\PSoC6\pdl\drivers\peripheral\tcpwm/cy_tcpwm_counter.c **** * Initializes the counter in the TCPWM block for the Counter operation.
ARM GAS  C:\Users\Ramon\AppData\Local\Temp\cc4AiK92.s 			page 2


  30:Generated_Source\PSoC6\pdl\drivers\peripheral\tcpwm/cy_tcpwm_counter.c **** *
  31:Generated_Source\PSoC6\pdl\drivers\peripheral\tcpwm/cy_tcpwm_counter.c **** * \param base
  32:Generated_Source\PSoC6\pdl\drivers\peripheral\tcpwm/cy_tcpwm_counter.c **** * The pointer to a TCPWM instance.
  33:Generated_Source\PSoC6\pdl\drivers\peripheral\tcpwm/cy_tcpwm_counter.c **** *
  34:Generated_Source\PSoC6\pdl\drivers\peripheral\tcpwm/cy_tcpwm_counter.c **** * \param cntNum
  35:Generated_Source\PSoC6\pdl\drivers\peripheral\tcpwm/cy_tcpwm_counter.c **** * The Counter instance number in the selected TCPWM.
  36:Generated_Source\PSoC6\pdl\drivers\peripheral\tcpwm/cy_tcpwm_counter.c **** *
  37:Generated_Source\PSoC6\pdl\drivers\peripheral\tcpwm/cy_tcpwm_counter.c **** * \param config
  38:Generated_Source\PSoC6\pdl\drivers\peripheral\tcpwm/cy_tcpwm_counter.c **** * The pointer to configuration structure. See \ref cy_stc_tcpwm_counter_config_t.
  39:Generated_Source\PSoC6\pdl\drivers\peripheral\tcpwm/cy_tcpwm_counter.c **** *
  40:Generated_Source\PSoC6\pdl\drivers\peripheral\tcpwm/cy_tcpwm_counter.c **** * \return error / status code. See \ref cy_en_tcpwm_status_t.
  41:Generated_Source\PSoC6\pdl\drivers\peripheral\tcpwm/cy_tcpwm_counter.c **** *
  42:Generated_Source\PSoC6\pdl\drivers\peripheral\tcpwm/cy_tcpwm_counter.c **** * \funcusage
  43:Generated_Source\PSoC6\pdl\drivers\peripheral\tcpwm/cy_tcpwm_counter.c **** * \snippet tcpwm\1.10\counter\snippet\main.c snippet_Cy_TCPWM_Counter_Config
  44:Generated_Source\PSoC6\pdl\drivers\peripheral\tcpwm/cy_tcpwm_counter.c **** * \snippet tcpwm\1.10\counter\snippet\main.c snippet_Cy_TCPWM_Counter_Init
  45:Generated_Source\PSoC6\pdl\drivers\peripheral\tcpwm/cy_tcpwm_counter.c **** *
  46:Generated_Source\PSoC6\pdl\drivers\peripheral\tcpwm/cy_tcpwm_counter.c **** *******************************************************************************/
  47:Generated_Source\PSoC6\pdl\drivers\peripheral\tcpwm/cy_tcpwm_counter.c **** cy_en_tcpwm_status_t Cy_TCPWM_Counter_Init(TCPWM_Type *base, uint32_t cntNum, 
  48:Generated_Source\PSoC6\pdl\drivers\peripheral\tcpwm/cy_tcpwm_counter.c ****                                            cy_stc_tcpwm_counter_config_t const *config)
  49:Generated_Source\PSoC6\pdl\drivers\peripheral\tcpwm/cy_tcpwm_counter.c **** {
  29              		.loc 1 49 0
  30              		.cfi_startproc
  31              		@ args = 0, pretend = 0, frame = 0
  32              		@ frame_needed = 0, uses_anonymous_args = 0
  33              		@ link register save eliminated.
  34              	.LVL0:
  50:Generated_Source\PSoC6\pdl\drivers\peripheral\tcpwm/cy_tcpwm_counter.c ****     cy_en_tcpwm_status_t status = CY_TCPWM_BAD_PARAM;
  51:Generated_Source\PSoC6\pdl\drivers\peripheral\tcpwm/cy_tcpwm_counter.c **** 
  52:Generated_Source\PSoC6\pdl\drivers\peripheral\tcpwm/cy_tcpwm_counter.c ****     if ((NULL != base) && (NULL != config))
  35              		.loc 1 52 0
  36 0000 0028     		cmp	r0, #0
  37 0002 7DD0     		beq	.L9
  38 0004 0346     		mov	r3, r0
  39              		.loc 1 52 0 is_stmt 0 discriminator 1
  40 0006 002A     		cmp	r2, #0
  41 0008 7CD0     		beq	.L10
  49:Generated_Source\PSoC6\pdl\drivers\peripheral\tcpwm/cy_tcpwm_counter.c ****     cy_en_tcpwm_status_t status = CY_TCPWM_BAD_PARAM;
  42              		.loc 1 49 0 is_stmt 1
  43 000a 70B4     		push	{r4, r5, r6}
  44              		.cfi_def_cfa_offset 12
  45              		.cfi_offset 4, -12
  46              		.cfi_offset 5, -8
  47              		.cfi_offset 6, -4
  53:Generated_Source\PSoC6\pdl\drivers\peripheral\tcpwm/cy_tcpwm_counter.c ****     {
  54:Generated_Source\PSoC6\pdl\drivers\peripheral\tcpwm/cy_tcpwm_counter.c ****         TCPWM_CNT_CTRL(base, cntNum) = (_VAL2FLD(TCPWM_CNT_CTRL_GENERIC, config->clockPrescaler) |
  48              		.loc 1 54 0
  49 000c 5068     		ldr	r0, [r2, #4]
  50              	.LVL1:
  51 000e 0002     		lsls	r0, r0, #8
  52 0010 80B2     		uxth	r0, r0
  55:Generated_Source\PSoC6\pdl\drivers\peripheral\tcpwm/cy_tcpwm_counter.c ****                                       _VAL2FLD(TCPWM_CNT_CTRL_ONE_SHOT, config->runMode) |
  53              		.loc 1 55 0
  54 0012 9568     		ldr	r5, [r2, #8]
  55 0014 AD04     		lsls	r5, r5, #18
  56 0016 05F48025 		and	r5, r5, #262144
  54:Generated_Source\PSoC6\pdl\drivers\peripheral\tcpwm/cy_tcpwm_counter.c ****                                       _VAL2FLD(TCPWM_CNT_CTRL_ONE_SHOT, config->runMode) |
  57              		.loc 1 54 0
ARM GAS  C:\Users\Ramon\AppData\Local\Temp\cc4AiK92.s 			page 3


  58 001a 2843     		orrs	r0, r0, r5
  56:Generated_Source\PSoC6\pdl\drivers\peripheral\tcpwm/cy_tcpwm_counter.c ****                                       _VAL2FLD(TCPWM_CNT_CTRL_UP_DOWN_MODE, config->countDirection)
  59              		.loc 1 56 0
  60 001c D468     		ldr	r4, [r2, #12]
  61 001e 2404     		lsls	r4, r4, #16
  62 0020 04F44034 		and	r4, r4, #196608
  55:Generated_Source\PSoC6\pdl\drivers\peripheral\tcpwm/cy_tcpwm_counter.c ****                                       _VAL2FLD(TCPWM_CNT_CTRL_ONE_SHOT, config->runMode) |
  63              		.loc 1 55 0
  64 0024 0443     		orrs	r4, r4, r0
  57:Generated_Source\PSoC6\pdl\drivers\peripheral\tcpwm/cy_tcpwm_counter.c ****                                       _VAL2FLD(TCPWM_CNT_CTRL_MODE, config->compareOrCapture) |
  65              		.loc 1 57 0
  66 0026 1069     		ldr	r0, [r2, #16]
  67 0028 0006     		lsls	r0, r0, #24
  68 002a 00F0E060 		and	r0, r0, #117440512
  56:Generated_Source\PSoC6\pdl\drivers\peripheral\tcpwm/cy_tcpwm_counter.c ****                                       _VAL2FLD(TCPWM_CNT_CTRL_UP_DOWN_MODE, config->countDirection)
  69              		.loc 1 56 0
  70 002e 2043     		orrs	r0, r0, r4
  58:Generated_Source\PSoC6\pdl\drivers\peripheral\tcpwm/cy_tcpwm_counter.c ****                                       (config->enableCompareSwap ? TCPWM_CNT_CTRL_AUTO_RELOAD_CC_Ms
  71              		.loc 1 58 0
  72 0030 147F     		ldrb	r4, [r2, #28]	@ zero_extendqisi2
  73 0032 0CB1     		cbz	r4, .L11
  74 0034 0124     		movs	r4, #1
  75 0036 00E0     		b	.L3
  76              	.L11:
  77 0038 0024     		movs	r4, #0
  78              	.L3:
  57:Generated_Source\PSoC6\pdl\drivers\peripheral\tcpwm/cy_tcpwm_counter.c ****                                       _VAL2FLD(TCPWM_CNT_CTRL_MODE, config->compareOrCapture) |
  79              		.loc 1 57 0
  80 003a 2043     		orrs	r0, r0, r4
  54:Generated_Source\PSoC6\pdl\drivers\peripheral\tcpwm/cy_tcpwm_counter.c ****                                       _VAL2FLD(TCPWM_CNT_CTRL_ONE_SHOT, config->runMode) |
  81              		.loc 1 54 0
  82 003c 0C1D     		adds	r4, r1, #4
  83 003e A401     		lsls	r4, r4, #6
  84 0040 1851     		str	r0, [r3, r4]
  59:Generated_Source\PSoC6\pdl\drivers\peripheral\tcpwm/cy_tcpwm_counter.c **** 
  60:Generated_Source\PSoC6\pdl\drivers\peripheral\tcpwm/cy_tcpwm_counter.c ****         if (CY_TCPWM_COUNTER_COUNT_UP == config->countDirection)
  85              		.loc 1 60 0
  86 0042 D068     		ldr	r0, [r2, #12]
  87 0044 28B9     		cbnz	r0, .L4
  61:Generated_Source\PSoC6\pdl\drivers\peripheral\tcpwm/cy_tcpwm_counter.c ****         {
  62:Generated_Source\PSoC6\pdl\drivers\peripheral\tcpwm/cy_tcpwm_counter.c ****             TCPWM_CNT_COUNTER(base, cntNum) = CY_TCPWM_CNT_UP_INIT_VAL;
  88              		.loc 1 62 0
  89 0046 03EB8110 		add	r0, r3, r1, lsl #6
  90 004a 0024     		movs	r4, #0
  91 004c C0F80841 		str	r4, [r0, #264]
  92 0050 0CE0     		b	.L5
  93              	.L4:
  63:Generated_Source\PSoC6\pdl\drivers\peripheral\tcpwm/cy_tcpwm_counter.c ****         }
  64:Generated_Source\PSoC6\pdl\drivers\peripheral\tcpwm/cy_tcpwm_counter.c ****         else if (CY_TCPWM_COUNTER_COUNT_DOWN == config->countDirection)
  94              		.loc 1 64 0
  95 0052 0128     		cmp	r0, #1
  96 0054 05D1     		bne	.L6
  65:Generated_Source\PSoC6\pdl\drivers\peripheral\tcpwm/cy_tcpwm_counter.c ****         {
  66:Generated_Source\PSoC6\pdl\drivers\peripheral\tcpwm/cy_tcpwm_counter.c ****             TCPWM_CNT_COUNTER(base, cntNum) = config->period;
  97              		.loc 1 66 0
  98 0056 1468     		ldr	r4, [r2]
  99 0058 03EB8110 		add	r0, r3, r1, lsl #6
ARM GAS  C:\Users\Ramon\AppData\Local\Temp\cc4AiK92.s 			page 4


 100 005c C0F80841 		str	r4, [r0, #264]
 101 0060 04E0     		b	.L5
 102              	.L6:
  67:Generated_Source\PSoC6\pdl\drivers\peripheral\tcpwm/cy_tcpwm_counter.c ****         }
  68:Generated_Source\PSoC6\pdl\drivers\peripheral\tcpwm/cy_tcpwm_counter.c ****         else
  69:Generated_Source\PSoC6\pdl\drivers\peripheral\tcpwm/cy_tcpwm_counter.c ****         {
  70:Generated_Source\PSoC6\pdl\drivers\peripheral\tcpwm/cy_tcpwm_counter.c ****             TCPWM_CNT_COUNTER(base, cntNum) = CY_TCPWM_CNT_UP_DOWN_INIT_VAL;
 103              		.loc 1 70 0
 104 0062 03EB8110 		add	r0, r3, r1, lsl #6
 105 0066 0124     		movs	r4, #1
 106 0068 C0F80841 		str	r4, [r0, #264]
 107              	.L5:
  71:Generated_Source\PSoC6\pdl\drivers\peripheral\tcpwm/cy_tcpwm_counter.c ****         }
  72:Generated_Source\PSoC6\pdl\drivers\peripheral\tcpwm/cy_tcpwm_counter.c **** 
  73:Generated_Source\PSoC6\pdl\drivers\peripheral\tcpwm/cy_tcpwm_counter.c ****         if (CY_TCPWM_COUNTER_MODE_COMPARE == config->compareOrCapture)
 108              		.loc 1 73 0
 109 006c 1069     		ldr	r0, [r2, #16]
 110 006e 38B9     		cbnz	r0, .L7
  74:Generated_Source\PSoC6\pdl\drivers\peripheral\tcpwm/cy_tcpwm_counter.c ****         {
  75:Generated_Source\PSoC6\pdl\drivers\peripheral\tcpwm/cy_tcpwm_counter.c ****             TCPWM_CNT_CC(base, cntNum) = config->compare0;
 111              		.loc 1 75 0
 112 0070 5469     		ldr	r4, [r2, #20]
 113 0072 03EB8110 		add	r0, r3, r1, lsl #6
 114 0076 C0F80C41 		str	r4, [r0, #268]
  76:Generated_Source\PSoC6\pdl\drivers\peripheral\tcpwm/cy_tcpwm_counter.c ****             TCPWM_CNT_CC_BUFF(base, cntNum) = config->compare1;
 115              		.loc 1 76 0
 116 007a 9469     		ldr	r4, [r2, #24]
 117 007c C0F81041 		str	r4, [r0, #272]
 118              	.L7:
  77:Generated_Source\PSoC6\pdl\drivers\peripheral\tcpwm/cy_tcpwm_counter.c ****         }
  78:Generated_Source\PSoC6\pdl\drivers\peripheral\tcpwm/cy_tcpwm_counter.c **** 
  79:Generated_Source\PSoC6\pdl\drivers\peripheral\tcpwm/cy_tcpwm_counter.c ****         TCPWM_CNT_PERIOD(base, cntNum) = config->period;
 119              		.loc 1 79 0
 120 0080 1468     		ldr	r4, [r2]
 121 0082 03EB8110 		add	r0, r3, r1, lsl #6
 122 0086 C0F81441 		str	r4, [r0, #276]
  80:Generated_Source\PSoC6\pdl\drivers\peripheral\tcpwm/cy_tcpwm_counter.c **** 
  81:Generated_Source\PSoC6\pdl\drivers\peripheral\tcpwm/cy_tcpwm_counter.c ****         if (CY_TCPWM_INPUT_CREATOR != config->countInput)
 123              		.loc 1 81 0
 124 008a 906C     		ldr	r0, [r2, #72]
 125 008c B0F1FF3F 		cmp	r0, #-1
 126 0090 17D0     		beq	.L8
  82:Generated_Source\PSoC6\pdl\drivers\peripheral\tcpwm/cy_tcpwm_counter.c ****         {
  83:Generated_Source\PSoC6\pdl\drivers\peripheral\tcpwm/cy_tcpwm_counter.c ****             TCPWM_CNT_TR_CTRL0(base, cntNum) = (_VAL2FLD(TCPWM_CNT_TR_CTRL0_CAPTURE_SEL, config->ca
 127              		.loc 1 83 0
 128 0092 946A     		ldr	r4, [r2, #40]
 129 0094 04F00F04 		and	r4, r4, #15
  84:Generated_Source\PSoC6\pdl\drivers\peripheral\tcpwm/cy_tcpwm_counter.c ****                                               _VAL2FLD(TCPWM_CNT_TR_CTRL0_RELOAD_SEL, config->reloa
 130              		.loc 1 84 0
 131 0098 166B     		ldr	r6, [r2, #48]
 132 009a 3602     		lsls	r6, r6, #8
 133 009c 06F47066 		and	r6, r6, #3840
  83:Generated_Source\PSoC6\pdl\drivers\peripheral\tcpwm/cy_tcpwm_counter.c ****                                               _VAL2FLD(TCPWM_CNT_TR_CTRL0_RELOAD_SEL, config->reloa
 134              		.loc 1 83 0
 135 00a0 3443     		orrs	r4, r4, r6
  85:Generated_Source\PSoC6\pdl\drivers\peripheral\tcpwm/cy_tcpwm_counter.c ****                                               _VAL2FLD(TCPWM_CNT_TR_CTRL0_START_SEL, config->startI
 136              		.loc 1 85 0
ARM GAS  C:\Users\Ramon\AppData\Local\Temp\cc4AiK92.s 			page 5


 137 00a2 956B     		ldr	r5, [r2, #56]
 138 00a4 2D04     		lsls	r5, r5, #16
 139 00a6 05F47025 		and	r5, r5, #983040
  84:Generated_Source\PSoC6\pdl\drivers\peripheral\tcpwm/cy_tcpwm_counter.c ****                                               _VAL2FLD(TCPWM_CNT_TR_CTRL0_RELOAD_SEL, config->reloa
 140              		.loc 1 84 0
 141 00aa 2543     		orrs	r5, r5, r4
  86:Generated_Source\PSoC6\pdl\drivers\peripheral\tcpwm/cy_tcpwm_counter.c ****                                               _VAL2FLD(TCPWM_CNT_TR_CTRL0_STOP_SEL, config->stopInp
 142              		.loc 1 86 0
 143 00ac 146C     		ldr	r4, [r2, #64]
 144 00ae 2403     		lsls	r4, r4, #12
 145 00b0 A4B2     		uxth	r4, r4
  85:Generated_Source\PSoC6\pdl\drivers\peripheral\tcpwm/cy_tcpwm_counter.c ****                                               _VAL2FLD(TCPWM_CNT_TR_CTRL0_START_SEL, config->startI
 146              		.loc 1 85 0
 147 00b2 2C43     		orrs	r4, r4, r5
  87:Generated_Source\PSoC6\pdl\drivers\peripheral\tcpwm/cy_tcpwm_counter.c ****                                               _VAL2FLD(TCPWM_CNT_TR_CTRL0_COUNT_SEL, config->countI
 148              		.loc 1 87 0
 149 00b4 0001     		lsls	r0, r0, #4
 150 00b6 C0B2     		uxtb	r0, r0
  86:Generated_Source\PSoC6\pdl\drivers\peripheral\tcpwm/cy_tcpwm_counter.c ****                                               _VAL2FLD(TCPWM_CNT_TR_CTRL0_STOP_SEL, config->stopInp
 151              		.loc 1 86 0
 152 00b8 2043     		orrs	r0, r0, r4
  83:Generated_Source\PSoC6\pdl\drivers\peripheral\tcpwm/cy_tcpwm_counter.c ****                                               _VAL2FLD(TCPWM_CNT_TR_CTRL0_RELOAD_SEL, config->reloa
 153              		.loc 1 83 0
 154 00ba 03EB8114 		add	r4, r3, r1, lsl #6
 155 00be C4F82001 		str	r0, [r4, #288]
 156              	.L8:
  88:Generated_Source\PSoC6\pdl\drivers\peripheral\tcpwm/cy_tcpwm_counter.c ****         }
  89:Generated_Source\PSoC6\pdl\drivers\peripheral\tcpwm/cy_tcpwm_counter.c **** 
  90:Generated_Source\PSoC6\pdl\drivers\peripheral\tcpwm/cy_tcpwm_counter.c ****         TCPWM_CNT_TR_CTRL1(base, cntNum) = (_VAL2FLD(TCPWM_CNT_TR_CTRL1_CAPTURE_EDGE, config->captu
 157              		.loc 1 90 0
 158 00c2 506A     		ldr	r0, [r2, #36]
 159 00c4 00F00300 		and	r0, r0, #3
  91:Generated_Source\PSoC6\pdl\drivers\peripheral\tcpwm/cy_tcpwm_counter.c ****                                           _VAL2FLD(TCPWM_CNT_TR_CTRL1_RELOAD_EDGE, config->reloadIn
 160              		.loc 1 91 0
 161 00c8 D66A     		ldr	r6, [r2, #44]
 162 00ca 3601     		lsls	r6, r6, #4
 163 00cc 06F03006 		and	r6, r6, #48
  90:Generated_Source\PSoC6\pdl\drivers\peripheral\tcpwm/cy_tcpwm_counter.c ****                                           _VAL2FLD(TCPWM_CNT_TR_CTRL1_RELOAD_EDGE, config->reloadIn
 164              		.loc 1 90 0
 165 00d0 3043     		orrs	r0, r0, r6
  92:Generated_Source\PSoC6\pdl\drivers\peripheral\tcpwm/cy_tcpwm_counter.c ****                                           _VAL2FLD(TCPWM_CNT_TR_CTRL1_START_EDGE, config->startInpu
 166              		.loc 1 92 0
 167 00d2 556B     		ldr	r5, [r2, #52]
 168 00d4 2D02     		lsls	r5, r5, #8
 169 00d6 05F44075 		and	r5, r5, #768
  91:Generated_Source\PSoC6\pdl\drivers\peripheral\tcpwm/cy_tcpwm_counter.c ****                                           _VAL2FLD(TCPWM_CNT_TR_CTRL1_RELOAD_EDGE, config->reloadIn
 170              		.loc 1 91 0
 171 00da 2843     		orrs	r0, r0, r5
  93:Generated_Source\PSoC6\pdl\drivers\peripheral\tcpwm/cy_tcpwm_counter.c ****                                           _VAL2FLD(TCPWM_CNT_TR_CTRL1_STOP_EDGE, config->stopInputM
 172              		.loc 1 93 0
 173 00dc D46B     		ldr	r4, [r2, #60]
 174 00de A401     		lsls	r4, r4, #6
 175 00e0 E4B2     		uxtb	r4, r4
  92:Generated_Source\PSoC6\pdl\drivers\peripheral\tcpwm/cy_tcpwm_counter.c ****                                           _VAL2FLD(TCPWM_CNT_TR_CTRL1_START_EDGE, config->startInpu
 176              		.loc 1 92 0
 177 00e2 0443     		orrs	r4, r4, r0
  94:Generated_Source\PSoC6\pdl\drivers\peripheral\tcpwm/cy_tcpwm_counter.c ****                                           _VAL2FLD(TCPWM_CNT_TR_CTRL1_COUNT_EDGE, config->countInpu
ARM GAS  C:\Users\Ramon\AppData\Local\Temp\cc4AiK92.s 			page 6


 178              		.loc 1 94 0
 179 00e4 506C     		ldr	r0, [r2, #68]
 180 00e6 8000     		lsls	r0, r0, #2
 181 00e8 00F00C00 		and	r0, r0, #12
  93:Generated_Source\PSoC6\pdl\drivers\peripheral\tcpwm/cy_tcpwm_counter.c ****                                           _VAL2FLD(TCPWM_CNT_TR_CTRL1_STOP_EDGE, config->stopInputM
 182              		.loc 1 93 0
 183 00ec 2043     		orrs	r0, r0, r4
  90:Generated_Source\PSoC6\pdl\drivers\peripheral\tcpwm/cy_tcpwm_counter.c ****                                           _VAL2FLD(TCPWM_CNT_TR_CTRL1_RELOAD_EDGE, config->reloadIn
 184              		.loc 1 90 0
 185 00ee 03EB8113 		add	r3, r3, r1, lsl #6
 186              	.LVL2:
 187 00f2 C3F82401 		str	r0, [r3, #292]
  95:Generated_Source\PSoC6\pdl\drivers\peripheral\tcpwm/cy_tcpwm_counter.c **** 
  96:Generated_Source\PSoC6\pdl\drivers\peripheral\tcpwm/cy_tcpwm_counter.c ****         TCPWM_CNT_INTR_MASK(base, cntNum) = config->interruptSources;
 188              		.loc 1 96 0
 189 00f6 126A     		ldr	r2, [r2, #32]
 190              	.LVL3:
 191 00f8 C3F83821 		str	r2, [r3, #312]
 192              	.LVL4:
  97:Generated_Source\PSoC6\pdl\drivers\peripheral\tcpwm/cy_tcpwm_counter.c **** 
  98:Generated_Source\PSoC6\pdl\drivers\peripheral\tcpwm/cy_tcpwm_counter.c ****         status = CY_TCPWM_SUCCESS;
 193              		.loc 1 98 0
 194 00fc 0020     		movs	r0, #0
 195 00fe 03E0     		b	.L2
 196              	.LVL5:
 197              	.L9:
 198              		.cfi_def_cfa_offset 0
 199              		.cfi_restore 4
 200              		.cfi_restore 5
 201              		.cfi_restore 6
  50:Generated_Source\PSoC6\pdl\drivers\peripheral\tcpwm/cy_tcpwm_counter.c **** 
 202              		.loc 1 50 0
 203 0100 0248     		ldr	r0, .L14
 204              	.LVL6:
 205 0102 7047     		bx	lr
 206              	.LVL7:
 207              	.L10:
 208 0104 0148     		ldr	r0, .L14
 209              	.LVL8:
 210 0106 7047     		bx	lr
 211              	.LVL9:
 212              	.L2:
 213              		.cfi_def_cfa_offset 12
 214              		.cfi_offset 4, -12
 215              		.cfi_offset 5, -8
 216              		.cfi_offset 6, -4
  99:Generated_Source\PSoC6\pdl\drivers\peripheral\tcpwm/cy_tcpwm_counter.c ****     }
 100:Generated_Source\PSoC6\pdl\drivers\peripheral\tcpwm/cy_tcpwm_counter.c **** 
 101:Generated_Source\PSoC6\pdl\drivers\peripheral\tcpwm/cy_tcpwm_counter.c ****     return(status);
 102:Generated_Source\PSoC6\pdl\drivers\peripheral\tcpwm/cy_tcpwm_counter.c **** }
 217              		.loc 1 102 0
 218 0108 70BC     		pop	{r4, r5, r6}
 219              		.cfi_restore 6
 220              		.cfi_restore 5
 221              		.cfi_restore 4
 222              		.cfi_def_cfa_offset 0
 223 010a 7047     		bx	lr
ARM GAS  C:\Users\Ramon\AppData\Local\Temp\cc4AiK92.s 			page 7


 224              	.L15:
 225              		.align	2
 226              	.L14:
 227 010c 0100B600 		.word	11927553
 228              		.cfi_endproc
 229              	.LFE161:
 230              		.size	Cy_TCPWM_Counter_Init, .-Cy_TCPWM_Counter_Init
 231              		.section	.text.Cy_TCPWM_Counter_DeInit,"ax",%progbits
 232              		.align	2
 233              		.global	Cy_TCPWM_Counter_DeInit
 234              		.thumb
 235              		.thumb_func
 236              		.type	Cy_TCPWM_Counter_DeInit, %function
 237              	Cy_TCPWM_Counter_DeInit:
 238              	.LFB162:
 103:Generated_Source\PSoC6\pdl\drivers\peripheral\tcpwm/cy_tcpwm_counter.c **** 
 104:Generated_Source\PSoC6\pdl\drivers\peripheral\tcpwm/cy_tcpwm_counter.c **** 
 105:Generated_Source\PSoC6\pdl\drivers\peripheral\tcpwm/cy_tcpwm_counter.c **** /*******************************************************************************
 106:Generated_Source\PSoC6\pdl\drivers\peripheral\tcpwm/cy_tcpwm_counter.c **** * Function Name: Cy_TCPWM_Counter_DeInit
 107:Generated_Source\PSoC6\pdl\drivers\peripheral\tcpwm/cy_tcpwm_counter.c **** ****************************************************************************//**
 108:Generated_Source\PSoC6\pdl\drivers\peripheral\tcpwm/cy_tcpwm_counter.c **** *
 109:Generated_Source\PSoC6\pdl\drivers\peripheral\tcpwm/cy_tcpwm_counter.c **** * De-initializes the counter in the TCPWM block, returns register values to 
 110:Generated_Source\PSoC6\pdl\drivers\peripheral\tcpwm/cy_tcpwm_counter.c **** * default.
 111:Generated_Source\PSoC6\pdl\drivers\peripheral\tcpwm/cy_tcpwm_counter.c **** *
 112:Generated_Source\PSoC6\pdl\drivers\peripheral\tcpwm/cy_tcpwm_counter.c **** * \param base
 113:Generated_Source\PSoC6\pdl\drivers\peripheral\tcpwm/cy_tcpwm_counter.c **** * The pointer to a TCPWM instance.
 114:Generated_Source\PSoC6\pdl\drivers\peripheral\tcpwm/cy_tcpwm_counter.c **** *
 115:Generated_Source\PSoC6\pdl\drivers\peripheral\tcpwm/cy_tcpwm_counter.c **** * \param cntNum
 116:Generated_Source\PSoC6\pdl\drivers\peripheral\tcpwm/cy_tcpwm_counter.c **** * The Counter instance number in the selected TCPWM.
 117:Generated_Source\PSoC6\pdl\drivers\peripheral\tcpwm/cy_tcpwm_counter.c **** *
 118:Generated_Source\PSoC6\pdl\drivers\peripheral\tcpwm/cy_tcpwm_counter.c **** * \param config
 119:Generated_Source\PSoC6\pdl\drivers\peripheral\tcpwm/cy_tcpwm_counter.c **** * The pointer to configuration structure. See \ref cy_stc_tcpwm_counter_config_t.
 120:Generated_Source\PSoC6\pdl\drivers\peripheral\tcpwm/cy_tcpwm_counter.c **** *
 121:Generated_Source\PSoC6\pdl\drivers\peripheral\tcpwm/cy_tcpwm_counter.c **** * \funcusage
 122:Generated_Source\PSoC6\pdl\drivers\peripheral\tcpwm/cy_tcpwm_counter.c **** * \snippet tcpwm\1.10\counter\snippet\main.c snippet_Cy_TCPWM_Counter_DeInit
 123:Generated_Source\PSoC6\pdl\drivers\peripheral\tcpwm/cy_tcpwm_counter.c **** *
 124:Generated_Source\PSoC6\pdl\drivers\peripheral\tcpwm/cy_tcpwm_counter.c **** *******************************************************************************/
 125:Generated_Source\PSoC6\pdl\drivers\peripheral\tcpwm/cy_tcpwm_counter.c **** void Cy_TCPWM_Counter_DeInit(TCPWM_Type *base, uint32_t cntNum, cy_stc_tcpwm_counter_config_t const
 126:Generated_Source\PSoC6\pdl\drivers\peripheral\tcpwm/cy_tcpwm_counter.c **** {
 239              		.loc 1 126 0
 240              		.cfi_startproc
 241              		@ args = 0, pretend = 0, frame = 0
 242              		@ frame_needed = 0, uses_anonymous_args = 0
 243              		@ link register save eliminated.
 244              	.LVL10:
 245 0000 30B4     		push	{r4, r5}
 246              		.cfi_def_cfa_offset 8
 247              		.cfi_offset 4, -8
 248              		.cfi_offset 5, -4
 127:Generated_Source\PSoC6\pdl\drivers\peripheral\tcpwm/cy_tcpwm_counter.c ****     TCPWM_CNT_CTRL(base, cntNum) = CY_TCPWM_CNT_CTRL_DEFAULT;
 249              		.loc 1 127 0
 250 0002 0B1D     		adds	r3, r1, #4
 251 0004 9B01     		lsls	r3, r3, #6
 252 0006 0024     		movs	r4, #0
 253 0008 C450     		str	r4, [r0, r3]
 128:Generated_Source\PSoC6\pdl\drivers\peripheral\tcpwm/cy_tcpwm_counter.c ****     TCPWM_CNT_COUNTER(base, cntNum) = CY_TCPWM_CNT_COUNTER_DEFAULT;
 254              		.loc 1 128 0
ARM GAS  C:\Users\Ramon\AppData\Local\Temp\cc4AiK92.s 			page 8


 255 000a 00EB8113 		add	r3, r0, r1, lsl #6
 256 000e C3F80841 		str	r4, [r3, #264]
 129:Generated_Source\PSoC6\pdl\drivers\peripheral\tcpwm/cy_tcpwm_counter.c ****     TCPWM_CNT_CC(base, cntNum) = CY_TCPWM_CNT_CC_DEFAULT;
 257              		.loc 1 129 0
 258 0012 4FF0FF35 		mov	r5, #-1
 259 0016 C3F80C51 		str	r5, [r3, #268]
 130:Generated_Source\PSoC6\pdl\drivers\peripheral\tcpwm/cy_tcpwm_counter.c ****     TCPWM_CNT_CC_BUFF(base, cntNum) = CY_TCPWM_CNT_CC_BUFF_DEFAULT;
 260              		.loc 1 130 0
 261 001a C3F81051 		str	r5, [r3, #272]
 131:Generated_Source\PSoC6\pdl\drivers\peripheral\tcpwm/cy_tcpwm_counter.c ****     TCPWM_CNT_PERIOD(base, cntNum) = CY_TCPWM_CNT_PERIOD_DEFAULT;
 262              		.loc 1 131 0
 263 001e C3F81451 		str	r5, [r3, #276]
 132:Generated_Source\PSoC6\pdl\drivers\peripheral\tcpwm/cy_tcpwm_counter.c ****     TCPWM_CNT_PERIOD_BUFF(base, cntNum) = CY_TCPWM_CNT_PERIOD_BUFF_DEFAULT;
 264              		.loc 1 132 0
 265 0022 C3F81851 		str	r5, [r3, #280]
 133:Generated_Source\PSoC6\pdl\drivers\peripheral\tcpwm/cy_tcpwm_counter.c ****     TCPWM_CNT_TR_CTRL1(base, cntNum) = CY_TCPWM_CNT_TR_CTRL1_DEFAULT;
 266              		.loc 1 133 0
 267 0026 40F2FF35 		movw	r5, #1023
 268 002a C3F82451 		str	r5, [r3, #292]
 134:Generated_Source\PSoC6\pdl\drivers\peripheral\tcpwm/cy_tcpwm_counter.c ****     TCPWM_CNT_TR_CTRL2(base, cntNum) = CY_TCPWM_CNT_TR_CTRL2_DEFAULT;
 269              		.loc 1 134 0
 270 002e 3F25     		movs	r5, #63
 271 0030 C3F82851 		str	r5, [r3, #296]
 135:Generated_Source\PSoC6\pdl\drivers\peripheral\tcpwm/cy_tcpwm_counter.c ****     TCPWM_CNT_INTR(base, cntNum) = CY_TCPWM_CNT_INTR_DEFAULT;
 272              		.loc 1 135 0
 273 0034 0325     		movs	r5, #3
 274 0036 C3F83051 		str	r5, [r3, #304]
 136:Generated_Source\PSoC6\pdl\drivers\peripheral\tcpwm/cy_tcpwm_counter.c ****     TCPWM_CNT_INTR_SET(base, cntNum) = CY_TCPWM_CNT_INTR_SET_DEFAULT;
 275              		.loc 1 136 0
 276 003a C3F83441 		str	r4, [r3, #308]
 137:Generated_Source\PSoC6\pdl\drivers\peripheral\tcpwm/cy_tcpwm_counter.c ****     TCPWM_CNT_INTR_MASK(base, cntNum) = CY_TCPWM_CNT_INTR_MASK_DEFAULT;
 277              		.loc 1 137 0
 278 003e C3F83841 		str	r4, [r3, #312]
 138:Generated_Source\PSoC6\pdl\drivers\peripheral\tcpwm/cy_tcpwm_counter.c ****     
 139:Generated_Source\PSoC6\pdl\drivers\peripheral\tcpwm/cy_tcpwm_counter.c ****     if (CY_TCPWM_INPUT_CREATOR != config->countInput)
 279              		.loc 1 139 0
 280 0042 936C     		ldr	r3, [r2, #72]
 281 0044 B3F1FF3F 		cmp	r3, #-1
 282 0048 04D0     		beq	.L16
 140:Generated_Source\PSoC6\pdl\drivers\peripheral\tcpwm/cy_tcpwm_counter.c ****     {
 141:Generated_Source\PSoC6\pdl\drivers\peripheral\tcpwm/cy_tcpwm_counter.c ****         TCPWM_CNT_TR_CTRL0(base, cntNum) = CY_TCPWM_CNT_TR_CTRL0_DEFAULT;
 283              		.loc 1 141 0
 284 004a 00EB8110 		add	r0, r0, r1, lsl #6
 285              	.LVL11:
 286 004e 1023     		movs	r3, #16
 287 0050 C0F82031 		str	r3, [r0, #288]
 288              	.L16:
 142:Generated_Source\PSoC6\pdl\drivers\peripheral\tcpwm/cy_tcpwm_counter.c ****     }
 143:Generated_Source\PSoC6\pdl\drivers\peripheral\tcpwm/cy_tcpwm_counter.c **** }
 289              		.loc 1 143 0
 290 0054 30BC     		pop	{r4, r5}
 291              		.cfi_restore 5
 292              		.cfi_restore 4
 293              		.cfi_def_cfa_offset 0
 294 0056 7047     		bx	lr
 295              		.cfi_endproc
 296              	.LFE162:
ARM GAS  C:\Users\Ramon\AppData\Local\Temp\cc4AiK92.s 			page 9


 297              		.size	Cy_TCPWM_Counter_DeInit, .-Cy_TCPWM_Counter_DeInit
 298              		.text
 299              	.Letext0:
 300              		.file 2 "c:\\program files (x86)\\cypress\\psoc creator\\4.4\\psoc creator\\import\\gnu\\arm\\5.4.
 301              		.file 3 "c:\\program files (x86)\\cypress\\psoc creator\\4.4\\psoc creator\\import\\gnu\\arm\\5.4.
 302              		.file 4 "Generated_Source\\PSoC6\\pdl\\devices/psoc6/include/ip/cyip_tcpwm.h"
 303              		.file 5 "Generated_Source\\PSoC6\\pdl\\devices/psoc6/include/psoc6_01_config.h"
 304              		.file 6 "Generated_Source\\PSoC6\\pdl\\drivers\\peripheral\\tcpwm\\cy_tcpwm.h"
 305              		.file 7 "Generated_Source\\PSoC6\\pdl\\drivers\\peripheral\\tcpwm\\cy_tcpwm_counter.h"
 306              		.file 8 ".\\Core\\Include/cmsis_gcc.h"
 307              		.file 9 ".\\Core\\Include/core_cm4.h"
 308              		.section	.debug_info,"",%progbits
 309              	.Ldebug_info0:
 310 0000 E0040000 		.4byte	0x4e0
 311 0004 0400     		.2byte	0x4
 312 0006 00000000 		.4byte	.Ldebug_abbrev0
 313 000a 04       		.byte	0x4
 314 000b 01       		.uleb128 0x1
 315 000c CD000000 		.4byte	.LASF79
 316 0010 0C       		.byte	0xc
 317 0011 9C010000 		.4byte	.LASF80
 318 0015 27040000 		.4byte	.LASF81
 319 0019 00000000 		.4byte	.Ldebug_ranges0+0
 320 001d 00000000 		.4byte	0
 321 0021 00000000 		.4byte	.Ldebug_line0
 322 0025 02       		.uleb128 0x2
 323 0026 01       		.byte	0x1
 324 0027 06       		.byte	0x6
 325 0028 34030000 		.4byte	.LASF0
 326 002c 02       		.uleb128 0x2
 327 002d 01       		.byte	0x1
 328 002e 08       		.byte	0x8
 329 002f 07030000 		.4byte	.LASF1
 330 0033 02       		.uleb128 0x2
 331 0034 02       		.byte	0x2
 332 0035 05       		.byte	0x5
 333 0036 63000000 		.4byte	.LASF2
 334 003a 02       		.uleb128 0x2
 335 003b 02       		.byte	0x2
 336 003c 07       		.byte	0x7
 337 003d BD030000 		.4byte	.LASF3
 338 0041 03       		.uleb128 0x3
 339 0042 B6040000 		.4byte	.LASF5
 340 0046 02       		.byte	0x2
 341 0047 3F       		.byte	0x3f
 342 0048 4C000000 		.4byte	0x4c
 343 004c 02       		.uleb128 0x2
 344 004d 04       		.byte	0x4
 345 004e 05       		.byte	0x5
 346 004f B9020000 		.4byte	.LASF4
 347 0053 03       		.uleb128 0x3
 348 0054 91010000 		.4byte	.LASF6
 349 0058 02       		.byte	0x2
 350 0059 41       		.byte	0x41
 351 005a 5E000000 		.4byte	0x5e
 352 005e 02       		.uleb128 0x2
 353 005f 04       		.byte	0x4
ARM GAS  C:\Users\Ramon\AppData\Local\Temp\cc4AiK92.s 			page 10


 354 0060 07       		.byte	0x7
 355 0061 76040000 		.4byte	.LASF7
 356 0065 02       		.uleb128 0x2
 357 0066 08       		.byte	0x8
 358 0067 05       		.byte	0x5
 359 0068 8D020000 		.4byte	.LASF8
 360 006c 02       		.uleb128 0x2
 361 006d 08       		.byte	0x8
 362 006e 07       		.byte	0x7
 363 006f 49030000 		.4byte	.LASF9
 364 0073 04       		.uleb128 0x4
 365 0074 04       		.byte	0x4
 366 0075 05       		.byte	0x5
 367 0076 696E7400 		.ascii	"int\000"
 368 007a 02       		.uleb128 0x2
 369 007b 04       		.byte	0x4
 370 007c 07       		.byte	0x7
 371 007d 70020000 		.4byte	.LASF10
 372 0081 03       		.uleb128 0x3
 373 0082 C9020000 		.4byte	.LASF11
 374 0086 03       		.byte	0x3
 375 0087 2C       		.byte	0x2c
 376 0088 41000000 		.4byte	0x41
 377 008c 03       		.uleb128 0x3
 378 008d 60030000 		.4byte	.LASF12
 379 0091 03       		.byte	0x3
 380 0092 30       		.byte	0x30
 381 0093 53000000 		.4byte	0x53
 382 0097 02       		.uleb128 0x2
 383 0098 08       		.byte	0x8
 384 0099 04       		.byte	0x4
 385 009a EC020000 		.4byte	.LASF13
 386 009e 05       		.uleb128 0x5
 387 009f 8C000000 		.4byte	0x8c
 388 00a3 06       		.uleb128 0x6
 389 00a4 9E000000 		.4byte	0x9e
 390 00a8 02       		.uleb128 0x2
 391 00a9 04       		.byte	0x4
 392 00aa 07       		.byte	0x7
 393 00ab 6D000000 		.4byte	.LASF14
 394 00af 07       		.uleb128 0x7
 395 00b0 A3000000 		.4byte	0xa3
 396 00b4 BF000000 		.4byte	0xbf
 397 00b8 08       		.uleb128 0x8
 398 00b9 A8000000 		.4byte	0xa8
 399 00bd 37       		.byte	0x37
 400 00be 00       		.byte	0
 401 00bf 09       		.uleb128 0x9
 402 00c0 40       		.byte	0x40
 403 00c1 04       		.byte	0x4
 404 00c2 22       		.byte	0x22
 405 00c3 87010000 		.4byte	0x187
 406 00c7 0A       		.uleb128 0xa
 407 00c8 24030000 		.4byte	.LASF15
 408 00cc 04       		.byte	0x4
 409 00cd 23       		.byte	0x23
 410 00ce 9E000000 		.4byte	0x9e
ARM GAS  C:\Users\Ramon\AppData\Local\Temp\cc4AiK92.s 			page 11


 411 00d2 00       		.byte	0
 412 00d3 0A       		.uleb128 0xa
 413 00d4 F1030000 		.4byte	.LASF16
 414 00d8 04       		.byte	0x4
 415 00d9 24       		.byte	0x24
 416 00da A3000000 		.4byte	0xa3
 417 00de 04       		.byte	0x4
 418 00df 0A       		.uleb128 0xa
 419 00e0 EF040000 		.4byte	.LASF17
 420 00e4 04       		.byte	0x4
 421 00e5 25       		.byte	0x25
 422 00e6 9E000000 		.4byte	0x9e
 423 00ea 08       		.byte	0x8
 424 00eb 0B       		.uleb128 0xb
 425 00ec 434300   		.ascii	"CC\000"
 426 00ef 04       		.byte	0x4
 427 00f0 26       		.byte	0x26
 428 00f1 9E000000 		.4byte	0x9e
 429 00f5 0C       		.byte	0xc
 430 00f6 0A       		.uleb128 0xa
 431 00f7 E4020000 		.4byte	.LASF18
 432 00fb 04       		.byte	0x4
 433 00fc 27       		.byte	0x27
 434 00fd 9E000000 		.4byte	0x9e
 435 0101 10       		.byte	0x10
 436 0102 0A       		.uleb128 0xa
 437 0103 9D000000 		.4byte	.LASF19
 438 0107 04       		.byte	0x4
 439 0108 28       		.byte	0x28
 440 0109 9E000000 		.4byte	0x9e
 441 010d 14       		.byte	0x14
 442 010e 0A       		.uleb128 0xa
 443 010f 76000000 		.4byte	.LASF20
 444 0113 04       		.byte	0x4
 445 0114 29       		.byte	0x29
 446 0115 9E000000 		.4byte	0x9e
 447 0119 18       		.byte	0x18
 448 011a 0A       		.uleb128 0xa
 449 011b F7040000 		.4byte	.LASF21
 450 011f 04       		.byte	0x4
 451 0120 2A       		.byte	0x2a
 452 0121 A3000000 		.4byte	0xa3
 453 0125 1C       		.byte	0x1c
 454 0126 0A       		.uleb128 0xa
 455 0127 FC010000 		.4byte	.LASF22
 456 012b 04       		.byte	0x4
 457 012c 2B       		.byte	0x2b
 458 012d 9E000000 		.4byte	0x9e
 459 0131 20       		.byte	0x20
 460 0132 0A       		.uleb128 0xa
 461 0133 AF000000 		.4byte	.LASF23
 462 0137 04       		.byte	0x4
 463 0138 2C       		.byte	0x2c
 464 0139 9E000000 		.4byte	0x9e
 465 013d 24       		.byte	0x24
 466 013e 0A       		.uleb128 0xa
 467 013f 1A020000 		.4byte	.LASF24
ARM GAS  C:\Users\Ramon\AppData\Local\Temp\cc4AiK92.s 			page 12


 468 0143 04       		.byte	0x4
 469 0144 2D       		.byte	0x2d
 470 0145 9E000000 		.4byte	0x9e
 471 0149 28       		.byte	0x28
 472 014a 0A       		.uleb128 0xa
 473 014b 6C040000 		.4byte	.LASF25
 474 014f 04       		.byte	0x4
 475 0150 2E       		.byte	0x2e
 476 0151 A3000000 		.4byte	0xa3
 477 0155 2C       		.byte	0x2c
 478 0156 0A       		.uleb128 0xa
 479 0157 11040000 		.4byte	.LASF26
 480 015b 04       		.byte	0x4
 481 015c 2F       		.byte	0x2f
 482 015d 9E000000 		.4byte	0x9e
 483 0161 30       		.byte	0x30
 484 0162 0A       		.uleb128 0xa
 485 0163 40030000 		.4byte	.LASF27
 486 0167 04       		.byte	0x4
 487 0168 30       		.byte	0x30
 488 0169 9E000000 		.4byte	0x9e
 489 016d 34       		.byte	0x34
 490 016e 0A       		.uleb128 0xa
 491 016f B3030000 		.4byte	.LASF28
 492 0173 04       		.byte	0x4
 493 0174 31       		.byte	0x31
 494 0175 9E000000 		.4byte	0x9e
 495 0179 38       		.byte	0x38
 496 017a 0A       		.uleb128 0xa
 497 017b D8020000 		.4byte	.LASF29
 498 017f 04       		.byte	0x4
 499 0180 32       		.byte	0x32
 500 0181 A3000000 		.4byte	0xa3
 501 0185 3C       		.byte	0x3c
 502 0186 00       		.byte	0
 503 0187 03       		.uleb128 0x3
 504 0188 82000000 		.4byte	.LASF30
 505 018c 04       		.byte	0x4
 506 018d 33       		.byte	0x33
 507 018e BF000000 		.4byte	0xbf
 508 0192 0C       		.uleb128 0xc
 509 0193 0009     		.2byte	0x900
 510 0195 04       		.byte	0x4
 511 0196 38       		.byte	0x38
 512 0197 15020000 		.4byte	0x215
 513 019b 0A       		.uleb128 0xa
 514 019c 24030000 		.4byte	.LASF15
 515 01a0 04       		.byte	0x4
 516 01a1 39       		.byte	0x39
 517 01a2 9E000000 		.4byte	0x9e
 518 01a6 00       		.byte	0
 519 01a7 0A       		.uleb128 0xa
 520 01a8 CE040000 		.4byte	.LASF31
 521 01ac 04       		.byte	0x4
 522 01ad 3A       		.byte	0x3a
 523 01ae 9E000000 		.4byte	0x9e
 524 01b2 04       		.byte	0x4
ARM GAS  C:\Users\Ramon\AppData\Local\Temp\cc4AiK92.s 			page 13


 525 01b3 0A       		.uleb128 0xa
 526 01b4 94000000 		.4byte	.LASF32
 527 01b8 04       		.byte	0x4
 528 01b9 3B       		.byte	0x3b
 529 01ba 9E000000 		.4byte	0x9e
 530 01be 08       		.byte	0x8
 531 01bf 0A       		.uleb128 0xa
 532 01c0 30020000 		.4byte	.LASF33
 533 01c4 04       		.byte	0x4
 534 01c5 3C       		.byte	0x3c
 535 01c6 9E000000 		.4byte	0x9e
 536 01ca 0C       		.byte	0xc
 537 01cb 0A       		.uleb128 0xa
 538 01cc A4000000 		.4byte	.LASF34
 539 01d0 04       		.byte	0x4
 540 01d1 3D       		.byte	0x3d
 541 01d2 9E000000 		.4byte	0x9e
 542 01d6 10       		.byte	0x10
 543 01d7 0A       		.uleb128 0xa
 544 01d8 8C030000 		.4byte	.LASF35
 545 01dc 04       		.byte	0x4
 546 01dd 3E       		.byte	0x3e
 547 01de 9E000000 		.4byte	0x9e
 548 01e2 14       		.byte	0x14
 549 01e3 0A       		.uleb128 0xa
 550 01e4 4D020000 		.4byte	.LASF36
 551 01e8 04       		.byte	0x4
 552 01e9 3F       		.byte	0x3f
 553 01ea 9E000000 		.4byte	0x9e
 554 01ee 18       		.byte	0x18
 555 01ef 0A       		.uleb128 0xa
 556 01f0 29030000 		.4byte	.LASF37
 557 01f4 04       		.byte	0x4
 558 01f5 40       		.byte	0x40
 559 01f6 A3000000 		.4byte	0xa3
 560 01fa 1C       		.byte	0x1c
 561 01fb 0A       		.uleb128 0xa
 562 01fc F7040000 		.4byte	.LASF21
 563 0200 04       		.byte	0x4
 564 0201 41       		.byte	0x41
 565 0202 1A020000 		.4byte	0x21a
 566 0206 20       		.byte	0x20
 567 0207 0D       		.uleb128 0xd
 568 0208 434E5400 		.ascii	"CNT\000"
 569 020c 04       		.byte	0x4
 570 020d 42       		.byte	0x42
 571 020e 1F020000 		.4byte	0x21f
 572 0212 0001     		.2byte	0x100
 573 0214 00       		.byte	0
 574 0215 05       		.uleb128 0x5
 575 0216 AF000000 		.4byte	0xaf
 576 021a 06       		.uleb128 0x6
 577 021b 15020000 		.4byte	0x215
 578 021f 07       		.uleb128 0x7
 579 0220 87010000 		.4byte	0x187
 580 0224 2F020000 		.4byte	0x22f
 581 0228 08       		.uleb128 0x8
ARM GAS  C:\Users\Ramon\AppData\Local\Temp\cc4AiK92.s 			page 14


 582 0229 A8000000 		.4byte	0xa8
 583 022d 1F       		.byte	0x1f
 584 022e 00       		.byte	0
 585 022f 03       		.uleb128 0x3
 586 0230 0C020000 		.4byte	.LASF38
 587 0234 04       		.byte	0x4
 588 0235 43       		.byte	0x43
 589 0236 92010000 		.4byte	0x192
 590 023a 0E       		.uleb128 0xe
 591 023b 32050000 		.4byte	.LASF39
 592 023f 05       		.byte	0x5
 593 0240 4206     		.2byte	0x642
 594 0242 2F020000 		.4byte	0x22f
 595 0246 02       		.uleb128 0x2
 596 0247 01       		.byte	0x1
 597 0248 08       		.byte	0x8
 598 0249 EC030000 		.4byte	.LASF40
 599 024d 02       		.uleb128 0x2
 600 024e 04       		.byte	0x4
 601 024f 04       		.byte	0x4
 602 0250 6A020000 		.4byte	.LASF41
 603 0254 02       		.uleb128 0x2
 604 0255 08       		.byte	0x8
 605 0256 04       		.byte	0x4
 606 0257 88040000 		.4byte	.LASF42
 607 025b 0F       		.uleb128 0xf
 608 025c 04       		.byte	0x4
 609 025d 7A000000 		.4byte	0x7a
 610 0261 06       		.byte	0x6
 611 0262 7301     		.2byte	0x173
 612 0264 78020000 		.4byte	0x278
 613 0268 10       		.uleb128 0x10
 614 0269 80010000 		.4byte	.LASF43
 615 026d 00       		.byte	0
 616 026e 11       		.uleb128 0x11
 617 026f F8030000 		.4byte	.LASF44
 618 0273 0100B600 		.4byte	0xb60001
 619 0277 00       		.byte	0
 620 0278 0E       		.uleb128 0xe
 621 0279 00050000 		.4byte	.LASF45
 622 027d 06       		.byte	0x6
 623 027e 7601     		.2byte	0x176
 624 0280 5B020000 		.4byte	0x25b
 625 0284 12       		.uleb128 0x12
 626 0285 8F040000 		.4byte	.LASF82
 627 0289 4C       		.byte	0x4c
 628 028a 07       		.byte	0x7
 629 028b 2F       		.byte	0x2f
 630 028c 75030000 		.4byte	0x375
 631 0290 0A       		.uleb128 0xa
 632 0291 C2020000 		.4byte	.LASF46
 633 0295 07       		.byte	0x7
 634 0296 31       		.byte	0x31
 635 0297 8C000000 		.4byte	0x8c
 636 029b 00       		.byte	0
 637 029c 0A       		.uleb128 0xa
 638 029d 2E000000 		.4byte	.LASF47
ARM GAS  C:\Users\Ramon\AppData\Local\Temp\cc4AiK92.s 			page 15


 639 02a1 07       		.byte	0x7
 640 02a2 33       		.byte	0x33
 641 02a3 8C000000 		.4byte	0x8c
 642 02a7 04       		.byte	0x4
 643 02a8 0A       		.uleb128 0xa
 644 02a9 9B020000 		.4byte	.LASF48
 645 02ad 07       		.byte	0x7
 646 02ae 34       		.byte	0x34
 647 02af 8C000000 		.4byte	0x8c
 648 02b3 08       		.byte	0x8
 649 02b4 0A       		.uleb128 0xa
 650 02b5 15030000 		.4byte	.LASF49
 651 02b9 07       		.byte	0x7
 652 02ba 35       		.byte	0x35
 653 02bb 8C000000 		.4byte	0x8c
 654 02bf 0C       		.byte	0xc
 655 02c0 0A       		.uleb128 0xa
 656 02c1 69030000 		.4byte	.LASF50
 657 02c5 07       		.byte	0x7
 658 02c6 37       		.byte	0x37
 659 02c7 8C000000 		.4byte	0x8c
 660 02cb 10       		.byte	0x10
 661 02cc 0A       		.uleb128 0xa
 662 02cd 4C000000 		.4byte	.LASF51
 663 02d1 07       		.byte	0x7
 664 02d2 38       		.byte	0x38
 665 02d3 8C000000 		.4byte	0x8c
 666 02d7 14       		.byte	0x14
 667 02d8 0A       		.uleb128 0xa
 668 02d9 55000000 		.4byte	.LASF52
 669 02dd 07       		.byte	0x7
 670 02de 39       		.byte	0x39
 671 02df 8C000000 		.4byte	0x8c
 672 02e3 18       		.byte	0x18
 673 02e4 0A       		.uleb128 0xa
 674 02e5 7A030000 		.4byte	.LASF53
 675 02e9 07       		.byte	0x7
 676 02ea 3A       		.byte	0x3a
 677 02eb 75030000 		.4byte	0x375
 678 02ef 1C       		.byte	0x1c
 679 02f0 0A       		.uleb128 0xa
 680 02f1 3C020000 		.4byte	.LASF54
 681 02f5 07       		.byte	0x7
 682 02f6 3C       		.byte	0x3c
 683 02f7 8C000000 		.4byte	0x8c
 684 02fb 20       		.byte	0x20
 685 02fc 0A       		.uleb128 0xa
 686 02fd 16040000 		.4byte	.LASF55
 687 0301 07       		.byte	0x7
 688 0302 3D       		.byte	0x3d
 689 0303 8C000000 		.4byte	0x8c
 690 0307 24       		.byte	0x24
 691 0308 0A       		.uleb128 0xa
 692 0309 23020000 		.4byte	.LASF56
 693 030d 07       		.byte	0x7
 694 030e 3F       		.byte	0x3f
 695 030f 8C000000 		.4byte	0x8c
ARM GAS  C:\Users\Ramon\AppData\Local\Temp\cc4AiK92.s 			page 16


 696 0313 28       		.byte	0x28
 697 0314 0A       		.uleb128 0xa
 698 0315 7D020000 		.4byte	.LASF57
 699 0319 07       		.byte	0x7
 700 031a 40       		.byte	0x40
 701 031b 8C000000 		.4byte	0x8c
 702 031f 2C       		.byte	0x2c
 703 0320 0A       		.uleb128 0xa
 704 0321 22000000 		.4byte	.LASF58
 705 0325 07       		.byte	0x7
 706 0326 42       		.byte	0x42
 707 0327 8C000000 		.4byte	0x8c
 708 032b 30       		.byte	0x30
 709 032c 0A       		.uleb128 0xa
 710 032d F8020000 		.4byte	.LASF59
 711 0331 07       		.byte	0x7
 712 0332 43       		.byte	0x43
 713 0333 8C000000 		.4byte	0x8c
 714 0337 34       		.byte	0x34
 715 0338 0A       		.uleb128 0xa
 716 0339 AB040000 		.4byte	.LASF60
 717 033d 07       		.byte	0x7
 718 033e 45       		.byte	0x45
 719 033f 8C000000 		.4byte	0x8c
 720 0343 38       		.byte	0x38
 721 0344 0A       		.uleb128 0xa
 722 0345 C0040000 		.4byte	.LASF61
 723 0349 07       		.byte	0x7
 724 034a 46       		.byte	0x46
 725 034b 8C000000 		.4byte	0x8c
 726 034f 3C       		.byte	0x3c
 727 0350 0A       		.uleb128 0xa
 728 0351 E3010000 		.4byte	.LASF62
 729 0355 07       		.byte	0x7
 730 0356 48       		.byte	0x48
 731 0357 8C000000 		.4byte	0x8c
 732 035b 40       		.byte	0x40
 733 035c 0A       		.uleb128 0xa
 734 035d 3D000000 		.4byte	.LASF63
 735 0361 07       		.byte	0x7
 736 0362 49       		.byte	0x49
 737 0363 8C000000 		.4byte	0x8c
 738 0367 44       		.byte	0x44
 739 0368 0A       		.uleb128 0xa
 740 0369 1A050000 		.4byte	.LASF64
 741 036d 07       		.byte	0x7
 742 036e 4B       		.byte	0x4b
 743 036f 8C000000 		.4byte	0x8c
 744 0373 48       		.byte	0x48
 745 0374 00       		.byte	0
 746 0375 02       		.uleb128 0x2
 747 0376 01       		.byte	0x1
 748 0377 02       		.byte	0x2
 749 0378 0B040000 		.4byte	.LASF65
 750 037c 03       		.uleb128 0x3
 751 037d 95030000 		.4byte	.LASF66
 752 0381 07       		.byte	0x7
ARM GAS  C:\Users\Ramon\AppData\Local\Temp\cc4AiK92.s 			page 17


 753 0382 4C       		.byte	0x4c
 754 0383 84020000 		.4byte	0x284
 755 0387 13       		.uleb128 0x13
 756 0388 A3020000 		.4byte	.LASF83
 757 038c 01       		.byte	0x1
 758 038d 2F       		.byte	0x2f
 759 038e 78020000 		.4byte	0x278
 760 0392 00000000 		.4byte	.LFB161
 761 0396 10010000 		.4byte	.LFE161-.LFB161
 762 039a 01       		.uleb128 0x1
 763 039b 9C       		.byte	0x9c
 764 039c DB030000 		.4byte	0x3db
 765 03a0 14       		.uleb128 0x14
 766 03a1 3D050000 		.4byte	.LASF67
 767 03a5 01       		.byte	0x1
 768 03a6 2F       		.byte	0x2f
 769 03a7 DB030000 		.4byte	0x3db
 770 03ab 00000000 		.4byte	.LLST0
 771 03af 15       		.uleb128 0x15
 772 03b0 D1020000 		.4byte	.LASF68
 773 03b4 01       		.byte	0x1
 774 03b5 2F       		.byte	0x2f
 775 03b6 8C000000 		.4byte	0x8c
 776 03ba 01       		.uleb128 0x1
 777 03bb 51       		.byte	0x51
 778 03bc 14       		.uleb128 0x14
 779 03bd 05020000 		.4byte	.LASF69
 780 03c1 01       		.byte	0x1
 781 03c2 30       		.byte	0x30
 782 03c3 E1030000 		.4byte	0x3e1
 783 03c7 69000000 		.4byte	.LLST1
 784 03cb 16       		.uleb128 0x16
 785 03cc E5030000 		.4byte	.LASF84
 786 03d0 01       		.byte	0x1
 787 03d1 32       		.byte	0x32
 788 03d2 78020000 		.4byte	0x278
 789 03d6 A3000000 		.4byte	.LLST2
 790 03da 00       		.byte	0
 791 03db 17       		.uleb128 0x17
 792 03dc 04       		.byte	0x4
 793 03dd 3A020000 		.4byte	0x23a
 794 03e1 17       		.uleb128 0x17
 795 03e2 04       		.byte	0x4
 796 03e3 E7030000 		.4byte	0x3e7
 797 03e7 06       		.uleb128 0x6
 798 03e8 7C030000 		.4byte	0x37c
 799 03ec 18       		.uleb128 0x18
 800 03ed D7040000 		.4byte	.LASF85
 801 03f1 01       		.byte	0x1
 802 03f2 7D       		.byte	0x7d
 803 03f3 00000000 		.4byte	.LFB162
 804 03f7 58000000 		.4byte	.LFE162-.LFB162
 805 03fb 01       		.uleb128 0x1
 806 03fc 9C       		.byte	0x9c
 807 03fd 2B040000 		.4byte	0x42b
 808 0401 14       		.uleb128 0x14
 809 0402 3D050000 		.4byte	.LASF67
ARM GAS  C:\Users\Ramon\AppData\Local\Temp\cc4AiK92.s 			page 18


 810 0406 01       		.byte	0x1
 811 0407 7D       		.byte	0x7d
 812 0408 DB030000 		.4byte	0x3db
 813 040c E2000000 		.4byte	.LLST3
 814 0410 15       		.uleb128 0x15
 815 0411 D1020000 		.4byte	.LASF68
 816 0415 01       		.byte	0x1
 817 0416 7D       		.byte	0x7d
 818 0417 8C000000 		.4byte	0x8c
 819 041b 01       		.uleb128 0x1
 820 041c 51       		.byte	0x51
 821 041d 15       		.uleb128 0x15
 822 041e 05020000 		.4byte	.LASF69
 823 0422 01       		.byte	0x1
 824 0423 7D       		.byte	0x7d
 825 0424 E1030000 		.4byte	0x3e1
 826 0428 01       		.uleb128 0x1
 827 0429 52       		.byte	0x52
 828 042a 00       		.byte	0
 829 042b 03       		.uleb128 0x3
 830 042c 13000000 		.4byte	.LASF70
 831 0430 08       		.byte	0x8
 832 0431 8B       		.byte	0x8b
 833 0432 BA040000 		.4byte	0x4ba
 834 0436 17       		.uleb128 0x17
 835 0437 04       		.byte	0x4
 836 0438 3C040000 		.4byte	0x43c
 837 043c 06       		.uleb128 0x6
 838 043d 8C000000 		.4byte	0x8c
 839 0441 17       		.uleb128 0x17
 840 0442 04       		.byte	0x4
 841 0443 8C000000 		.4byte	0x8c
 842 0447 19       		.uleb128 0x19
 843 0448 D0030000 		.4byte	.LASF71
 844 044c 08       		.byte	0x8
 845 044d 92       		.byte	0x92
 846 044e 52040000 		.4byte	0x452
 847 0452 06       		.uleb128 0x6
 848 0453 2B040000 		.4byte	0x42b
 849 0457 19       		.uleb128 0x19
 850 0458 57020000 		.4byte	.LASF72
 851 045c 08       		.byte	0x8
 852 045d 93       		.byte	0x93
 853 045e 52040000 		.4byte	0x452
 854 0462 03       		.uleb128 0x3
 855 0463 ED010000 		.4byte	.LASF73
 856 0467 08       		.byte	0x8
 857 0468 90       		.byte	0x90
 858 0469 99040000 		.4byte	0x499
 859 046d 19       		.uleb128 0x19
 860 046e B8000000 		.4byte	.LASF74
 861 0472 08       		.byte	0x8
 862 0473 94       		.byte	0x94
 863 0474 78040000 		.4byte	0x478
 864 0478 06       		.uleb128 0x6
 865 0479 62040000 		.4byte	0x462
 866 047d 19       		.uleb128 0x19
ARM GAS  C:\Users\Ramon\AppData\Local\Temp\cc4AiK92.s 			page 19


 867 047e 00000000 		.4byte	.LASF75
 868 0482 08       		.byte	0x8
 869 0483 95       		.byte	0x95
 870 0484 78040000 		.4byte	0x478
 871 0488 1A       		.uleb128 0x1a
 872 0489 25050000 		.4byte	.LASF76
 873 048d 09       		.byte	0x9
 874 048e 0408     		.2byte	0x804
 875 0490 94040000 		.4byte	0x494
 876 0494 05       		.uleb128 0x5
 877 0495 81000000 		.4byte	0x81
 878 0499 09       		.uleb128 0x9
 879 049a 08       		.byte	0x8
 880 049b 08       		.byte	0x8
 881 049c 8D       		.byte	0x8d
 882 049d BA040000 		.4byte	0x4ba
 883 04a1 0A       		.uleb128 0xa
 884 04a2 5E000000 		.4byte	.LASF77
 885 04a6 08       		.byte	0x8
 886 04a7 8E       		.byte	0x8e
 887 04a8 41040000 		.4byte	0x441
 888 04ac 00       		.byte	0
 889 04ad 0A       		.uleb128 0xa
 890 04ae 15050000 		.4byte	.LASF78
 891 04b2 08       		.byte	0x8
 892 04b3 8F       		.byte	0x8f
 893 04b4 8C000000 		.4byte	0x8c
 894 04b8 04       		.byte	0x4
 895 04b9 00       		.byte	0
 896 04ba 1B       		.uleb128 0x1b
 897 04bb 0C       		.byte	0xc
 898 04bc 08       		.byte	0x8
 899 04bd 87       		.byte	0x87
 900 04be 0B       		.uleb128 0xb
 901 04bf 73726300 		.ascii	"src\000"
 902 04c3 08       		.byte	0x8
 903 04c4 88       		.byte	0x88
 904 04c5 36040000 		.4byte	0x436
 905 04c9 00       		.byte	0
 906 04ca 0A       		.uleb128 0xa
 907 04cb 5E000000 		.4byte	.LASF77
 908 04cf 08       		.byte	0x8
 909 04d0 89       		.byte	0x89
 910 04d1 41040000 		.4byte	0x441
 911 04d5 04       		.byte	0x4
 912 04d6 0A       		.uleb128 0xa
 913 04d7 15050000 		.4byte	.LASF78
 914 04db 08       		.byte	0x8
 915 04dc 8A       		.byte	0x8a
 916 04dd 8C000000 		.4byte	0x8c
 917 04e1 08       		.byte	0x8
 918 04e2 00       		.byte	0
 919 04e3 00       		.byte	0
 920              		.section	.debug_abbrev,"",%progbits
 921              	.Ldebug_abbrev0:
 922 0000 01       		.uleb128 0x1
 923 0001 11       		.uleb128 0x11
ARM GAS  C:\Users\Ramon\AppData\Local\Temp\cc4AiK92.s 			page 20


 924 0002 01       		.byte	0x1
 925 0003 25       		.uleb128 0x25
 926 0004 0E       		.uleb128 0xe
 927 0005 13       		.uleb128 0x13
 928 0006 0B       		.uleb128 0xb
 929 0007 03       		.uleb128 0x3
 930 0008 0E       		.uleb128 0xe
 931 0009 1B       		.uleb128 0x1b
 932 000a 0E       		.uleb128 0xe
 933 000b 55       		.uleb128 0x55
 934 000c 17       		.uleb128 0x17
 935 000d 11       		.uleb128 0x11
 936 000e 01       		.uleb128 0x1
 937 000f 10       		.uleb128 0x10
 938 0010 17       		.uleb128 0x17
 939 0011 00       		.byte	0
 940 0012 00       		.byte	0
 941 0013 02       		.uleb128 0x2
 942 0014 24       		.uleb128 0x24
 943 0015 00       		.byte	0
 944 0016 0B       		.uleb128 0xb
 945 0017 0B       		.uleb128 0xb
 946 0018 3E       		.uleb128 0x3e
 947 0019 0B       		.uleb128 0xb
 948 001a 03       		.uleb128 0x3
 949 001b 0E       		.uleb128 0xe
 950 001c 00       		.byte	0
 951 001d 00       		.byte	0
 952 001e 03       		.uleb128 0x3
 953 001f 16       		.uleb128 0x16
 954 0020 00       		.byte	0
 955 0021 03       		.uleb128 0x3
 956 0022 0E       		.uleb128 0xe
 957 0023 3A       		.uleb128 0x3a
 958 0024 0B       		.uleb128 0xb
 959 0025 3B       		.uleb128 0x3b
 960 0026 0B       		.uleb128 0xb
 961 0027 49       		.uleb128 0x49
 962 0028 13       		.uleb128 0x13
 963 0029 00       		.byte	0
 964 002a 00       		.byte	0
 965 002b 04       		.uleb128 0x4
 966 002c 24       		.uleb128 0x24
 967 002d 00       		.byte	0
 968 002e 0B       		.uleb128 0xb
 969 002f 0B       		.uleb128 0xb
 970 0030 3E       		.uleb128 0x3e
 971 0031 0B       		.uleb128 0xb
 972 0032 03       		.uleb128 0x3
 973 0033 08       		.uleb128 0x8
 974 0034 00       		.byte	0
 975 0035 00       		.byte	0
 976 0036 05       		.uleb128 0x5
 977 0037 35       		.uleb128 0x35
 978 0038 00       		.byte	0
 979 0039 49       		.uleb128 0x49
 980 003a 13       		.uleb128 0x13
ARM GAS  C:\Users\Ramon\AppData\Local\Temp\cc4AiK92.s 			page 21


 981 003b 00       		.byte	0
 982 003c 00       		.byte	0
 983 003d 06       		.uleb128 0x6
 984 003e 26       		.uleb128 0x26
 985 003f 00       		.byte	0
 986 0040 49       		.uleb128 0x49
 987 0041 13       		.uleb128 0x13
 988 0042 00       		.byte	0
 989 0043 00       		.byte	0
 990 0044 07       		.uleb128 0x7
 991 0045 01       		.uleb128 0x1
 992 0046 01       		.byte	0x1
 993 0047 49       		.uleb128 0x49
 994 0048 13       		.uleb128 0x13
 995 0049 01       		.uleb128 0x1
 996 004a 13       		.uleb128 0x13
 997 004b 00       		.byte	0
 998 004c 00       		.byte	0
 999 004d 08       		.uleb128 0x8
 1000 004e 21       		.uleb128 0x21
 1001 004f 00       		.byte	0
 1002 0050 49       		.uleb128 0x49
 1003 0051 13       		.uleb128 0x13
 1004 0052 2F       		.uleb128 0x2f
 1005 0053 0B       		.uleb128 0xb
 1006 0054 00       		.byte	0
 1007 0055 00       		.byte	0
 1008 0056 09       		.uleb128 0x9
 1009 0057 13       		.uleb128 0x13
 1010 0058 01       		.byte	0x1
 1011 0059 0B       		.uleb128 0xb
 1012 005a 0B       		.uleb128 0xb
 1013 005b 3A       		.uleb128 0x3a
 1014 005c 0B       		.uleb128 0xb
 1015 005d 3B       		.uleb128 0x3b
 1016 005e 0B       		.uleb128 0xb
 1017 005f 01       		.uleb128 0x1
 1018 0060 13       		.uleb128 0x13
 1019 0061 00       		.byte	0
 1020 0062 00       		.byte	0
 1021 0063 0A       		.uleb128 0xa
 1022 0064 0D       		.uleb128 0xd
 1023 0065 00       		.byte	0
 1024 0066 03       		.uleb128 0x3
 1025 0067 0E       		.uleb128 0xe
 1026 0068 3A       		.uleb128 0x3a
 1027 0069 0B       		.uleb128 0xb
 1028 006a 3B       		.uleb128 0x3b
 1029 006b 0B       		.uleb128 0xb
 1030 006c 49       		.uleb128 0x49
 1031 006d 13       		.uleb128 0x13
 1032 006e 38       		.uleb128 0x38
 1033 006f 0B       		.uleb128 0xb
 1034 0070 00       		.byte	0
 1035 0071 00       		.byte	0
 1036 0072 0B       		.uleb128 0xb
 1037 0073 0D       		.uleb128 0xd
ARM GAS  C:\Users\Ramon\AppData\Local\Temp\cc4AiK92.s 			page 22


 1038 0074 00       		.byte	0
 1039 0075 03       		.uleb128 0x3
 1040 0076 08       		.uleb128 0x8
 1041 0077 3A       		.uleb128 0x3a
 1042 0078 0B       		.uleb128 0xb
 1043 0079 3B       		.uleb128 0x3b
 1044 007a 0B       		.uleb128 0xb
 1045 007b 49       		.uleb128 0x49
 1046 007c 13       		.uleb128 0x13
 1047 007d 38       		.uleb128 0x38
 1048 007e 0B       		.uleb128 0xb
 1049 007f 00       		.byte	0
 1050 0080 00       		.byte	0
 1051 0081 0C       		.uleb128 0xc
 1052 0082 13       		.uleb128 0x13
 1053 0083 01       		.byte	0x1
 1054 0084 0B       		.uleb128 0xb
 1055 0085 05       		.uleb128 0x5
 1056 0086 3A       		.uleb128 0x3a
 1057 0087 0B       		.uleb128 0xb
 1058 0088 3B       		.uleb128 0x3b
 1059 0089 0B       		.uleb128 0xb
 1060 008a 01       		.uleb128 0x1
 1061 008b 13       		.uleb128 0x13
 1062 008c 00       		.byte	0
 1063 008d 00       		.byte	0
 1064 008e 0D       		.uleb128 0xd
 1065 008f 0D       		.uleb128 0xd
 1066 0090 00       		.byte	0
 1067 0091 03       		.uleb128 0x3
 1068 0092 08       		.uleb128 0x8
 1069 0093 3A       		.uleb128 0x3a
 1070 0094 0B       		.uleb128 0xb
 1071 0095 3B       		.uleb128 0x3b
 1072 0096 0B       		.uleb128 0xb
 1073 0097 49       		.uleb128 0x49
 1074 0098 13       		.uleb128 0x13
 1075 0099 38       		.uleb128 0x38
 1076 009a 05       		.uleb128 0x5
 1077 009b 00       		.byte	0
 1078 009c 00       		.byte	0
 1079 009d 0E       		.uleb128 0xe
 1080 009e 16       		.uleb128 0x16
 1081 009f 00       		.byte	0
 1082 00a0 03       		.uleb128 0x3
 1083 00a1 0E       		.uleb128 0xe
 1084 00a2 3A       		.uleb128 0x3a
 1085 00a3 0B       		.uleb128 0xb
 1086 00a4 3B       		.uleb128 0x3b
 1087 00a5 05       		.uleb128 0x5
 1088 00a6 49       		.uleb128 0x49
 1089 00a7 13       		.uleb128 0x13
 1090 00a8 00       		.byte	0
 1091 00a9 00       		.byte	0
 1092 00aa 0F       		.uleb128 0xf
 1093 00ab 04       		.uleb128 0x4
 1094 00ac 01       		.byte	0x1
ARM GAS  C:\Users\Ramon\AppData\Local\Temp\cc4AiK92.s 			page 23


 1095 00ad 0B       		.uleb128 0xb
 1096 00ae 0B       		.uleb128 0xb
 1097 00af 49       		.uleb128 0x49
 1098 00b0 13       		.uleb128 0x13
 1099 00b1 3A       		.uleb128 0x3a
 1100 00b2 0B       		.uleb128 0xb
 1101 00b3 3B       		.uleb128 0x3b
 1102 00b4 05       		.uleb128 0x5
 1103 00b5 01       		.uleb128 0x1
 1104 00b6 13       		.uleb128 0x13
 1105 00b7 00       		.byte	0
 1106 00b8 00       		.byte	0
 1107 00b9 10       		.uleb128 0x10
 1108 00ba 28       		.uleb128 0x28
 1109 00bb 00       		.byte	0
 1110 00bc 03       		.uleb128 0x3
 1111 00bd 0E       		.uleb128 0xe
 1112 00be 1C       		.uleb128 0x1c
 1113 00bf 0B       		.uleb128 0xb
 1114 00c0 00       		.byte	0
 1115 00c1 00       		.byte	0
 1116 00c2 11       		.uleb128 0x11
 1117 00c3 28       		.uleb128 0x28
 1118 00c4 00       		.byte	0
 1119 00c5 03       		.uleb128 0x3
 1120 00c6 0E       		.uleb128 0xe
 1121 00c7 1C       		.uleb128 0x1c
 1122 00c8 06       		.uleb128 0x6
 1123 00c9 00       		.byte	0
 1124 00ca 00       		.byte	0
 1125 00cb 12       		.uleb128 0x12
 1126 00cc 13       		.uleb128 0x13
 1127 00cd 01       		.byte	0x1
 1128 00ce 03       		.uleb128 0x3
 1129 00cf 0E       		.uleb128 0xe
 1130 00d0 0B       		.uleb128 0xb
 1131 00d1 0B       		.uleb128 0xb
 1132 00d2 3A       		.uleb128 0x3a
 1133 00d3 0B       		.uleb128 0xb
 1134 00d4 3B       		.uleb128 0x3b
 1135 00d5 0B       		.uleb128 0xb
 1136 00d6 01       		.uleb128 0x1
 1137 00d7 13       		.uleb128 0x13
 1138 00d8 00       		.byte	0
 1139 00d9 00       		.byte	0
 1140 00da 13       		.uleb128 0x13
 1141 00db 2E       		.uleb128 0x2e
 1142 00dc 01       		.byte	0x1
 1143 00dd 3F       		.uleb128 0x3f
 1144 00de 19       		.uleb128 0x19
 1145 00df 03       		.uleb128 0x3
 1146 00e0 0E       		.uleb128 0xe
 1147 00e1 3A       		.uleb128 0x3a
 1148 00e2 0B       		.uleb128 0xb
 1149 00e3 3B       		.uleb128 0x3b
 1150 00e4 0B       		.uleb128 0xb
 1151 00e5 27       		.uleb128 0x27
ARM GAS  C:\Users\Ramon\AppData\Local\Temp\cc4AiK92.s 			page 24


 1152 00e6 19       		.uleb128 0x19
 1153 00e7 49       		.uleb128 0x49
 1154 00e8 13       		.uleb128 0x13
 1155 00e9 11       		.uleb128 0x11
 1156 00ea 01       		.uleb128 0x1
 1157 00eb 12       		.uleb128 0x12
 1158 00ec 06       		.uleb128 0x6
 1159 00ed 40       		.uleb128 0x40
 1160 00ee 18       		.uleb128 0x18
 1161 00ef 9742     		.uleb128 0x2117
 1162 00f1 19       		.uleb128 0x19
 1163 00f2 01       		.uleb128 0x1
 1164 00f3 13       		.uleb128 0x13
 1165 00f4 00       		.byte	0
 1166 00f5 00       		.byte	0
 1167 00f6 14       		.uleb128 0x14
 1168 00f7 05       		.uleb128 0x5
 1169 00f8 00       		.byte	0
 1170 00f9 03       		.uleb128 0x3
 1171 00fa 0E       		.uleb128 0xe
 1172 00fb 3A       		.uleb128 0x3a
 1173 00fc 0B       		.uleb128 0xb
 1174 00fd 3B       		.uleb128 0x3b
 1175 00fe 0B       		.uleb128 0xb
 1176 00ff 49       		.uleb128 0x49
 1177 0100 13       		.uleb128 0x13
 1178 0101 02       		.uleb128 0x2
 1179 0102 17       		.uleb128 0x17
 1180 0103 00       		.byte	0
 1181 0104 00       		.byte	0
 1182 0105 15       		.uleb128 0x15
 1183 0106 05       		.uleb128 0x5
 1184 0107 00       		.byte	0
 1185 0108 03       		.uleb128 0x3
 1186 0109 0E       		.uleb128 0xe
 1187 010a 3A       		.uleb128 0x3a
 1188 010b 0B       		.uleb128 0xb
 1189 010c 3B       		.uleb128 0x3b
 1190 010d 0B       		.uleb128 0xb
 1191 010e 49       		.uleb128 0x49
 1192 010f 13       		.uleb128 0x13
 1193 0110 02       		.uleb128 0x2
 1194 0111 18       		.uleb128 0x18
 1195 0112 00       		.byte	0
 1196 0113 00       		.byte	0
 1197 0114 16       		.uleb128 0x16
 1198 0115 34       		.uleb128 0x34
 1199 0116 00       		.byte	0
 1200 0117 03       		.uleb128 0x3
 1201 0118 0E       		.uleb128 0xe
 1202 0119 3A       		.uleb128 0x3a
 1203 011a 0B       		.uleb128 0xb
 1204 011b 3B       		.uleb128 0x3b
 1205 011c 0B       		.uleb128 0xb
 1206 011d 49       		.uleb128 0x49
 1207 011e 13       		.uleb128 0x13
 1208 011f 02       		.uleb128 0x2
ARM GAS  C:\Users\Ramon\AppData\Local\Temp\cc4AiK92.s 			page 25


 1209 0120 17       		.uleb128 0x17
 1210 0121 00       		.byte	0
 1211 0122 00       		.byte	0
 1212 0123 17       		.uleb128 0x17
 1213 0124 0F       		.uleb128 0xf
 1214 0125 00       		.byte	0
 1215 0126 0B       		.uleb128 0xb
 1216 0127 0B       		.uleb128 0xb
 1217 0128 49       		.uleb128 0x49
 1218 0129 13       		.uleb128 0x13
 1219 012a 00       		.byte	0
 1220 012b 00       		.byte	0
 1221 012c 18       		.uleb128 0x18
 1222 012d 2E       		.uleb128 0x2e
 1223 012e 01       		.byte	0x1
 1224 012f 3F       		.uleb128 0x3f
 1225 0130 19       		.uleb128 0x19
 1226 0131 03       		.uleb128 0x3
 1227 0132 0E       		.uleb128 0xe
 1228 0133 3A       		.uleb128 0x3a
 1229 0134 0B       		.uleb128 0xb
 1230 0135 3B       		.uleb128 0x3b
 1231 0136 0B       		.uleb128 0xb
 1232 0137 27       		.uleb128 0x27
 1233 0138 19       		.uleb128 0x19
 1234 0139 11       		.uleb128 0x11
 1235 013a 01       		.uleb128 0x1
 1236 013b 12       		.uleb128 0x12
 1237 013c 06       		.uleb128 0x6
 1238 013d 40       		.uleb128 0x40
 1239 013e 18       		.uleb128 0x18
 1240 013f 9742     		.uleb128 0x2117
 1241 0141 19       		.uleb128 0x19
 1242 0142 01       		.uleb128 0x1
 1243 0143 13       		.uleb128 0x13
 1244 0144 00       		.byte	0
 1245 0145 00       		.byte	0
 1246 0146 19       		.uleb128 0x19
 1247 0147 34       		.uleb128 0x34
 1248 0148 00       		.byte	0
 1249 0149 03       		.uleb128 0x3
 1250 014a 0E       		.uleb128 0xe
 1251 014b 3A       		.uleb128 0x3a
 1252 014c 0B       		.uleb128 0xb
 1253 014d 3B       		.uleb128 0x3b
 1254 014e 0B       		.uleb128 0xb
 1255 014f 49       		.uleb128 0x49
 1256 0150 13       		.uleb128 0x13
 1257 0151 3F       		.uleb128 0x3f
 1258 0152 19       		.uleb128 0x19
 1259 0153 3C       		.uleb128 0x3c
 1260 0154 19       		.uleb128 0x19
 1261 0155 00       		.byte	0
 1262 0156 00       		.byte	0
 1263 0157 1A       		.uleb128 0x1a
 1264 0158 34       		.uleb128 0x34
 1265 0159 00       		.byte	0
ARM GAS  C:\Users\Ramon\AppData\Local\Temp\cc4AiK92.s 			page 26


 1266 015a 03       		.uleb128 0x3
 1267 015b 0E       		.uleb128 0xe
 1268 015c 3A       		.uleb128 0x3a
 1269 015d 0B       		.uleb128 0xb
 1270 015e 3B       		.uleb128 0x3b
 1271 015f 05       		.uleb128 0x5
 1272 0160 49       		.uleb128 0x49
 1273 0161 13       		.uleb128 0x13
 1274 0162 3F       		.uleb128 0x3f
 1275 0163 19       		.uleb128 0x19
 1276 0164 3C       		.uleb128 0x3c
 1277 0165 19       		.uleb128 0x19
 1278 0166 00       		.byte	0
 1279 0167 00       		.byte	0
 1280 0168 1B       		.uleb128 0x1b
 1281 0169 13       		.uleb128 0x13
 1282 016a 01       		.byte	0x1
 1283 016b 0B       		.uleb128 0xb
 1284 016c 0B       		.uleb128 0xb
 1285 016d 3A       		.uleb128 0x3a
 1286 016e 0B       		.uleb128 0xb
 1287 016f 3B       		.uleb128 0x3b
 1288 0170 0B       		.uleb128 0xb
 1289 0171 00       		.byte	0
 1290 0172 00       		.byte	0
 1291 0173 00       		.byte	0
 1292              		.section	.debug_loc,"",%progbits
 1293              	.Ldebug_loc0:
 1294              	.LLST0:
 1295 0000 00000000 		.4byte	.LVL0
 1296 0004 0E000000 		.4byte	.LVL1
 1297 0008 0100     		.2byte	0x1
 1298 000a 50       		.byte	0x50
 1299 000b 0E000000 		.4byte	.LVL1
 1300 000f F2000000 		.4byte	.LVL2
 1301 0013 0100     		.2byte	0x1
 1302 0015 53       		.byte	0x53
 1303 0016 F2000000 		.4byte	.LVL2
 1304 001a 00010000 		.4byte	.LVL5
 1305 001e 0400     		.2byte	0x4
 1306 0020 F3       		.byte	0xf3
 1307 0021 01       		.uleb128 0x1
 1308 0022 50       		.byte	0x50
 1309 0023 9F       		.byte	0x9f
 1310 0024 00010000 		.4byte	.LVL5
 1311 0028 02010000 		.4byte	.LVL6
 1312 002c 0100     		.2byte	0x1
 1313 002e 50       		.byte	0x50
 1314 002f 02010000 		.4byte	.LVL6
 1315 0033 04010000 		.4byte	.LVL7
 1316 0037 0400     		.2byte	0x4
 1317 0039 F3       		.byte	0xf3
 1318 003a 01       		.uleb128 0x1
 1319 003b 50       		.byte	0x50
 1320 003c 9F       		.byte	0x9f
 1321 003d 04010000 		.4byte	.LVL7
 1322 0041 06010000 		.4byte	.LVL8
ARM GAS  C:\Users\Ramon\AppData\Local\Temp\cc4AiK92.s 			page 27


 1323 0045 0100     		.2byte	0x1
 1324 0047 50       		.byte	0x50
 1325 0048 06010000 		.4byte	.LVL8
 1326 004c 08010000 		.4byte	.LVL9
 1327 0050 0100     		.2byte	0x1
 1328 0052 53       		.byte	0x53
 1329 0053 08010000 		.4byte	.LVL9
 1330 0057 10010000 		.4byte	.LFE161
 1331 005b 0400     		.2byte	0x4
 1332 005d F3       		.byte	0xf3
 1333 005e 01       		.uleb128 0x1
 1334 005f 50       		.byte	0x50
 1335 0060 9F       		.byte	0x9f
 1336 0061 00000000 		.4byte	0
 1337 0065 00000000 		.4byte	0
 1338              	.LLST1:
 1339 0069 00000000 		.4byte	.LVL0
 1340 006d F8000000 		.4byte	.LVL3
 1341 0071 0100     		.2byte	0x1
 1342 0073 52       		.byte	0x52
 1343 0074 F8000000 		.4byte	.LVL3
 1344 0078 00010000 		.4byte	.LVL5
 1345 007c 0400     		.2byte	0x4
 1346 007e F3       		.byte	0xf3
 1347 007f 01       		.uleb128 0x1
 1348 0080 52       		.byte	0x52
 1349 0081 9F       		.byte	0x9f
 1350 0082 00010000 		.4byte	.LVL5
 1351 0086 08010000 		.4byte	.LVL9
 1352 008a 0100     		.2byte	0x1
 1353 008c 52       		.byte	0x52
 1354 008d 08010000 		.4byte	.LVL9
 1355 0091 10010000 		.4byte	.LFE161
 1356 0095 0400     		.2byte	0x4
 1357 0097 F3       		.byte	0xf3
 1358 0098 01       		.uleb128 0x1
 1359 0099 52       		.byte	0x52
 1360 009a 9F       		.byte	0x9f
 1361 009b 00000000 		.4byte	0
 1362 009f 00000000 		.4byte	0
 1363              	.LLST2:
 1364 00a3 00000000 		.4byte	.LVL0
 1365 00a7 FC000000 		.4byte	.LVL4
 1366 00ab 0600     		.2byte	0x6
 1367 00ad 0C       		.byte	0xc
 1368 00ae 0100B600 		.4byte	0xb60001
 1369 00b2 9F       		.byte	0x9f
 1370 00b3 FC000000 		.4byte	.LVL4
 1371 00b7 00010000 		.4byte	.LVL5
 1372 00bb 0200     		.2byte	0x2
 1373 00bd 30       		.byte	0x30
 1374 00be 9F       		.byte	0x9f
 1375 00bf 00010000 		.4byte	.LVL5
 1376 00c3 08010000 		.4byte	.LVL9
 1377 00c7 0600     		.2byte	0x6
 1378 00c9 0C       		.byte	0xc
 1379 00ca 0100B600 		.4byte	0xb60001
ARM GAS  C:\Users\Ramon\AppData\Local\Temp\cc4AiK92.s 			page 28


 1380 00ce 9F       		.byte	0x9f
 1381 00cf 08010000 		.4byte	.LVL9
 1382 00d3 10010000 		.4byte	.LFE161
 1383 00d7 0100     		.2byte	0x1
 1384 00d9 50       		.byte	0x50
 1385 00da 00000000 		.4byte	0
 1386 00de 00000000 		.4byte	0
 1387              	.LLST3:
 1388 00e2 00000000 		.4byte	.LVL10
 1389 00e6 4E000000 		.4byte	.LVL11
 1390 00ea 0100     		.2byte	0x1
 1391 00ec 50       		.byte	0x50
 1392 00ed 4E000000 		.4byte	.LVL11
 1393 00f1 58000000 		.4byte	.LFE162
 1394 00f5 0400     		.2byte	0x4
 1395 00f7 F3       		.byte	0xf3
 1396 00f8 01       		.uleb128 0x1
 1397 00f9 50       		.byte	0x50
 1398 00fa 9F       		.byte	0x9f
 1399 00fb 00000000 		.4byte	0
 1400 00ff 00000000 		.4byte	0
 1401              		.section	.debug_aranges,"",%progbits
 1402 0000 24000000 		.4byte	0x24
 1403 0004 0200     		.2byte	0x2
 1404 0006 00000000 		.4byte	.Ldebug_info0
 1405 000a 04       		.byte	0x4
 1406 000b 00       		.byte	0
 1407 000c 0000     		.2byte	0
 1408 000e 0000     		.2byte	0
 1409 0010 00000000 		.4byte	.LFB161
 1410 0014 10010000 		.4byte	.LFE161-.LFB161
 1411 0018 00000000 		.4byte	.LFB162
 1412 001c 58000000 		.4byte	.LFE162-.LFB162
 1413 0020 00000000 		.4byte	0
 1414 0024 00000000 		.4byte	0
 1415              		.section	.debug_ranges,"",%progbits
 1416              	.Ldebug_ranges0:
 1417 0000 00000000 		.4byte	.LFB161
 1418 0004 10010000 		.4byte	.LFE161
 1419 0008 00000000 		.4byte	.LFB162
 1420 000c 58000000 		.4byte	.LFE162
 1421 0010 00000000 		.4byte	0
 1422 0014 00000000 		.4byte	0
 1423              		.section	.debug_line,"",%progbits
 1424              	.Ldebug_line0:
 1425 0000 A0020000 		.section	.debug_str,"MS",%progbits,1
 1425      02003402 
 1425      00000201 
 1425      FB0E0D00 
 1425      01010101 
 1426              	.LASF75:
 1427 0000 5F5F7A65 		.ascii	"__zero_table_end__\000"
 1427      726F5F74 
 1427      61626C65 
 1427      5F656E64 
 1427      5F5F00
 1428              	.LASF70:
ARM GAS  C:\Users\Ramon\AppData\Local\Temp\cc4AiK92.s 			page 29


 1429 0013 5F5F636F 		.ascii	"__copy_table_t\000"
 1429      70795F74 
 1429      61626C65 
 1429      5F7400
 1430              	.LASF58:
 1431 0022 72656C6F 		.ascii	"reloadInput\000"
 1431      6164496E 
 1431      70757400 
 1432              	.LASF47:
 1433 002e 636C6F63 		.ascii	"clockPrescaler\000"
 1433      6B507265 
 1433      7363616C 
 1433      657200
 1434              	.LASF63:
 1435 003d 636F756E 		.ascii	"countInputMode\000"
 1435      74496E70 
 1435      75744D6F 
 1435      646500
 1436              	.LASF51:
 1437 004c 636F6D70 		.ascii	"compare0\000"
 1437      61726530 
 1437      00
 1438              	.LASF52:
 1439 0055 636F6D70 		.ascii	"compare1\000"
 1439      61726531 
 1439      00
 1440              	.LASF77:
 1441 005e 64657374 		.ascii	"dest\000"
 1441      00
 1442              	.LASF2:
 1443 0063 73686F72 		.ascii	"short int\000"
 1443      7420696E 
 1443      7400
 1444              	.LASF14:
 1445 006d 73697A65 		.ascii	"sizetype\000"
 1445      74797065 
 1445      00
 1446              	.LASF20:
 1447 0076 50455249 		.ascii	"PERIOD_BUFF\000"
 1447      4F445F42 
 1447      55464600 
 1448              	.LASF30:
 1449 0082 54435057 		.ascii	"TCPWM_CNT_V1_Type\000"
 1449      4D5F434E 
 1449      545F5631 
 1449      5F547970 
 1449      6500
 1450              	.LASF32:
 1451 0094 4354524C 		.ascii	"CTRL_SET\000"
 1451      5F534554 
 1451      00
 1452              	.LASF19:
 1453 009d 50455249 		.ascii	"PERIOD\000"
 1453      4F4400
 1454              	.LASF34:
 1455 00a4 434D445F 		.ascii	"CMD_RELOAD\000"
 1455      52454C4F 
ARM GAS  C:\Users\Ramon\AppData\Local\Temp\cc4AiK92.s 			page 30


 1455      414400
 1456              	.LASF23:
 1457 00af 54525F43 		.ascii	"TR_CTRL1\000"
 1457      54524C31 
 1457      00
 1458              	.LASF74:
 1459 00b8 5F5F7A65 		.ascii	"__zero_table_start__\000"
 1459      726F5F74 
 1459      61626C65 
 1459      5F737461 
 1459      72745F5F 
 1460              	.LASF79:
 1461 00cd 474E5520 		.ascii	"GNU C11 5.4.1 20160609 (release) [ARM/embedded-5-br"
 1461      43313120 
 1461      352E342E 
 1461      31203230 
 1461      31363036 
 1462 0100 616E6368 		.ascii	"anch revision 237715] -mcpu=cortex-m4 -mfloat-abi=s"
 1462      20726576 
 1462      6973696F 
 1462      6E203233 
 1462      37373135 
 1463 0133 6F667466 		.ascii	"oftfp -mfpu=fpv4-sp-d16 -mthumb -g -Og -ffunction-s"
 1463      70202D6D 
 1463      6670753D 
 1463      66707634 
 1463      2D73702D 
 1464 0166 65637469 		.ascii	"ections -ffat-lto-objects\000"
 1464      6F6E7320 
 1464      2D666661 
 1464      742D6C74 
 1464      6F2D6F62 
 1465              	.LASF43:
 1466 0180 43595F54 		.ascii	"CY_TCPWM_SUCCESS\000"
 1466      4350574D 
 1466      5F535543 
 1466      43455353 
 1466      00
 1467              	.LASF6:
 1468 0191 5F5F7569 		.ascii	"__uint32_t\000"
 1468      6E743332 
 1468      5F7400
 1469              	.LASF80:
 1470 019c 47656E65 		.ascii	"Generated_Source\\PSoC6\\pdl\\drivers\\peripheral\\"
 1470      72617465 
 1470      645F536F 
 1470      75726365 
 1470      5C50536F 
 1471 01ca 74637077 		.ascii	"tcpwm\\cy_tcpwm_counter.c\000"
 1471      6D5C6379 
 1471      5F746370 
 1471      776D5F63 
 1471      6F756E74 
 1472              	.LASF62:
 1473 01e3 73746F70 		.ascii	"stopInput\000"
 1473      496E7075 
 1473      7400
ARM GAS  C:\Users\Ramon\AppData\Local\Temp\cc4AiK92.s 			page 31


 1474              	.LASF73:
 1475 01ed 5F5F7A65 		.ascii	"__zero_table_t\000"
 1475      726F5F74 
 1475      61626C65 
 1475      5F7400
 1476              	.LASF22:
 1477 01fc 54525F43 		.ascii	"TR_CTRL0\000"
 1477      54524C30 
 1477      00
 1478              	.LASF69:
 1479 0205 636F6E66 		.ascii	"config\000"
 1479      696700
 1480              	.LASF38:
 1481 020c 54435057 		.ascii	"TCPWM_V1_Type\000"
 1481      4D5F5631 
 1481      5F547970 
 1481      6500
 1482              	.LASF24:
 1483 021a 54525F43 		.ascii	"TR_CTRL2\000"
 1483      54524C32 
 1483      00
 1484              	.LASF56:
 1485 0223 63617074 		.ascii	"captureInput\000"
 1485      75726549 
 1485      6E707574 
 1485      00
 1486              	.LASF33:
 1487 0230 434D445F 		.ascii	"CMD_CAPTURE\000"
 1487      43415054 
 1487      55524500 
 1488              	.LASF54:
 1489 023c 696E7465 		.ascii	"interruptSources\000"
 1489      72727570 
 1489      74536F75 
 1489      72636573 
 1489      00
 1490              	.LASF36:
 1491 024d 434D445F 		.ascii	"CMD_START\000"
 1491      53544152 
 1491      5400
 1492              	.LASF72:
 1493 0257 5F5F636F 		.ascii	"__copy_table_end__\000"
 1493      70795F74 
 1493      61626C65 
 1493      5F656E64 
 1493      5F5F00
 1494              	.LASF41:
 1495 026a 666C6F61 		.ascii	"float\000"
 1495      7400
 1496              	.LASF10:
 1497 0270 756E7369 		.ascii	"unsigned int\000"
 1497      676E6564 
 1497      20696E74 
 1497      00
 1498              	.LASF57:
 1499 027d 72656C6F 		.ascii	"reloadInputMode\000"
 1499      6164496E 
ARM GAS  C:\Users\Ramon\AppData\Local\Temp\cc4AiK92.s 			page 32


 1499      7075744D 
 1499      6F646500 
 1500              	.LASF8:
 1501 028d 6C6F6E67 		.ascii	"long long int\000"
 1501      206C6F6E 
 1501      6720696E 
 1501      7400
 1502              	.LASF48:
 1503 029b 72756E4D 		.ascii	"runMode\000"
 1503      6F646500 
 1504              	.LASF83:
 1505 02a3 43795F54 		.ascii	"Cy_TCPWM_Counter_Init\000"
 1505      4350574D 
 1505      5F436F75 
 1505      6E746572 
 1505      5F496E69 
 1506              	.LASF4:
 1507 02b9 6C6F6E67 		.ascii	"long int\000"
 1507      20696E74 
 1507      00
 1508              	.LASF46:
 1509 02c2 70657269 		.ascii	"period\000"
 1509      6F6400
 1510              	.LASF11:
 1511 02c9 696E7433 		.ascii	"int32_t\000"
 1511      325F7400 
 1512              	.LASF68:
 1513 02d1 636E744E 		.ascii	"cntNum\000"
 1513      756D00
 1514              	.LASF29:
 1515 02d8 494E5452 		.ascii	"INTR_MASKED\000"
 1515      5F4D4153 
 1515      4B454400 
 1516              	.LASF18:
 1517 02e4 43435F42 		.ascii	"CC_BUFF\000"
 1517      55464600 
 1518              	.LASF13:
 1519 02ec 6C6F6E67 		.ascii	"long double\000"
 1519      20646F75 
 1519      626C6500 
 1520              	.LASF59:
 1521 02f8 73746172 		.ascii	"startInputMode\000"
 1521      74496E70 
 1521      75744D6F 
 1521      646500
 1522              	.LASF1:
 1523 0307 756E7369 		.ascii	"unsigned char\000"
 1523      676E6564 
 1523      20636861 
 1523      7200
 1524              	.LASF49:
 1525 0315 636F756E 		.ascii	"countDirection\000"
 1525      74446972 
 1525      65637469 
 1525      6F6E00
 1526              	.LASF15:
 1527 0324 4354524C 		.ascii	"CTRL\000"
ARM GAS  C:\Users\Ramon\AppData\Local\Temp\cc4AiK92.s 			page 33


 1527      00
 1528              	.LASF37:
 1529 0329 494E5452 		.ascii	"INTR_CAUSE\000"
 1529      5F434155 
 1529      534500
 1530              	.LASF0:
 1531 0334 7369676E 		.ascii	"signed char\000"
 1531      65642063 
 1531      68617200 
 1532              	.LASF27:
 1533 0340 494E5452 		.ascii	"INTR_SET\000"
 1533      5F534554 
 1533      00
 1534              	.LASF9:
 1535 0349 6C6F6E67 		.ascii	"long long unsigned int\000"
 1535      206C6F6E 
 1535      6720756E 
 1535      7369676E 
 1535      65642069 
 1536              	.LASF12:
 1537 0360 75696E74 		.ascii	"uint32_t\000"
 1537      33325F74 
 1537      00
 1538              	.LASF50:
 1539 0369 636F6D70 		.ascii	"compareOrCapture\000"
 1539      6172654F 
 1539      72436170 
 1539      74757265 
 1539      00
 1540              	.LASF53:
 1541 037a 656E6162 		.ascii	"enableCompareSwap\000"
 1541      6C65436F 
 1541      6D706172 
 1541      65537761 
 1541      7000
 1542              	.LASF35:
 1543 038c 434D445F 		.ascii	"CMD_STOP\000"
 1543      53544F50 
 1543      00
 1544              	.LASF66:
 1545 0395 63795F73 		.ascii	"cy_stc_tcpwm_counter_config_t\000"
 1545      74635F74 
 1545      6370776D 
 1545      5F636F75 
 1545      6E746572 
 1546              	.LASF28:
 1547 03b3 494E5452 		.ascii	"INTR_MASK\000"
 1547      5F4D4153 
 1547      4B00
 1548              	.LASF3:
 1549 03bd 73686F72 		.ascii	"short unsigned int\000"
 1549      7420756E 
 1549      7369676E 
 1549      65642069 
 1549      6E7400
 1550              	.LASF71:
 1551 03d0 5F5F636F 		.ascii	"__copy_table_start__\000"
ARM GAS  C:\Users\Ramon\AppData\Local\Temp\cc4AiK92.s 			page 34


 1551      70795F74 
 1551      61626C65 
 1551      5F737461 
 1551      72745F5F 
 1552              	.LASF84:
 1553 03e5 73746174 		.ascii	"status\000"
 1553      757300
 1554              	.LASF40:
 1555 03ec 63686172 		.ascii	"char\000"
 1555      00
 1556              	.LASF16:
 1557 03f1 53544154 		.ascii	"STATUS\000"
 1557      555300
 1558              	.LASF44:
 1559 03f8 43595F54 		.ascii	"CY_TCPWM_BAD_PARAM\000"
 1559      4350574D 
 1559      5F424144 
 1559      5F504152 
 1559      414D00
 1560              	.LASF65:
 1561 040b 5F426F6F 		.ascii	"_Bool\000"
 1561      6C00
 1562              	.LASF26:
 1563 0411 494E5452 		.ascii	"INTR\000"
 1563      00
 1564              	.LASF55:
 1565 0416 63617074 		.ascii	"captureInputMode\000"
 1565      75726549 
 1565      6E707574 
 1565      4D6F6465 
 1565      00
 1566              	.LASF81:
 1567 0427 433A5C55 		.ascii	"C:\\Users\\Ramon\\Desktop\\Artigo\\PSoC\\Testbench\\"
 1567      73657273 
 1567      5C52616D 
 1567      6F6E5C44 
 1567      65736B74 
 1568 0454 54657374 		.ascii	"Testbench\\Lock_in.cydsn\000"
 1568      62656E63 
 1568      685C4C6F 
 1568      636B5F69 
 1568      6E2E6379 
 1569              	.LASF25:
 1570 046c 52455345 		.ascii	"RESERVED1\000"
 1570      52564544 
 1570      3100
 1571              	.LASF7:
 1572 0476 6C6F6E67 		.ascii	"long unsigned int\000"
 1572      20756E73 
 1572      69676E65 
 1572      6420696E 
 1572      7400
 1573              	.LASF42:
 1574 0488 646F7562 		.ascii	"double\000"
 1574      6C6500
 1575              	.LASF82:
 1576 048f 63795F73 		.ascii	"cy_stc_tcpwm_counter_config\000"
ARM GAS  C:\Users\Ramon\AppData\Local\Temp\cc4AiK92.s 			page 35


 1576      74635F74 
 1576      6370776D 
 1576      5F636F75 
 1576      6E746572 
 1577              	.LASF60:
 1578 04ab 73746172 		.ascii	"startInput\000"
 1578      74496E70 
 1578      757400
 1579              	.LASF5:
 1580 04b6 5F5F696E 		.ascii	"__int32_t\000"
 1580      7433325F 
 1580      7400
 1581              	.LASF61:
 1582 04c0 73746F70 		.ascii	"stopInputMode\000"
 1582      496E7075 
 1582      744D6F64 
 1582      6500
 1583              	.LASF31:
 1584 04ce 4354524C 		.ascii	"CTRL_CLR\000"
 1584      5F434C52 
 1584      00
 1585              	.LASF85:
 1586 04d7 43795F54 		.ascii	"Cy_TCPWM_Counter_DeInit\000"
 1586      4350574D 
 1586      5F436F75 
 1586      6E746572 
 1586      5F446549 
 1587              	.LASF17:
 1588 04ef 434F554E 		.ascii	"COUNTER\000"
 1588      54455200 
 1589              	.LASF21:
 1590 04f7 52455345 		.ascii	"RESERVED\000"
 1590      52564544 
 1590      00
 1591              	.LASF45:
 1592 0500 63795F65 		.ascii	"cy_en_tcpwm_status_t\000"
 1592      6E5F7463 
 1592      70776D5F 
 1592      73746174 
 1592      75735F74 
 1593              	.LASF78:
 1594 0515 776C656E 		.ascii	"wlen\000"
 1594      00
 1595              	.LASF64:
 1596 051a 636F756E 		.ascii	"countInput\000"
 1596      74496E70 
 1596      757400
 1597              	.LASF76:
 1598 0525 49544D5F 		.ascii	"ITM_RxBuffer\000"
 1598      52784275 
 1598      66666572 
 1598      00
 1599              	.LASF39:
 1600 0532 54435057 		.ascii	"TCPWM_Type\000"
 1600      4D5F5479 
 1600      706500
 1601              	.LASF67:
ARM GAS  C:\Users\Ramon\AppData\Local\Temp\cc4AiK92.s 			page 36


 1602 053d 62617365 		.ascii	"base\000"
 1602      00
 1603              		.ident	"GCC: (GNU Tools for ARM Embedded Processors) 5.4.1 20160609 (release) [ARM/embedded-5-bran
